CRITICAL - 2022-11-21 08:01:52 --> Undefined property: stdClass::$id_gender
in APPPATH\Views\admin\tambah_santri.php on line 52.
 1 APPPATH\Views\admin\tambah_santri.php(52): CodeIgniter\Debug\Exceptions->errorHandler(8, 'Undefined property: stdClass::$id_gender', 'APPPATH\\Views\\admin\\tambah_santri.php', 52, [...])
 2 SYSTEMPATH\View\View.php(213): include('APPPATH\\Views\\admin\\tambah_santri.php')
 3 SYSTEMPATH\View\View.php(216): CodeIgniter\View\View->CodeIgniter\View\{closure}()
 4 SYSTEMPATH\Common.php(1142): CodeIgniter\View\View->render('admin/tambah_santri', [], true)
 5 APPPATH\Controllers\Admin.php(63): view('admin/tambah_santri', [...])
 6 SYSTEMPATH\CodeIgniter.php(902): App\Controllers\Admin->tambah_santri()
 7 SYSTEMPATH\CodeIgniter.php(457): CodeIgniter\CodeIgniter->runController(Object(App\Controllers\Admin))
 8 SYSTEMPATH\CodeIgniter.php(340): CodeIgniter\CodeIgniter->handleRequest(null, Object(Config\Cache), false)
 9 FCPATH\index.php(67): CodeIgniter\CodeIgniter->run()
10 SYSTEMPATH\Commands\Server\rewrite.php(46): require_once('FCPATH\\index.php')
ERROR - 2022-11-21 08:02:52 --> mysqli_sql_exception: Unknown column 'gender.id_gender' in 'field list' in C:\xampp\htdocs\tugas_akhir\vendor\codeigniter4\framework\system\Database\MySQLi\Connection.php:292
Stack trace:
#0 C:\xampp\htdocs\tugas_akhir\vendor\codeigniter4\framework\system\Database\MySQLi\Connection.php(292): mysqli->query('SELECT `gender`...', 0)
#1 C:\xampp\htdocs\tugas_akhir\vendor\codeigniter4\framework\system\Database\BaseConnection.php(693): CodeIgniter\Database\MySQLi\Connection->execute('SELECT `gender`...')
#2 C:\xampp\htdocs\tugas_akhir\vendor\codeigniter4\framework\system\Database\BaseConnection.php(620): CodeIgniter\Database\BaseConnection->simpleQuery('SELECT `gender`...')
#3 C:\xampp\htdocs\tugas_akhir\vendor\codeigniter4\framework\system\Database\BaseBuilder.php(1585): CodeIgniter\Database\BaseConnection->query('SELECT `gender`...', Array, false)
#4 C:\xampp\htdocs\tugas_akhir\app\Controllers\Admin.php(61): CodeIgniter\Database\BaseBuilder->get()
#5 C:\xampp\htdocs\tugas_akhir\vendor\codeigniter4\framework\system\CodeIgniter.php(902): App\Controllers\Admin->tambah_santri()
#6 C:\xampp\htdocs\tugas_akhir\vendor\codeigniter4\framework\system\CodeIgniter.php(457): CodeIgniter\CodeIgniter->runController(Object(App\Controllers\Admin))
#7 C:\xampp\htdocs\tugas_akhir\vendor\codeigniter4\framework\system\CodeIgniter.php(340): CodeIgniter\CodeIgniter->handleRequest(NULL, Object(Config\Cache), false)
#8 C:\xampp\htdocs\tugas_akhir\public\index.php(67): CodeIgniter\CodeIgniter->run()
#9 C:\xampp\htdocs\tugas_akhir\vendor\codeigniter4\framework\system\Commands\Server\rewrite.php(46): require_once('C:\\xampp\\htdocs...')
#10 {main}
CRITICAL - 2022-11-21 08:02:52 --> Unknown column 'gender.id_gender' in 'field list'
in SYSTEMPATH\Database\MySQLi\Connection.php on line 292.
 1 SYSTEMPATH\Database\MySQLi\Connection.php(292): mysqli->query('SELECT `gender`.`id_gender` as `genderId`, `sex`
FROM `users`', 0)
 2 SYSTEMPATH\Database\BaseConnection.php(693): CodeIgniter\Database\MySQLi\Connection->execute('SELECT `gender`.`id_gender` as `genderId`, `sex`
FROM `users`')
 3 SYSTEMPATH\Database\BaseConnection.php(620): CodeIgniter\Database\BaseConnection->simpleQuery('SELECT `gender`.`id_gender` as `genderId`, `sex`
FROM `users`')
 4 SYSTEMPATH\Database\BaseBuilder.php(1585): CodeIgniter\Database\BaseConnection->query('SELECT `gender`.`id_gender` as `genderId`, `sex`
FROM `users`', [], false)
 5 APPPATH\Controllers\Admin.php(61): CodeIgniter\Database\BaseBuilder->get()
 6 SYSTEMPATH\CodeIgniter.php(902): App\Controllers\Admin->tambah_santri()
 7 SYSTEMPATH\CodeIgniter.php(457): CodeIgniter\CodeIgniter->runController(Object(App\Controllers\Admin))
 8 SYSTEMPATH\CodeIgniter.php(340): CodeIgniter\CodeIgniter->handleRequest(null, Object(Config\Cache), false)
 9 FCPATH\index.php(67): CodeIgniter\CodeIgniter->run()
10 SYSTEMPATH\Commands\Server\rewrite.php(46): require_once('FCPATH\\index.php')
CRITICAL - 2022-11-21 08:03:52 --> Undefined property: stdClass::$id_gender
in APPPATH\Views\admin\tambah_santri.php on line 52.
 1 APPPATH\Views\admin\tambah_santri.php(52): CodeIgniter\Debug\Exceptions->errorHandler(8, 'Undefined property: stdClass::$id_gender', 'APPPATH\\Views\\admin\\tambah_santri.php', 52, [...])
 2 SYSTEMPATH\View\View.php(213): include('APPPATH\\Views\\admin\\tambah_santri.php')
 3 SYSTEMPATH\View\View.php(216): CodeIgniter\View\View->CodeIgniter\View\{closure}()
 4 SYSTEMPATH\Common.php(1142): CodeIgniter\View\View->render('admin/tambah_santri', [], true)
 5 APPPATH\Controllers\Admin.php(65): view('admin/tambah_santri', [...])
 6 SYSTEMPATH\CodeIgniter.php(902): App\Controllers\Admin->tambah_santri()
 7 SYSTEMPATH\CodeIgniter.php(457): CodeIgniter\CodeIgniter->runController(Object(App\Controllers\Admin))
 8 SYSTEMPATH\CodeIgniter.php(340): CodeIgniter\CodeIgniter->handleRequest(null, Object(Config\Cache), false)
 9 FCPATH\index.php(67): CodeIgniter\CodeIgniter->run()
10 SYSTEMPATH\Commands\Server\rewrite.php(46): require_once('FCPATH\\index.php')
CRITICAL - 2022-11-21 08:06:20 --> Undefined variable: users
in APPPATH\Views\admin\tambah_santri.php on line 74.
 1 APPPATH\Views\admin\tambah_santri.php(74): CodeIgniter\Debug\Exceptions->errorHandler(8, 'Undefined variable: users', 'APPPATH\\Views\\admin\\tambah_santri.php', 74, [...])
 2 SYSTEMPATH\View\View.php(213): include('APPPATH\\Views\\admin\\tambah_santri.php')
 3 SYSTEMPATH\View\View.php(216): CodeIgniter\View\View->CodeIgniter\View\{closure}()
 4 SYSTEMPATH\Common.php(1142): CodeIgniter\View\View->render('admin/tambah_santri', [], true)
 5 APPPATH\Controllers\Admin.php(65): view('admin/tambah_santri', [...])
 6 SYSTEMPATH\CodeIgniter.php(902): App\Controllers\Admin->tambah_santri()
 7 SYSTEMPATH\CodeIgniter.php(457): CodeIgniter\CodeIgniter->runController(Object(App\Controllers\Admin))
 8 SYSTEMPATH\CodeIgniter.php(340): CodeIgniter\CodeIgniter->handleRequest(null, Object(Config\Cache), false)
 9 FCPATH\index.php(67): CodeIgniter\CodeIgniter->run()
10 SYSTEMPATH\Commands\Server\rewrite.php(46): require_once('FCPATH\\index.php')
CRITICAL - 2022-11-21 08:07:09 --> Undefined variable: gender
in APPPATH\Views\admin\tambah_santri.php on line 51.
 1 APPPATH\Views\admin\tambah_santri.php(51): CodeIgniter\Debug\Exceptions->errorHandler(8, 'Undefined variable: gender', 'APPPATH\\Views\\admin\\tambah_santri.php', 51, [...])
 2 SYSTEMPATH\View\View.php(213): include('APPPATH\\Views\\admin\\tambah_santri.php')
 3 SYSTEMPATH\View\View.php(216): CodeIgniter\View\View->CodeIgniter\View\{closure}()
 4 SYSTEMPATH\Common.php(1142): CodeIgniter\View\View->render('admin/tambah_santri', [], true)
 5 APPPATH\Controllers\Admin.php(66): view('admin/tambah_santri', [...])
 6 SYSTEMPATH\CodeIgniter.php(902): App\Controllers\Admin->tambah_santri()
 7 SYSTEMPATH\CodeIgniter.php(457): CodeIgniter\CodeIgniter->runController(Object(App\Controllers\Admin))
 8 SYSTEMPATH\CodeIgniter.php(340): CodeIgniter\CodeIgniter->handleRequest(null, Object(Config\Cache), false)
 9 FCPATH\index.php(67): CodeIgniter\CodeIgniter->run()
10 SYSTEMPATH\Commands\Server\rewrite.php(46): require_once('FCPATH\\index.php')
CRITICAL - 2022-11-21 08:07:25 --> Undefined variable: users
in APPPATH\Views\admin\tambah_santri.php on line 74.
 1 APPPATH\Views\admin\tambah_santri.php(74): CodeIgniter\Debug\Exceptions->errorHandler(8, 'Undefined variable: users', 'APPPATH\\Views\\admin\\tambah_santri.php', 74, [...])
 2 SYSTEMPATH\View\View.php(213): include('APPPATH\\Views\\admin\\tambah_santri.php')
 3 SYSTEMPATH\View\View.php(216): CodeIgniter\View\View->CodeIgniter\View\{closure}()
 4 SYSTEMPATH\Common.php(1142): CodeIgniter\View\View->render('admin/tambah_santri', [], true)
 5 APPPATH\Controllers\Admin.php(65): view('admin/tambah_santri', [...])
 6 SYSTEMPATH\CodeIgniter.php(902): App\Controllers\Admin->tambah_santri()
 7 SYSTEMPATH\CodeIgniter.php(457): CodeIgniter\CodeIgniter->runController(Object(App\Controllers\Admin))
 8 SYSTEMPATH\CodeIgniter.php(340): CodeIgniter\CodeIgniter->handleRequest(null, Object(Config\Cache), false)
 9 FCPATH\index.php(67): CodeIgniter\CodeIgniter->run()
10 SYSTEMPATH\Commands\Server\rewrite.php(46): require_once('FCPATH\\index.php')
CRITICAL - 2022-11-21 08:07:43 --> Undefined variable: users
in APPPATH\Views\admin\tambah_santri.php on line 74.
 1 APPPATH\Views\admin\tambah_santri.php(74): CodeIgniter\Debug\Exceptions->errorHandler(8, 'Undefined variable: users', 'APPPATH\\Views\\admin\\tambah_santri.php', 74, [...])
 2 SYSTEMPATH\View\View.php(213): include('APPPATH\\Views\\admin\\tambah_santri.php')
 3 SYSTEMPATH\View\View.php(216): CodeIgniter\View\View->CodeIgniter\View\{closure}()
 4 SYSTEMPATH\Common.php(1142): CodeIgniter\View\View->render('admin/tambah_santri', [], true)
 5 APPPATH\Controllers\Admin.php(65): view('admin/tambah_santri', [...])
 6 SYSTEMPATH\CodeIgniter.php(902): App\Controllers\Admin->tambah_santri()
 7 SYSTEMPATH\CodeIgniter.php(457): CodeIgniter\CodeIgniter->runController(Object(App\Controllers\Admin))
 8 SYSTEMPATH\CodeIgniter.php(340): CodeIgniter\CodeIgniter->handleRequest(null, Object(Config\Cache), false)
 9 FCPATH\index.php(67): CodeIgniter\CodeIgniter->run()
10 SYSTEMPATH\Commands\Server\rewrite.php(46): require_once('FCPATH\\index.php')
CRITICAL - 2022-11-21 09:45:52 --> Undefined variable: genderID
in APPPATH\Views\admin\tambah_santri.php on line 94.
 1 APPPATH\Views\admin\tambah_santri.php(94): CodeIgniter\Debug\Exceptions->errorHandler(8, 'Undefined variable: genderID', 'APPPATH\\Views\\admin\\tambah_santri.php', 94, [...])
 2 SYSTEMPATH\View\View.php(213): include('APPPATH\\Views\\admin\\tambah_santri.php')
 3 SYSTEMPATH\View\View.php(216): CodeIgniter\View\View->CodeIgniter\View\{closure}()
 4 SYSTEMPATH\Common.php(1142): CodeIgniter\View\View->render('admin/tambah_santri', [], true)
 5 APPPATH\Controllers\Admin.php(65): view('admin/tambah_santri', [...])
 6 SYSTEMPATH\CodeIgniter.php(902): App\Controllers\Admin->tambah_santri()
 7 SYSTEMPATH\CodeIgniter.php(457): CodeIgniter\CodeIgniter->runController(Object(App\Controllers\Admin))
 8 SYSTEMPATH\CodeIgniter.php(340): CodeIgniter\CodeIgniter->handleRequest(null, Object(Config\Cache), false)
 9 FCPATH\index.php(67): CodeIgniter\CodeIgniter->run()
10 SYSTEMPATH\Commands\Server\rewrite.php(46): require_once('FCPATH\\index.php')
CRITICAL - 2022-11-21 10:02:35 --> Undefined variable: genderID
in APPPATH\Views\admin\tambah_santri.php on line 95.
 1 APPPATH\Views\admin\tambah_santri.php(95): CodeIgniter\Debug\Exceptions->errorHandler(8, 'Undefined variable: genderID', 'APPPATH\\Views\\admin\\tambah_santri.php', 95, [...])
 2 SYSTEMPATH\View\View.php(213): include('APPPATH\\Views\\admin\\tambah_santri.php')
 3 SYSTEMPATH\View\View.php(216): CodeIgniter\View\View->CodeIgniter\View\{closure}()
 4 SYSTEMPATH\Common.php(1142): CodeIgniter\View\View->render('admin/tambah_santri', [], true)
 5 APPPATH\Controllers\Admin.php(65): view('admin/tambah_santri', [...])
 6 SYSTEMPATH\CodeIgniter.php(902): App\Controllers\Admin->tambah_santri()
 7 SYSTEMPATH\CodeIgniter.php(457): CodeIgniter\CodeIgniter->runController(Object(App\Controllers\Admin))
 8 SYSTEMPATH\CodeIgniter.php(340): CodeIgniter\CodeIgniter->handleRequest(null, Object(Config\Cache), false)
 9 FCPATH\index.php(67): CodeIgniter\CodeIgniter->run()
10 SYSTEMPATH\Commands\Server\rewrite.php(46): require_once('FCPATH\\index.php')
CRITICAL - 2022-11-21 10:57:14 --> Undefined variable: id_gender
in APPPATH\Views\admin\tambah_santri.php on line 53.
 1 APPPATH\Views\admin\tambah_santri.php(53): CodeIgniter\Debug\Exceptions->errorHandler(8, 'Undefined variable: id_gender', 'APPPATH\\Views\\admin\\tambah_santri.php', 53, [...])
 2 SYSTEMPATH\View\View.php(213): include('APPPATH\\Views\\admin\\tambah_santri.php')
 3 SYSTEMPATH\View\View.php(216): CodeIgniter\View\View->CodeIgniter\View\{closure}()
 4 SYSTEMPATH\Common.php(1142): CodeIgniter\View\View->render('admin/tambah_santri', [], true)
 5 APPPATH\Controllers\Admin.php(65): view('admin/tambah_santri', [...])
 6 SYSTEMPATH\CodeIgniter.php(902): App\Controllers\Admin->tambah_santri()
 7 SYSTEMPATH\CodeIgniter.php(457): CodeIgniter\CodeIgniter->runController(Object(App\Controllers\Admin))
 8 SYSTEMPATH\CodeIgniter.php(340): CodeIgniter\CodeIgniter->handleRequest(null, Object(Config\Cache), false)
 9 FCPATH\index.php(67): CodeIgniter\CodeIgniter->run()
10 SYSTEMPATH\Commands\Server\rewrite.php(46): require_once('FCPATH\\index.php')
