ERROR - 2022-11-30 00:03:09 --> mysqli_sql_exception: Duplicate entry 'sdas@mine' for key 'email' in C:\xampp\htdocs\tugas_akhir\vendor\codeigniter4\framework\system\Database\MySQLi\Connection.php:292
Stack trace:
#0 C:\xampp\htdocs\tugas_akhir\vendor\codeigniter4\framework\system\Database\MySQLi\Connection.php(292): mysqli->query('INSERT INTO `us...', 0)
#1 C:\xampp\htdocs\tugas_akhir\vendor\codeigniter4\framework\system\Database\BaseConnection.php(693): CodeIgniter\Database\MySQLi\Connection->execute('INSERT INTO `us...')
#2 C:\xampp\htdocs\tugas_akhir\vendor\codeigniter4\framework\system\Database\BaseConnection.php(620): CodeIgniter\Database\BaseConnection->simpleQuery('INSERT INTO `us...')
#3 C:\xampp\htdocs\tugas_akhir\vendor\codeigniter4\framework\system\Database\BaseBuilder.php(1916): CodeIgniter\Database\BaseConnection->query('INSERT INTO `us...', Array, false)
#4 C:\xampp\htdocs\tugas_akhir\app\Models\Model_Admin.php(14): CodeIgniter\Database\BaseBuilder->insert(Array)
#5 C:\xampp\htdocs\tugas_akhir\app\Controllers\Admin.php(83): App\Models\Model_Admin->Tambah(Array)
#6 C:\xampp\htdocs\tugas_akhir\vendor\codeigniter4\framework\system\CodeIgniter.php(902): App\Controllers\Admin->save()
#7 C:\xampp\htdocs\tugas_akhir\vendor\codeigniter4\framework\system\CodeIgniter.php(457): CodeIgniter\CodeIgniter->runController(Object(App\Controllers\Admin))
#8 C:\xampp\htdocs\tugas_akhir\vendor\codeigniter4\framework\system\CodeIgniter.php(340): CodeIgniter\CodeIgniter->handleRequest(NULL, Object(Config\Cache), false)
#9 C:\xampp\htdocs\tugas_akhir\public\index.php(67): CodeIgniter\CodeIgniter->run()
#10 C:\xampp\htdocs\tugas_akhir\vendor\codeigniter4\framework\system\Commands\Server\rewrite.php(46): require_once('C:\\xampp\\htdocs...')
#11 {main}
CRITICAL - 2022-11-30 00:03:09 --> Duplicate entry 'sdas@mine' for key 'email'
in SYSTEMPATH\Database\MySQLi\Connection.php on line 292.
 1 SYSTEMPATH\Database\MySQLi\Connection.php(292): mysqli->query('INSERT INTO `users` (`fullname`, `no_telp`, `email`, `jk`, `kamar`, `thn_masuk`, `wali`, `no_wali`, `password_hash`, `created_at`) VALUES (\'Ahmad Muhlish Tri Cahyo\', \'082331203169\', \'sdas@mine\', \'1\', \'17\', \'2020\', \'qwerty\', \'082331203169\', \'$2y$10$VmiCFM8elgi8abYLiWs6Veq.JEegD6E9.dwlvTCdh70fOXBaItIt6\', \'datetime\')', 0)
 2 SYSTEMPATH\Database\BaseConnection.php(693): CodeIgniter\Database\MySQLi\Connection->execute('INSERT INTO `users` (`fullname`, `no_telp`, `email`, `jk`, `kamar`, `thn_masuk`, `wali`, `no_wali`, `password_hash`, `created_at`) VALUES (\'Ahmad Muhlish Tri Cahyo\', \'082331203169\', \'sdas@mine\', \'1\', \'17\', \'2020\', \'qwerty\', \'082331203169\', \'$2y$10$VmiCFM8elgi8abYLiWs6Veq.JEegD6E9.dwlvTCdh70fOXBaItIt6\', \'datetime\')')
 3 SYSTEMPATH\Database\BaseConnection.php(620): CodeIgniter\Database\BaseConnection->simpleQuery('INSERT INTO `users` (`fullname`, `no_telp`, `email`, `jk`, `kamar`, `thn_masuk`, `wali`, `no_wali`, `password_hash`, `created_at`) VALUES (\'Ahmad Muhlish Tri Cahyo\', \'082331203169\', \'sdas@mine\', \'1\', \'17\', \'2020\', \'qwerty\', \'082331203169\', \'$2y$10$VmiCFM8elgi8abYLiWs6Veq.JEegD6E9.dwlvTCdh70fOXBaItIt6\', \'datetime\')')
 4 SYSTEMPATH\Database\BaseBuilder.php(1916): CodeIgniter\Database\BaseConnection->query('INSERT INTO `users` (`fullname`, `no_telp`, `email`, `jk`, `kamar`, `thn_masuk`, `wali`, `no_wali`, `password_hash`, `created_at`) VALUES (:fullname:, :no_telp:, :email:, :jk:, :kamar:, :thn_masuk:, :wali:, :no_wali:, :password_hash:, :created_at:)', [...], false)
 5 APPPATH\Models\Model_Admin.php(14): CodeIgniter\Database\BaseBuilder->insert([...])
 6 APPPATH\Controllers\Admin.php(83): App\Models\Model_Admin->Tambah([...])
 7 SYSTEMPATH\CodeIgniter.php(902): App\Controllers\Admin->save()
 8 SYSTEMPATH\CodeIgniter.php(457): CodeIgniter\CodeIgniter->runController(Object(App\Controllers\Admin))
 9 SYSTEMPATH\CodeIgniter.php(340): CodeIgniter\CodeIgniter->handleRequest(null, Object(Config\Cache), false)
10 FCPATH\index.php(67): CodeIgniter\CodeIgniter->run()
11 SYSTEMPATH\Commands\Server\rewrite.php(46): require_once('FCPATH\\index.php')
CRITICAL - 2022-11-30 01:00:02 --> You must set the database table to be used with your query.
in SYSTEMPATH\Database\BaseConnection.php on line 872.
 1 SYSTEMPATH\Model.php(587): CodeIgniter\Database\BaseConnection->table(null)
 2 SYSTEMPATH\Model.php(735): CodeIgniter\Model->builder()
 3 APPPATH\Models\Model_Admin.php(15): CodeIgniter\Model->__get('session')
 4 APPPATH\Controllers\Admin.php(83): App\Models\Model_Admin->Tambah([...])
 5 SYSTEMPATH\CodeIgniter.php(902): App\Controllers\Admin->save()
 6 SYSTEMPATH\CodeIgniter.php(457): CodeIgniter\CodeIgniter->runController(Object(App\Controllers\Admin))
 7 SYSTEMPATH\CodeIgniter.php(340): CodeIgniter\CodeIgniter->handleRequest(null, Object(Config\Cache), false)
 8 FCPATH\index.php(67): CodeIgniter\CodeIgniter->run()
 9 SYSTEMPATH\Commands\Server\rewrite.php(46): require_once('FCPATH\\index.php')
ERROR - 2022-11-30 01:01:02 --> mysqli_sql_exception: Duplicate entry 'dasda@mine' for key 'email' in C:\xampp\htdocs\tugas_akhir\vendor\codeigniter4\framework\system\Database\MySQLi\Connection.php:292
Stack trace:
#0 C:\xampp\htdocs\tugas_akhir\vendor\codeigniter4\framework\system\Database\MySQLi\Connection.php(292): mysqli->query('INSERT INTO `us...', 0)
#1 C:\xampp\htdocs\tugas_akhir\vendor\codeigniter4\framework\system\Database\BaseConnection.php(693): CodeIgniter\Database\MySQLi\Connection->execute('INSERT INTO `us...')
#2 C:\xampp\htdocs\tugas_akhir\vendor\codeigniter4\framework\system\Database\BaseConnection.php(620): CodeIgniter\Database\BaseConnection->simpleQuery('INSERT INTO `us...')
#3 C:\xampp\htdocs\tugas_akhir\vendor\codeigniter4\framework\system\Database\BaseBuilder.php(1916): CodeIgniter\Database\BaseConnection->query('INSERT INTO `us...', Array, false)
#4 C:\xampp\htdocs\tugas_akhir\app\Models\Model_Admin.php(14): CodeIgniter\Database\BaseBuilder->insert(Array)
#5 C:\xampp\htdocs\tugas_akhir\app\Controllers\Admin.php(83): App\Models\Model_Admin->Tambah(Array)
#6 C:\xampp\htdocs\tugas_akhir\vendor\codeigniter4\framework\system\CodeIgniter.php(902): App\Controllers\Admin->save()
#7 C:\xampp\htdocs\tugas_akhir\vendor\codeigniter4\framework\system\CodeIgniter.php(457): CodeIgniter\CodeIgniter->runController(Object(App\Controllers\Admin))
#8 C:\xampp\htdocs\tugas_akhir\vendor\codeigniter4\framework\system\CodeIgniter.php(340): CodeIgniter\CodeIgniter->handleRequest(NULL, Object(Config\Cache), false)
#9 C:\xampp\htdocs\tugas_akhir\public\index.php(67): CodeIgniter\CodeIgniter->run()
#10 C:\xampp\htdocs\tugas_akhir\vendor\codeigniter4\framework\system\Commands\Server\rewrite.php(46): require_once('C:\\xampp\\htdocs...')
#11 {main}
CRITICAL - 2022-11-30 01:01:02 --> Duplicate entry 'dasda@mine' for key 'email'
in SYSTEMPATH\Database\MySQLi\Connection.php on line 292.
 1 SYSTEMPATH\Database\MySQLi\Connection.php(292): mysqli->query('INSERT INTO `users` (`username`, `fullname`, `no_telp`, `email`, `jk`, `kamar`, `thn_masuk`, `wali`, `no_wali`, `password_hash`, `created_at`) VALUES (\'asda\', \'asdasd\', \'082331203169\', \'dasda@mine\', \'1\', \'17\', \'2019\', \'qwerty\', \'082331203169\', \'$2y$10$VmiCFM8elgi8abYLiWs6Veq.JEegD6E9.dwlvTCdh70fOXBaItIt6\', \'datetime\')', 0)
 2 SYSTEMPATH\Database\BaseConnection.php(693): CodeIgniter\Database\MySQLi\Connection->execute('INSERT INTO `users` (`username`, `fullname`, `no_telp`, `email`, `jk`, `kamar`, `thn_masuk`, `wali`, `no_wali`, `password_hash`, `created_at`) VALUES (\'asda\', \'asdasd\', \'082331203169\', \'dasda@mine\', \'1\', \'17\', \'2019\', \'qwerty\', \'082331203169\', \'$2y$10$VmiCFM8elgi8abYLiWs6Veq.JEegD6E9.dwlvTCdh70fOXBaItIt6\', \'datetime\')')
 3 SYSTEMPATH\Database\BaseConnection.php(620): CodeIgniter\Database\BaseConnection->simpleQuery('INSERT INTO `users` (`username`, `fullname`, `no_telp`, `email`, `jk`, `kamar`, `thn_masuk`, `wali`, `no_wali`, `password_hash`, `created_at`) VALUES (\'asda\', \'asdasd\', \'082331203169\', \'dasda@mine\', \'1\', \'17\', \'2019\', \'qwerty\', \'082331203169\', \'$2y$10$VmiCFM8elgi8abYLiWs6Veq.JEegD6E9.dwlvTCdh70fOXBaItIt6\', \'datetime\')')
 4 SYSTEMPATH\Database\BaseBuilder.php(1916): CodeIgniter\Database\BaseConnection->query('INSERT INTO `users` (`username`, `fullname`, `no_telp`, `email`, `jk`, `kamar`, `thn_masuk`, `wali`, `no_wali`, `password_hash`, `created_at`) VALUES (:username:, :fullname:, :no_telp:, :email:, :jk:, :kamar:, :thn_masuk:, :wali:, :no_wali:, :password_hash:, :created_at:)', [...], false)
 5 APPPATH\Models\Model_Admin.php(14): CodeIgniter\Database\BaseBuilder->insert([...])
 6 APPPATH\Controllers\Admin.php(83): App\Models\Model_Admin->Tambah([...])
 7 SYSTEMPATH\CodeIgniter.php(902): App\Controllers\Admin->save()
 8 SYSTEMPATH\CodeIgniter.php(457): CodeIgniter\CodeIgniter->runController(Object(App\Controllers\Admin))
 9 SYSTEMPATH\CodeIgniter.php(340): CodeIgniter\CodeIgniter->handleRequest(null, Object(Config\Cache), false)
10 FCPATH\index.php(67): CodeIgniter\CodeIgniter->run()
11 SYSTEMPATH\Commands\Server\rewrite.php(46): require_once('FCPATH\\index.php')
CRITICAL - 2022-11-30 01:01:15 --> Undefined property: App\Controllers\Admin::$session
in APPPATH\Controllers\Admin.php on line 84.
 1 APPPATH\Controllers\Admin.php(84): CodeIgniter\Debug\Exceptions->errorHandler(8, 'Undefined property: App\\Controllers\\Admin::$session', 'APPPATH\\Controllers\\Admin.php', 84, [...])
 2 SYSTEMPATH\CodeIgniter.php(902): App\Controllers\Admin->save()
 3 SYSTEMPATH\CodeIgniter.php(457): CodeIgniter\CodeIgniter->runController(Object(App\Controllers\Admin))
 4 SYSTEMPATH\CodeIgniter.php(340): CodeIgniter\CodeIgniter->handleRequest(null, Object(Config\Cache), false)
 5 FCPATH\index.php(67): CodeIgniter\CodeIgniter->run()
 6 SYSTEMPATH\Commands\Server\rewrite.php(46): require_once('FCPATH\\index.php')
CRITICAL - 2022-11-30 01:07:00 --> Undefined property: CodeIgniter\Database\MySQLi\Builder::$model
in APPPATH\Controllers\Admin.php on line 88.
 1 APPPATH\Controllers\Admin.php(88): CodeIgniter\Debug\Exceptions->errorHandler(8, 'Undefined property: CodeIgniter\\Database\\MySQLi\\Builder::$model', 'APPPATH\\Controllers\\Admin.php', 88, [...])
 2 SYSTEMPATH\CodeIgniter.php(902): App\Controllers\Admin->save()
 3 SYSTEMPATH\CodeIgniter.php(457): CodeIgniter\CodeIgniter->runController(Object(App\Controllers\Admin))
 4 SYSTEMPATH\CodeIgniter.php(340): CodeIgniter\CodeIgniter->handleRequest(null, Object(Config\Cache), false)
 5 FCPATH\index.php(67): CodeIgniter\CodeIgniter->run()
 6 SYSTEMPATH\Commands\Server\rewrite.php(46): require_once('FCPATH\\index.php')
ERROR - 2022-11-30 01:11:09 --> mysqli_sql_exception: Unknown column 'user_id' in 'field list' in C:\xampp\htdocs\tugas_akhir\vendor\codeigniter4\framework\system\Database\MySQLi\Connection.php:292
Stack trace:
#0 C:\xampp\htdocs\tugas_akhir\vendor\codeigniter4\framework\system\Database\MySQLi\Connection.php(292): mysqli->query('INSERT INTO `us...', 0)
#1 C:\xampp\htdocs\tugas_akhir\vendor\codeigniter4\framework\system\Database\BaseConnection.php(693): CodeIgniter\Database\MySQLi\Connection->execute('INSERT INTO `us...')
#2 C:\xampp\htdocs\tugas_akhir\vendor\codeigniter4\framework\system\Database\BaseConnection.php(620): CodeIgniter\Database\BaseConnection->simpleQuery('INSERT INTO `us...')
#3 C:\xampp\htdocs\tugas_akhir\vendor\codeigniter4\framework\system\Database\BaseBuilder.php(1916): CodeIgniter\Database\BaseConnection->query('INSERT INTO `us...', Array, false)
#4 C:\xampp\htdocs\tugas_akhir\app\Models\Model_Admin.php(14): CodeIgniter\Database\BaseBuilder->insert(Array)
#5 C:\xampp\htdocs\tugas_akhir\app\Controllers\Admin.php(88): App\Models\Model_Admin->Simpan_Data(Array)
#6 C:\xampp\htdocs\tugas_akhir\vendor\codeigniter4\framework\system\CodeIgniter.php(902): App\Controllers\Admin->save()
#7 C:\xampp\htdocs\tugas_akhir\vendor\codeigniter4\framework\system\CodeIgniter.php(457): CodeIgniter\CodeIgniter->runController(Object(App\Controllers\Admin))
#8 C:\xampp\htdocs\tugas_akhir\vendor\codeigniter4\framework\system\CodeIgniter.php(340): CodeIgniter\CodeIgniter->handleRequest(NULL, Object(Config\Cache), false)
#9 C:\xampp\htdocs\tugas_akhir\public\index.php(67): CodeIgniter\CodeIgniter->run()
#10 C:\xampp\htdocs\tugas_akhir\vendor\codeigniter4\framework\system\Commands\Server\rewrite.php(46): require_once('C:\\xampp\\htdocs...')
#11 {main}
CRITICAL - 2022-11-30 01:11:09 --> Unknown column 'user_id' in 'field list'
in SYSTEMPATH\Database\MySQLi\Connection.php on line 292.
 1 SYSTEMPATH\Database\MySQLi\Connection.php(292): mysqli->query('INSERT INTO `users` (`username`, `fullname`, `no_telp`, `email`, `jk`, `kamar`, `thn_masuk`, `wali`, `no_wali`, `password_hash`, `created_at`, `user_id`) VALUES (\'dsfsd\', \'Ahmad Muhlish Tri Cahyo\', \'082331203169\', \'fsdf@dsf\', \'2\', \'37\', \'2018\', \'qwerty\', \'082331203169\', \'$2y$10$VmiCFM8elgi8abYLiWs6Veq.JEegD6E9.dwlvTCdh70fOXBaItIt6\', \'datetime\', 2)', 0)
 2 SYSTEMPATH\Database\BaseConnection.php(693): CodeIgniter\Database\MySQLi\Connection->execute('INSERT INTO `users` (`username`, `fullname`, `no_telp`, `email`, `jk`, `kamar`, `thn_masuk`, `wali`, `no_wali`, `password_hash`, `created_at`, `user_id`) VALUES (\'dsfsd\', \'Ahmad Muhlish Tri Cahyo\', \'082331203169\', \'fsdf@dsf\', \'2\', \'37\', \'2018\', \'qwerty\', \'082331203169\', \'$2y$10$VmiCFM8elgi8abYLiWs6Veq.JEegD6E9.dwlvTCdh70fOXBaItIt6\', \'datetime\', 2)')
 3 SYSTEMPATH\Database\BaseConnection.php(620): CodeIgniter\Database\BaseConnection->simpleQuery('INSERT INTO `users` (`username`, `fullname`, `no_telp`, `email`, `jk`, `kamar`, `thn_masuk`, `wali`, `no_wali`, `password_hash`, `created_at`, `user_id`) VALUES (\'dsfsd\', \'Ahmad Muhlish Tri Cahyo\', \'082331203169\', \'fsdf@dsf\', \'2\', \'37\', \'2018\', \'qwerty\', \'082331203169\', \'$2y$10$VmiCFM8elgi8abYLiWs6Veq.JEegD6E9.dwlvTCdh70fOXBaItIt6\', \'datetime\', 2)')
 4 SYSTEMPATH\Database\BaseBuilder.php(1916): CodeIgniter\Database\BaseConnection->query('INSERT INTO `users` (`username`, `fullname`, `no_telp`, `email`, `jk`, `kamar`, `thn_masuk`, `wali`, `no_wali`, `password_hash`, `created_at`, `user_id`) VALUES (:username:, :fullname:, :no_telp:, :email:, :jk:, :kamar:, :thn_masuk:, :wali:, :no_wali:, :password_hash:, :created_at:, :user_id:)', [...], false)
 5 APPPATH\Models\Model_Admin.php(14): CodeIgniter\Database\BaseBuilder->insert([...])
 6 APPPATH\Controllers\Admin.php(88): App\Models\Model_Admin->Simpan_Data([...])
 7 SYSTEMPATH\CodeIgniter.php(902): App\Controllers\Admin->save()
 8 SYSTEMPATH\CodeIgniter.php(457): CodeIgniter\CodeIgniter->runController(Object(App\Controllers\Admin))
 9 SYSTEMPATH\CodeIgniter.php(340): CodeIgniter\CodeIgniter->handleRequest(null, Object(Config\Cache), false)
10 FCPATH\index.php(67): CodeIgniter\CodeIgniter->run()
11 SYSTEMPATH\Commands\Server\rewrite.php(46): require_once('FCPATH\\index.php')
CRITICAL - 2022-11-30 01:11:16 --> Undefined property: App\Controllers\Admin::$gender
in APPPATH\Controllers\Admin.php on line 37.
 1 APPPATH\Controllers\Admin.php(37): CodeIgniter\Debug\Exceptions->errorHandler(8, 'Undefined property: App\\Controllers\\Admin::$gender', 'APPPATH\\Controllers\\Admin.php', 37, [...])
 2 SYSTEMPATH\CodeIgniter.php(902): App\Controllers\Admin->data_santri()
 3 SYSTEMPATH\CodeIgniter.php(457): CodeIgniter\CodeIgniter->runController(Object(App\Controllers\Admin))
 4 SYSTEMPATH\CodeIgniter.php(340): CodeIgniter\CodeIgniter->handleRequest(null, Object(Config\Cache), false)
 5 FCPATH\index.php(67): CodeIgniter\CodeIgniter->run()
 6 SYSTEMPATH\Commands\Server\rewrite.php(46): require_once('FCPATH\\index.php')
CRITICAL - 2022-11-30 01:11:33 --> Undefined property: App\Controllers\Admin::$gender
in APPPATH\Controllers\Admin.php on line 37.
 1 APPPATH\Controllers\Admin.php(37): CodeIgniter\Debug\Exceptions->errorHandler(8, 'Undefined property: App\\Controllers\\Admin::$gender', 'APPPATH\\Controllers\\Admin.php', 37, [...])
 2 SYSTEMPATH\CodeIgniter.php(902): App\Controllers\Admin->data_santri()
 3 SYSTEMPATH\CodeIgniter.php(457): CodeIgniter\CodeIgniter->runController(Object(App\Controllers\Admin))
 4 SYSTEMPATH\CodeIgniter.php(340): CodeIgniter\CodeIgniter->handleRequest(null, Object(Config\Cache), false)
 5 FCPATH\index.php(67): CodeIgniter\CodeIgniter->run()
 6 SYSTEMPATH\Commands\Server\rewrite.php(46): require_once('FCPATH\\index.php')
CRITICAL - 2022-11-30 01:12:27 --> Undefined property: App\Controllers\Admin::$grup
in APPPATH\Controllers\Admin.php on line 85.
 1 APPPATH\Controllers\Admin.php(85): CodeIgniter\Debug\Exceptions->errorHandler(8, 'Undefined property: App\\Controllers\\Admin::$grup', 'APPPATH\\Controllers\\Admin.php', 85, [...])
 2 SYSTEMPATH\CodeIgniter.php(902): App\Controllers\Admin->save()
 3 SYSTEMPATH\CodeIgniter.php(457): CodeIgniter\CodeIgniter->runController(Object(App\Controllers\Admin))
 4 SYSTEMPATH\CodeIgniter.php(340): CodeIgniter\CodeIgniter->handleRequest(null, Object(Config\Cache), false)
 5 FCPATH\index.php(67): CodeIgniter\CodeIgniter->run()
 6 SYSTEMPATH\Commands\Server\rewrite.php(46): require_once('FCPATH\\index.php')
ERROR - 2022-11-30 01:13:07 --> mysqli_sql_exception: Unknown column 'user_id' in 'field list' in C:\xampp\htdocs\tugas_akhir\vendor\codeigniter4\framework\system\Database\MySQLi\Connection.php:292
Stack trace:
#0 C:\xampp\htdocs\tugas_akhir\vendor\codeigniter4\framework\system\Database\MySQLi\Connection.php(292): mysqli->query('INSERT INTO `us...', 0)
#1 C:\xampp\htdocs\tugas_akhir\vendor\codeigniter4\framework\system\Database\BaseConnection.php(693): CodeIgniter\Database\MySQLi\Connection->execute('INSERT INTO `us...')
#2 C:\xampp\htdocs\tugas_akhir\vendor\codeigniter4\framework\system\Database\BaseConnection.php(620): CodeIgniter\Database\BaseConnection->simpleQuery('INSERT INTO `us...')
#3 C:\xampp\htdocs\tugas_akhir\vendor\codeigniter4\framework\system\Database\BaseBuilder.php(1916): CodeIgniter\Database\BaseConnection->query('INSERT INTO `us...', Array, false)
#4 C:\xampp\htdocs\tugas_akhir\app\Models\Model_Admin.php(14): CodeIgniter\Database\BaseBuilder->insert(Array)
#5 C:\xampp\htdocs\tugas_akhir\app\Controllers\Admin.php(88): App\Models\Model_Admin->Simpan_Data(Array)
#6 C:\xampp\htdocs\tugas_akhir\vendor\codeigniter4\framework\system\CodeIgniter.php(902): App\Controllers\Admin->save()
#7 C:\xampp\htdocs\tugas_akhir\vendor\codeigniter4\framework\system\CodeIgniter.php(457): CodeIgniter\CodeIgniter->runController(Object(App\Controllers\Admin))
#8 C:\xampp\htdocs\tugas_akhir\vendor\codeigniter4\framework\system\CodeIgniter.php(340): CodeIgniter\CodeIgniter->handleRequest(NULL, Object(Config\Cache), false)
#9 C:\xampp\htdocs\tugas_akhir\public\index.php(67): CodeIgniter\CodeIgniter->run()
#10 C:\xampp\htdocs\tugas_akhir\vendor\codeigniter4\framework\system\Commands\Server\rewrite.php(46): require_once('C:\\xampp\\htdocs...')
#11 {main}
CRITICAL - 2022-11-30 01:13:07 --> Unknown column 'user_id' in 'field list'
in SYSTEMPATH\Database\MySQLi\Connection.php on line 292.
 1 SYSTEMPATH\Database\MySQLi\Connection.php(292): mysqli->query('INSERT INTO `users` (`username`, `fullname`, `no_telp`, `email`, `jk`, `kamar`, `thn_masuk`, `wali`, `no_wali`, `password_hash`, `created_at`, `user_id`) VALUES (\'dsfds\', \'fasf\', \'082331203169\', \'sdfsf@fsdf\', \'1\', \'15\', \'2014\', \'sdfsd\', \'082331203169\', \'$2y$10$VmiCFM8elgi8abYLiWs6Veq.JEegD6E9.dwlvTCdh70fOXBaItIt6\', \'datetime\', 2)', 0)
 2 SYSTEMPATH\Database\BaseConnection.php(693): CodeIgniter\Database\MySQLi\Connection->execute('INSERT INTO `users` (`username`, `fullname`, `no_telp`, `email`, `jk`, `kamar`, `thn_masuk`, `wali`, `no_wali`, `password_hash`, `created_at`, `user_id`) VALUES (\'dsfds\', \'fasf\', \'082331203169\', \'sdfsf@fsdf\', \'1\', \'15\', \'2014\', \'sdfsd\', \'082331203169\', \'$2y$10$VmiCFM8elgi8abYLiWs6Veq.JEegD6E9.dwlvTCdh70fOXBaItIt6\', \'datetime\', 2)')
 3 SYSTEMPATH\Database\BaseConnection.php(620): CodeIgniter\Database\BaseConnection->simpleQuery('INSERT INTO `users` (`username`, `fullname`, `no_telp`, `email`, `jk`, `kamar`, `thn_masuk`, `wali`, `no_wali`, `password_hash`, `created_at`, `user_id`) VALUES (\'dsfds\', \'fasf\', \'082331203169\', \'sdfsf@fsdf\', \'1\', \'15\', \'2014\', \'sdfsd\', \'082331203169\', \'$2y$10$VmiCFM8elgi8abYLiWs6Veq.JEegD6E9.dwlvTCdh70fOXBaItIt6\', \'datetime\', 2)')
 4 SYSTEMPATH\Database\BaseBuilder.php(1916): CodeIgniter\Database\BaseConnection->query('INSERT INTO `users` (`username`, `fullname`, `no_telp`, `email`, `jk`, `kamar`, `thn_masuk`, `wali`, `no_wali`, `password_hash`, `created_at`, `user_id`) VALUES (:username:, :fullname:, :no_telp:, :email:, :jk:, :kamar:, :thn_masuk:, :wali:, :no_wali:, :password_hash:, :created_at:, :user_id:)', [...], false)
 5 APPPATH\Models\Model_Admin.php(14): CodeIgniter\Database\BaseBuilder->insert([...])
 6 APPPATH\Controllers\Admin.php(88): App\Models\Model_Admin->Simpan_Data([...])
 7 SYSTEMPATH\CodeIgniter.php(902): App\Controllers\Admin->save()
 8 SYSTEMPATH\CodeIgniter.php(457): CodeIgniter\CodeIgniter->runController(Object(App\Controllers\Admin))
 9 SYSTEMPATH\CodeIgniter.php(340): CodeIgniter\CodeIgniter->handleRequest(null, Object(Config\Cache), false)
10 FCPATH\index.php(67): CodeIgniter\CodeIgniter->run()
11 SYSTEMPATH\Commands\Server\rewrite.php(46): require_once('FCPATH\\index.php')
ERROR - 2022-11-30 01:13:39 --> mysqli_sql_exception: Unknown column 'user_id' in 'field list' in C:\xampp\htdocs\tugas_akhir\vendor\codeigniter4\framework\system\Database\MySQLi\Connection.php:292
Stack trace:
#0 C:\xampp\htdocs\tugas_akhir\vendor\codeigniter4\framework\system\Database\MySQLi\Connection.php(292): mysqli->query('INSERT INTO `us...', 0)
#1 C:\xampp\htdocs\tugas_akhir\vendor\codeigniter4\framework\system\Database\BaseConnection.php(693): CodeIgniter\Database\MySQLi\Connection->execute('INSERT INTO `us...')
#2 C:\xampp\htdocs\tugas_akhir\vendor\codeigniter4\framework\system\Database\BaseConnection.php(620): CodeIgniter\Database\BaseConnection->simpleQuery('INSERT INTO `us...')
#3 C:\xampp\htdocs\tugas_akhir\vendor\codeigniter4\framework\system\Database\BaseBuilder.php(1916): CodeIgniter\Database\BaseConnection->query('INSERT INTO `us...', Array, false)
#4 C:\xampp\htdocs\tugas_akhir\app\Models\Model_Admin.php(14): CodeIgniter\Database\BaseBuilder->insert(Array)
#5 C:\xampp\htdocs\tugas_akhir\app\Controllers\Admin.php(88): App\Models\Model_Admin->Simpan_Data(Array)
#6 C:\xampp\htdocs\tugas_akhir\vendor\codeigniter4\framework\system\CodeIgniter.php(902): App\Controllers\Admin->save()
#7 C:\xampp\htdocs\tugas_akhir\vendor\codeigniter4\framework\system\CodeIgniter.php(457): CodeIgniter\CodeIgniter->runController(Object(App\Controllers\Admin))
#8 C:\xampp\htdocs\tugas_akhir\vendor\codeigniter4\framework\system\CodeIgniter.php(340): CodeIgniter\CodeIgniter->handleRequest(NULL, Object(Config\Cache), false)
#9 C:\xampp\htdocs\tugas_akhir\public\index.php(67): CodeIgniter\CodeIgniter->run()
#10 C:\xampp\htdocs\tugas_akhir\vendor\codeigniter4\framework\system\Commands\Server\rewrite.php(46): require_once('C:\\xampp\\htdocs...')
#11 {main}
CRITICAL - 2022-11-30 01:13:39 --> Unknown column 'user_id' in 'field list'
in SYSTEMPATH\Database\MySQLi\Connection.php on line 292.
 1 SYSTEMPATH\Database\MySQLi\Connection.php(292): mysqli->query('INSERT INTO `users` (`username`, `fullname`, `no_telp`, `email`, `jk`, `kamar`, `thn_masuk`, `wali`, `no_wali`, `password_hash`, `created_at`, `user_id`) VALUES (\'dsfds\', \'fasf\', \'082331203169\', \'sdfsf@fsdf\', \'1\', \'15\', \'2014\', \'sdfsd\', \'082331203169\', \'$2y$10$VmiCFM8elgi8abYLiWs6Veq.JEegD6E9.dwlvTCdh70fOXBaItIt6\', \'datetime\', 2)', 0)
 2 SYSTEMPATH\Database\BaseConnection.php(693): CodeIgniter\Database\MySQLi\Connection->execute('INSERT INTO `users` (`username`, `fullname`, `no_telp`, `email`, `jk`, `kamar`, `thn_masuk`, `wali`, `no_wali`, `password_hash`, `created_at`, `user_id`) VALUES (\'dsfds\', \'fasf\', \'082331203169\', \'sdfsf@fsdf\', \'1\', \'15\', \'2014\', \'sdfsd\', \'082331203169\', \'$2y$10$VmiCFM8elgi8abYLiWs6Veq.JEegD6E9.dwlvTCdh70fOXBaItIt6\', \'datetime\', 2)')
 3 SYSTEMPATH\Database\BaseConnection.php(620): CodeIgniter\Database\BaseConnection->simpleQuery('INSERT INTO `users` (`username`, `fullname`, `no_telp`, `email`, `jk`, `kamar`, `thn_masuk`, `wali`, `no_wali`, `password_hash`, `created_at`, `user_id`) VALUES (\'dsfds\', \'fasf\', \'082331203169\', \'sdfsf@fsdf\', \'1\', \'15\', \'2014\', \'sdfsd\', \'082331203169\', \'$2y$10$VmiCFM8elgi8abYLiWs6Veq.JEegD6E9.dwlvTCdh70fOXBaItIt6\', \'datetime\', 2)')
 4 SYSTEMPATH\Database\BaseBuilder.php(1916): CodeIgniter\Database\BaseConnection->query('INSERT INTO `users` (`username`, `fullname`, `no_telp`, `email`, `jk`, `kamar`, `thn_masuk`, `wali`, `no_wali`, `password_hash`, `created_at`, `user_id`) VALUES (:username:, :fullname:, :no_telp:, :email:, :jk:, :kamar:, :thn_masuk:, :wali:, :no_wali:, :password_hash:, :created_at:, :user_id:)', [...], false)
 5 APPPATH\Models\Model_Admin.php(14): CodeIgniter\Database\BaseBuilder->insert([...])
 6 APPPATH\Controllers\Admin.php(88): App\Models\Model_Admin->Simpan_Data([...])
 7 SYSTEMPATH\CodeIgniter.php(902): App\Controllers\Admin->save()
 8 SYSTEMPATH\CodeIgniter.php(457): CodeIgniter\CodeIgniter->runController(Object(App\Controllers\Admin))
 9 SYSTEMPATH\CodeIgniter.php(340): CodeIgniter\CodeIgniter->handleRequest(null, Object(Config\Cache), false)
10 FCPATH\index.php(67): CodeIgniter\CodeIgniter->run()
11 SYSTEMPATH\Commands\Server\rewrite.php(46): require_once('FCPATH\\index.php')
CRITICAL - 2022-11-30 01:28:26 --> Undefined property: App\Controllers\Admin::$session
in APPPATH\Controllers\Admin.php on line 81.
 1 APPPATH\Controllers\Admin.php(81): CodeIgniter\Debug\Exceptions->errorHandler(8, 'Undefined property: App\\Controllers\\Admin::$session', 'APPPATH\\Controllers\\Admin.php', 81, [...])
 2 SYSTEMPATH\CodeIgniter.php(902): App\Controllers\Admin->save()
 3 SYSTEMPATH\CodeIgniter.php(457): CodeIgniter\CodeIgniter->runController(Object(App\Controllers\Admin))
 4 SYSTEMPATH\CodeIgniter.php(340): CodeIgniter\CodeIgniter->handleRequest(null, Object(Config\Cache), false)
 5 FCPATH\index.php(67): CodeIgniter\CodeIgniter->run()
 6 SYSTEMPATH\Commands\Server\rewrite.php(46): require_once('FCPATH\\index.php')
CRITICAL - 2022-11-30 02:21:17 --> Undefined property: CodeIgniter\Router\AutoRouter::$load
in APPPATH\Controllers\Admin.php on line 4.
 1 APPPATH\Controllers\Admin.php(4): CodeIgniter\Debug\Exceptions->errorHandler(8, 'Undefined property: CodeIgniter\\Router\\AutoRouter::$load', 'APPPATH\\Controllers\\Admin.php', 4, [...])
 2 SYSTEMPATH\Router\AutoRouter.php(147): include_once('APPPATH\\Controllers\\Admin.php')
 3 SYSTEMPATH\Router\Router.php(499): CodeIgniter\Router\AutoRouter->getRoute('admin/save')
 4 SYSTEMPATH\Router\Router.php(205): CodeIgniter\Router\Router->autoRoute('admin/save')
 5 SYSTEMPATH\CodeIgniter.php(777): CodeIgniter\Router\Router->handle('admin/save')
 6 SYSTEMPATH\CodeIgniter.php(406): CodeIgniter\CodeIgniter->tryToRouteIt(Object(CodeIgniter\Router\RouteCollection))
 7 SYSTEMPATH\CodeIgniter.php(340): CodeIgniter\CodeIgniter->handleRequest(null, Object(Config\Cache), false)
 8 FCPATH\index.php(67): CodeIgniter\CodeIgniter->run()
 9 SYSTEMPATH\Commands\Server\rewrite.php(46): require_once('FCPATH\\index.php')
CRITICAL - 2022-11-30 02:22:35 --> Undefined property: App\Controllers\Admin::$load
in APPPATH\Controllers\Admin.php on line 14.
 1 APPPATH\Controllers\Admin.php(14): CodeIgniter\Debug\Exceptions->errorHandler(8, 'Undefined property: App\\Controllers\\Admin::$load', 'APPPATH\\Controllers\\Admin.php', 14, [])
 2 SYSTEMPATH\CodeIgniter.php(864): App\Controllers\Admin->__construct()
 3 SYSTEMPATH\CodeIgniter.php(448): CodeIgniter\CodeIgniter->createController()
 4 SYSTEMPATH\CodeIgniter.php(340): CodeIgniter\CodeIgniter->handleRequest(null, Object(Config\Cache), false)
 5 FCPATH\index.php(67): CodeIgniter\CodeIgniter->run()
 6 SYSTEMPATH\Commands\Server\rewrite.php(46): require_once('FCPATH\\index.php')
CRITICAL - 2022-11-30 02:25:08 --> Undefined property: App\Controllers\Admin::$session
in APPPATH\Controllers\Admin.php on line 78.
 1 APPPATH\Controllers\Admin.php(78): CodeIgniter\Debug\Exceptions->errorHandler(8, 'Undefined property: App\\Controllers\\Admin::$session', 'APPPATH\\Controllers\\Admin.php', 78, [...])
 2 SYSTEMPATH\CodeIgniter.php(902): App\Controllers\Admin->save()
 3 SYSTEMPATH\CodeIgniter.php(457): CodeIgniter\CodeIgniter->runController(Object(App\Controllers\Admin))
 4 SYSTEMPATH\CodeIgniter.php(340): CodeIgniter\CodeIgniter->handleRequest(null, Object(Config\Cache), false)
 5 FCPATH\index.php(67): CodeIgniter\CodeIgniter->run()
 6 SYSTEMPATH\Commands\Server\rewrite.php(46): require_once('FCPATH\\index.php')
CRITICAL - 2022-11-30 02:25:42 --> Undefined property: App\Controllers\Admin::$model
in APPPATH\Controllers\Admin.php on line 81.
 1 APPPATH\Controllers\Admin.php(81): CodeIgniter\Debug\Exceptions->errorHandler(8, 'Undefined property: App\\Controllers\\Admin::$model', 'APPPATH\\Controllers\\Admin.php', 81, [...])
 2 SYSTEMPATH\CodeIgniter.php(902): App\Controllers\Admin->save()
 3 SYSTEMPATH\CodeIgniter.php(457): CodeIgniter\CodeIgniter->runController(Object(App\Controllers\Admin))
 4 SYSTEMPATH\CodeIgniter.php(340): CodeIgniter\CodeIgniter->handleRequest(null, Object(Config\Cache), false)
 5 FCPATH\index.php(67): CodeIgniter\CodeIgniter->run()
 6 SYSTEMPATH\Commands\Server\rewrite.php(46): require_once('FCPATH\\index.php')
CRITICAL - 2022-11-30 02:26:56 --> Undefined property: App\Controllers\Admin::$session
in APPPATH\Controllers\Admin.php on line 80.
 1 APPPATH\Controllers\Admin.php(80): CodeIgniter\Debug\Exceptions->errorHandler(8, 'Undefined property: App\\Controllers\\Admin::$session', 'APPPATH\\Controllers\\Admin.php', 80, [...])
 2 SYSTEMPATH\CodeIgniter.php(902): App\Controllers\Admin->save()
 3 SYSTEMPATH\CodeIgniter.php(457): CodeIgniter\CodeIgniter->runController(Object(App\Controllers\Admin))
 4 SYSTEMPATH\CodeIgniter.php(340): CodeIgniter\CodeIgniter->handleRequest(null, Object(Config\Cache), false)
 5 FCPATH\index.php(67): CodeIgniter\CodeIgniter->run()
 6 SYSTEMPATH\Commands\Server\rewrite.php(46): require_once('FCPATH\\index.php')
CRITICAL - 2022-11-30 11:44:05 --> Call to undefined method CodeIgniter\Session\Session::set_Flashdata()
in APPPATH\Controllers\Admin.php on line 80.
 1 SYSTEMPATH\CodeIgniter.php(902): App\Controllers\Admin->save()
 2 SYSTEMPATH\CodeIgniter.php(457): CodeIgniter\CodeIgniter->runController(Object(App\Controllers\Admin))
 3 SYSTEMPATH\CodeIgniter.php(340): CodeIgniter\CodeIgniter->handleRequest(null, Object(Config\Cache), false)
 4 FCPATH\index.php(67): CodeIgniter\CodeIgniter->run()
 5 SYSTEMPATH\Commands\Server\rewrite.php(46): require_once('FCPATH\\index.php')
CRITICAL - 2022-11-30 12:17:01 --> Undefined property: App\Controllers\Admin::$model
in APPPATH\Controllers\Admin.php on line 83.
 1 APPPATH\Controllers\Admin.php(83): CodeIgniter\Debug\Exceptions->errorHandler(8, 'Undefined property: App\\Controllers\\Admin::$model', 'APPPATH\\Controllers\\Admin.php', 83, [...])
 2 SYSTEMPATH\CodeIgniter.php(902): App\Controllers\Admin->save()
 3 SYSTEMPATH\CodeIgniter.php(457): CodeIgniter\CodeIgniter->runController(Object(App\Controllers\Admin))
 4 SYSTEMPATH\CodeIgniter.php(340): CodeIgniter\CodeIgniter->handleRequest(null, Object(Config\Cache), false)
 5 FCPATH\index.php(67): CodeIgniter\CodeIgniter->run()
 6 SYSTEMPATH\Commands\Server\rewrite.php(46): require_once('FCPATH\\index.php')
CRITICAL - 2022-11-30 16:08:41 --> Trying to get property 'fullname' of non-object
in APPPATH\Views\admin\data_santri.php on line 168.
 1 APPPATH\Views\admin\data_santri.php(168): CodeIgniter\Debug\Exceptions->errorHandler(8, 'Trying to get property \'fullname\' of non-object', 'APPPATH\\Views\\admin\\data_santri.php', 168, [...])
 2 SYSTEMPATH\View\View.php(213): include('APPPATH\\Views\\admin\\data_santri.php')
 3 SYSTEMPATH\View\View.php(216): CodeIgniter\View\View->CodeIgniter\View\{closure}()
 4 SYSTEMPATH\Common.php(1142): CodeIgniter\View\View->render('admin/data_santri', [], true)
 5 APPPATH\Controllers\Admin.php(39): view('admin/data_santri', [...])
 6 SYSTEMPATH\CodeIgniter.php(902): App\Controllers\Admin->data_santri()
 7 SYSTEMPATH\CodeIgniter.php(457): CodeIgniter\CodeIgniter->runController(Object(App\Controllers\Admin))
 8 SYSTEMPATH\CodeIgniter.php(340): CodeIgniter\CodeIgniter->handleRequest(null, Object(Config\Cache), false)
 9 FCPATH\index.php(67): CodeIgniter\CodeIgniter->run()
10 SYSTEMPATH\Commands\Server\rewrite.php(46): require_once('FCPATH\\index.php')
CRITICAL - 2022-11-30 16:14:20 --> Undefined variable: row
in APPPATH\Views\admin\data_santri.php on line 168.
 1 APPPATH\Views\admin\data_santri.php(168): CodeIgniter\Debug\Exceptions->errorHandler(8, 'Undefined variable: row', 'APPPATH\\Views\\admin\\data_santri.php', 168, [...])
 2 SYSTEMPATH\View\View.php(213): include('APPPATH\\Views\\admin\\data_santri.php')
 3 SYSTEMPATH\View\View.php(216): CodeIgniter\View\View->CodeIgniter\View\{closure}()
 4 SYSTEMPATH\Common.php(1142): CodeIgniter\View\View->render('admin/data_santri', [], true)
 5 APPPATH\Controllers\Admin.php(39): view('admin/data_santri', [...])
 6 SYSTEMPATH\CodeIgniter.php(902): App\Controllers\Admin->data_santri()
 7 SYSTEMPATH\CodeIgniter.php(457): CodeIgniter\CodeIgniter->runController(Object(App\Controllers\Admin))
 8 SYSTEMPATH\CodeIgniter.php(340): CodeIgniter\CodeIgniter->handleRequest(null, Object(Config\Cache), false)
 9 FCPATH\index.php(67): CodeIgniter\CodeIgniter->run()
10 SYSTEMPATH\Commands\Server\rewrite.php(46): require_once('FCPATH\\index.php')
CRITICAL - 2022-11-30 16:18:16 --> Undefined variable: row
in APPPATH\Views\admin\data_santri.php on line 172.
 1 APPPATH\Views\admin\data_santri.php(172): CodeIgniter\Debug\Exceptions->errorHandler(8, 'Undefined variable: row', 'APPPATH\\Views\\admin\\data_santri.php', 172, [...])
 2 SYSTEMPATH\View\View.php(213): include('APPPATH\\Views\\admin\\data_santri.php')
 3 SYSTEMPATH\View\View.php(216): CodeIgniter\View\View->CodeIgniter\View\{closure}()
 4 SYSTEMPATH\Common.php(1142): CodeIgniter\View\View->render('admin/data_santri', [], true)
 5 APPPATH\Controllers\Admin.php(39): view('admin/data_santri', [...])
 6 SYSTEMPATH\CodeIgniter.php(902): App\Controllers\Admin->data_santri()
 7 SYSTEMPATH\CodeIgniter.php(457): CodeIgniter\CodeIgniter->runController(Object(App\Controllers\Admin))
 8 SYSTEMPATH\CodeIgniter.php(340): CodeIgniter\CodeIgniter->handleRequest(null, Object(Config\Cache), false)
 9 FCPATH\index.php(67): CodeIgniter\CodeIgniter->run()
10 SYSTEMPATH\Commands\Server\rewrite.php(46): require_once('FCPATH\\index.php')
CRITICAL - 2022-11-30 18:59:13 --> Undefined variable: array
in APPPATH\Views\admin\data_santri.php on line 172.
 1 APPPATH\Views\admin\data_santri.php(172): CodeIgniter\Debug\Exceptions->errorHandler(8, 'Undefined variable: array', 'APPPATH\\Views\\admin\\data_santri.php', 172, [...])
 2 SYSTEMPATH\View\View.php(213): include('APPPATH\\Views\\admin\\data_santri.php')
 3 SYSTEMPATH\View\View.php(216): CodeIgniter\View\View->CodeIgniter\View\{closure}()
 4 SYSTEMPATH\Common.php(1142): CodeIgniter\View\View->render('admin/data_santri', [], true)
 5 APPPATH\Controllers\Admin.php(39): view('admin/data_santri', [...])
 6 SYSTEMPATH\CodeIgniter.php(902): App\Controllers\Admin->data_santri()
 7 SYSTEMPATH\CodeIgniter.php(457): CodeIgniter\CodeIgniter->runController(Object(App\Controllers\Admin))
 8 SYSTEMPATH\CodeIgniter.php(340): CodeIgniter\CodeIgniter->handleRequest(null, Object(Config\Cache), false)
 9 FCPATH\index.php(67): CodeIgniter\CodeIgniter->run()
10 SYSTEMPATH\Commands\Server\rewrite.php(46): require_once('FCPATH\\index.php')
CRITICAL - 2022-11-30 19:08:40 --> Undefined variable: user
in APPPATH\Views\admin\data_santri.php on line 168.
 1 APPPATH\Views\admin\data_santri.php(168): CodeIgniter\Debug\Exceptions->errorHandler(8, 'Undefined variable: user', 'APPPATH\\Views\\admin\\data_santri.php', 168, [...])
 2 SYSTEMPATH\View\View.php(213): include('APPPATH\\Views\\admin\\data_santri.php')
 3 SYSTEMPATH\View\View.php(216): CodeIgniter\View\View->CodeIgniter\View\{closure}()
 4 SYSTEMPATH\Common.php(1142): CodeIgniter\View\View->render('admin/data_santri', [], true)
 5 APPPATH\Controllers\Admin.php(39): view('admin/data_santri', [...])
 6 SYSTEMPATH\CodeIgniter.php(902): App\Controllers\Admin->data_santri()
 7 SYSTEMPATH\CodeIgniter.php(457): CodeIgniter\CodeIgniter->runController(Object(App\Controllers\Admin))
 8 SYSTEMPATH\CodeIgniter.php(340): CodeIgniter\CodeIgniter->handleRequest(null, Object(Config\Cache), false)
 9 FCPATH\index.php(67): CodeIgniter\CodeIgniter->run()
10 SYSTEMPATH\Commands\Server\rewrite.php(46): require_once('FCPATH\\index.php')
CRITICAL - 2022-11-30 19:08:52 --> Undefined variable: id
in APPPATH\Views\admin\data_santri.php on line 172.
 1 APPPATH\Views\admin\data_santri.php(172): CodeIgniter\Debug\Exceptions->errorHandler(8, 'Undefined variable: id', 'APPPATH\\Views\\admin\\data_santri.php', 172, [...])
 2 SYSTEMPATH\View\View.php(213): include('APPPATH\\Views\\admin\\data_santri.php')
 3 SYSTEMPATH\View\View.php(216): CodeIgniter\View\View->CodeIgniter\View\{closure}()
 4 SYSTEMPATH\Common.php(1142): CodeIgniter\View\View->render('admin/data_santri', [], true)
 5 APPPATH\Controllers\Admin.php(39): view('admin/data_santri', [...])
 6 SYSTEMPATH\CodeIgniter.php(902): App\Controllers\Admin->data_santri()
 7 SYSTEMPATH\CodeIgniter.php(457): CodeIgniter\CodeIgniter->runController(Object(App\Controllers\Admin))
 8 SYSTEMPATH\CodeIgniter.php(340): CodeIgniter\CodeIgniter->handleRequest(null, Object(Config\Cache), false)
 9 FCPATH\index.php(67): CodeIgniter\CodeIgniter->run()
10 SYSTEMPATH\Commands\Server\rewrite.php(46): require_once('FCPATH\\index.php')
CRITICAL - 2022-11-30 19:26:26 --> Undefined variable: id
in APPPATH\Views\admin\data_santri.php on line 172.
 1 APPPATH\Views\admin\data_santri.php(172): CodeIgniter\Debug\Exceptions->errorHandler(8, 'Undefined variable: id', 'APPPATH\\Views\\admin\\data_santri.php', 172, [...])
 2 SYSTEMPATH\View\View.php(213): include('APPPATH\\Views\\admin\\data_santri.php')
 3 SYSTEMPATH\View\View.php(216): CodeIgniter\View\View->CodeIgniter\View\{closure}()
 4 SYSTEMPATH\Common.php(1142): CodeIgniter\View\View->render('admin/data_santri', [], true)
 5 APPPATH\Controllers\Admin.php(39): view('admin/data_santri', [...])
 6 SYSTEMPATH\CodeIgniter.php(902): App\Controllers\Admin->data_santri()
 7 SYSTEMPATH\CodeIgniter.php(457): CodeIgniter\CodeIgniter->runController(Object(App\Controllers\Admin))
 8 SYSTEMPATH\CodeIgniter.php(340): CodeIgniter\CodeIgniter->handleRequest(null, Object(Config\Cache), false)
 9 FCPATH\index.php(67): CodeIgniter\CodeIgniter->run()
10 SYSTEMPATH\Commands\Server\rewrite.php(46): require_once('FCPATH\\index.php')
CRITICAL - 2022-11-30 19:35:54 --> Cannot use object of type stdClass as array
in APPPATH\Views\admin\data_santri.php on line 64.
 1 SYSTEMPATH\View\View.php(213): include()
 2 SYSTEMPATH\View\View.php(216): CodeIgniter\View\View->CodeIgniter\View\{closure}()
 3 SYSTEMPATH\Common.php(1142): CodeIgniter\View\View->render('admin/data_santri', [], true)
 4 APPPATH\Controllers\Admin.php(39): view('admin/data_santri', [...])
 5 SYSTEMPATH\CodeIgniter.php(902): App\Controllers\Admin->data_santri()
 6 SYSTEMPATH\CodeIgniter.php(457): CodeIgniter\CodeIgniter->runController(Object(App\Controllers\Admin))
 7 SYSTEMPATH\CodeIgniter.php(340): CodeIgniter\CodeIgniter->handleRequest(null, Object(Config\Cache), false)
 8 FCPATH\index.php(67): CodeIgniter\CodeIgniter->run()
 9 SYSTEMPATH\Commands\Server\rewrite.php(46): require_once('FCPATH\\index.php')
CRITICAL - 2022-11-30 19:38:50 --> Cannot use object of type stdClass as array
in APPPATH\Views\admin\data_santri.php on line 64.
 1 SYSTEMPATH\View\View.php(213): include()
 2 SYSTEMPATH\View\View.php(216): CodeIgniter\View\View->CodeIgniter\View\{closure}()
 3 SYSTEMPATH\Common.php(1142): CodeIgniter\View\View->render('admin/data_santri', [], true)
 4 APPPATH\Controllers\Admin.php(39): view('admin/data_santri', [...])
 5 SYSTEMPATH\CodeIgniter.php(902): App\Controllers\Admin->data_santri()
 6 SYSTEMPATH\CodeIgniter.php(457): CodeIgniter\CodeIgniter->runController(Object(App\Controllers\Admin))
 7 SYSTEMPATH\CodeIgniter.php(340): CodeIgniter\CodeIgniter->handleRequest(null, Object(Config\Cache), false)
 8 FCPATH\index.php(67): CodeIgniter\CodeIgniter->run()
 9 SYSTEMPATH\Commands\Server\rewrite.php(46): require_once('FCPATH\\index.php')
ERROR - 2022-11-30 19:40:35 --> mysqli_sql_exception: Duplicate entry '1461800221' for key 'username' in C:\xampp\htdocs\tugas_akhir\vendor\codeigniter4\framework\system\Database\MySQLi\Connection.php:292
Stack trace:
#0 C:\xampp\htdocs\tugas_akhir\vendor\codeigniter4\framework\system\Database\MySQLi\Connection.php(292): mysqli->query('INSERT INTO `us...', 0)
#1 C:\xampp\htdocs\tugas_akhir\vendor\codeigniter4\framework\system\Database\BaseConnection.php(693): CodeIgniter\Database\MySQLi\Connection->execute('INSERT INTO `us...')
#2 C:\xampp\htdocs\tugas_akhir\vendor\codeigniter4\framework\system\Database\BaseConnection.php(620): CodeIgniter\Database\BaseConnection->simpleQuery('INSERT INTO `us...')
#3 C:\xampp\htdocs\tugas_akhir\vendor\codeigniter4\framework\system\Database\BaseBuilder.php(1916): CodeIgniter\Database\BaseConnection->query('INSERT INTO `us...', Array, false)
#4 C:\xampp\htdocs\tugas_akhir\app\Controllers\Admin.php(81): CodeIgniter\Database\BaseBuilder->insert(Array)
#5 C:\xampp\htdocs\tugas_akhir\vendor\codeigniter4\framework\system\CodeIgniter.php(902): App\Controllers\Admin->save()
#6 C:\xampp\htdocs\tugas_akhir\vendor\codeigniter4\framework\system\CodeIgniter.php(457): CodeIgniter\CodeIgniter->runController(Object(App\Controllers\Admin))
#7 C:\xampp\htdocs\tugas_akhir\vendor\codeigniter4\framework\system\CodeIgniter.php(340): CodeIgniter\CodeIgniter->handleRequest(NULL, Object(Config\Cache), false)
#8 C:\xampp\htdocs\tugas_akhir\public\index.php(67): CodeIgniter\CodeIgniter->run()
#9 C:\xampp\htdocs\tugas_akhir\vendor\codeigniter4\framework\system\Commands\Server\rewrite.php(46): require_once('C:\\xampp\\htdocs...')
#10 {main}
CRITICAL - 2022-11-30 19:40:35 --> Duplicate entry '1461800221' for key 'username'
in SYSTEMPATH\Database\MySQLi\Connection.php on line 292.
 1 SYSTEMPATH\Database\MySQLi\Connection.php(292): mysqli->query('INSERT INTO `users` (`username`, `fullname`, `no_telp`, `email`, `jk`, `kamar`, `thn_masuk`, `wali`, `no_wali`, `password_hash`, `created_at`) VALUES (\'1461800221\', \'Ahmad Muhlish Tri Cahyo\', \'082331203169\', \'asd@gmail.com\', \'1\', \'19\', \'2018\', \'qwerty\', \'082331203169\', \'$2y$10$VmiCFM8elgi8abYLiWs6Veq.JEegD6E9.dwlvTCdh70fOXBaItIt6\', \'date\')', 0)
 2 SYSTEMPATH\Database\BaseConnection.php(693): CodeIgniter\Database\MySQLi\Connection->execute('INSERT INTO `users` (`username`, `fullname`, `no_telp`, `email`, `jk`, `kamar`, `thn_masuk`, `wali`, `no_wali`, `password_hash`, `created_at`) VALUES (\'1461800221\', \'Ahmad Muhlish Tri Cahyo\', \'082331203169\', \'asd@gmail.com\', \'1\', \'19\', \'2018\', \'qwerty\', \'082331203169\', \'$2y$10$VmiCFM8elgi8abYLiWs6Veq.JEegD6E9.dwlvTCdh70fOXBaItIt6\', \'date\')')
 3 SYSTEMPATH\Database\BaseConnection.php(620): CodeIgniter\Database\BaseConnection->simpleQuery('INSERT INTO `users` (`username`, `fullname`, `no_telp`, `email`, `jk`, `kamar`, `thn_masuk`, `wali`, `no_wali`, `password_hash`, `created_at`) VALUES (\'1461800221\', \'Ahmad Muhlish Tri Cahyo\', \'082331203169\', \'asd@gmail.com\', \'1\', \'19\', \'2018\', \'qwerty\', \'082331203169\', \'$2y$10$VmiCFM8elgi8abYLiWs6Veq.JEegD6E9.dwlvTCdh70fOXBaItIt6\', \'date\')')
 4 SYSTEMPATH\Database\BaseBuilder.php(1916): CodeIgniter\Database\BaseConnection->query('INSERT INTO `users` (`username`, `fullname`, `no_telp`, `email`, `jk`, `kamar`, `thn_masuk`, `wali`, `no_wali`, `password_hash`, `created_at`) VALUES (:username:, :fullname:, :no_telp:, :email:, :jk:, :kamar:, :thn_masuk:, :wali:, :no_wali:, :password_hash:, :created_at:)', [...], false)
 5 APPPATH\Controllers\Admin.php(81): CodeIgniter\Database\BaseBuilder->insert([...])
 6 SYSTEMPATH\CodeIgniter.php(902): App\Controllers\Admin->save()
 7 SYSTEMPATH\CodeIgniter.php(457): CodeIgniter\CodeIgniter->runController(Object(App\Controllers\Admin))
 8 SYSTEMPATH\CodeIgniter.php(340): CodeIgniter\CodeIgniter->handleRequest(null, Object(Config\Cache), false)
 9 FCPATH\index.php(67): CodeIgniter\CodeIgniter->run()
10 SYSTEMPATH\Commands\Server\rewrite.php(46): require_once('FCPATH\\index.php')
CRITICAL - 2022-11-30 21:16:49 --> Too few arguments to function App\Controllers\Admin::save(), 0 passed in C:\xampp\htdocs\tugas_akhir\vendor\codeigniter4\framework\system\CodeIgniter.php on line 902 and exactly 2 expected
in APPPATH\Controllers\Admin.php on line 63.
 1 SYSTEMPATH\CodeIgniter.php(902): App\Controllers\Admin->save()
 2 SYSTEMPATH\CodeIgniter.php(457): CodeIgniter\CodeIgniter->runController(Object(App\Controllers\Admin))
 3 SYSTEMPATH\CodeIgniter.php(340): CodeIgniter\CodeIgniter->handleRequest(null, Object(Config\Cache), false)
 4 FCPATH\index.php(67): CodeIgniter\CodeIgniter->run()
 5 SYSTEMPATH\Commands\Server\rewrite.php(46): require_once('FCPATH\\index.php')
ERROR - 2022-11-30 21:30:56 --> mysqli_sql_exception: Unknown column 'escapeChar' in 'field list' in C:\xampp\htdocs\tugas_akhir\vendor\codeigniter4\framework\system\Database\MySQLi\Connection.php:292
Stack trace:
#0 C:\xampp\htdocs\tugas_akhir\vendor\codeigniter4\framework\system\Database\MySQLi\Connection.php(292): mysqli->query('INSERT INTO `au...', 0)
#1 C:\xampp\htdocs\tugas_akhir\vendor\codeigniter4\framework\system\Database\BaseConnection.php(693): CodeIgniter\Database\MySQLi\Connection->execute('INSERT INTO `au...')
#2 C:\xampp\htdocs\tugas_akhir\vendor\codeigniter4\framework\system\Database\BaseConnection.php(620): CodeIgniter\Database\BaseConnection->simpleQuery('INSERT INTO `au...')
#3 C:\xampp\htdocs\tugas_akhir\vendor\codeigniter4\framework\system\Database\BaseBuilder.php(1916): CodeIgniter\Database\BaseConnection->query('INSERT INTO `au...', Array, false)
#4 C:\xampp\htdocs\tugas_akhir\app\Controllers\Admin.php(80): CodeIgniter\Database\BaseBuilder->insert(Object(CodeIgniter\Database\MySQLi\Builder))
#5 C:\xampp\htdocs\tugas_akhir\vendor\codeigniter4\framework\system\CodeIgniter.php(902): App\Controllers\Admin->save()
#6 C:\xampp\htdocs\tugas_akhir\vendor\codeigniter4\framework\system\CodeIgniter.php(457): CodeIgniter\CodeIgniter->runController(Object(App\Controllers\Admin))
#7 C:\xampp\htdocs\tugas_akhir\vendor\codeigniter4\framework\system\CodeIgniter.php(340): CodeIgniter\CodeIgniter->handleRequest(NULL, Object(Config\Cache), false)
#8 C:\xampp\htdocs\tugas_akhir\public\index.php(67): CodeIgniter\CodeIgniter->run()
#9 C:\xampp\htdocs\tugas_akhir\vendor\codeigniter4\framework\system\Commands\Server\rewrite.php(46): require_once('C:\\xampp\\htdocs...')
#10 {main}
CRITICAL - 2022-11-30 21:30:56 --> Unknown column 'escapeChar' in 'field list'
in SYSTEMPATH\Database\MySQLi\Connection.php on line 292.
 1 SYSTEMPATH\Database\MySQLi\Connection.php(292): mysqli->query('INSERT INTO `auth_groups_users` (`escapeChar`, `resetDeleteData`, `QBDistinct`, `QBLimit`, `QBOffset`, `QBWhereGroupStarted`, `QBWhereGroupCount`, `QBIgnore`, `tableName`, `countString`, `canLimitDeletes`, `canLimitWhereUpdates`, `testMode`) VALUES (\'`\', 0, 0, 0, 0, 0, 0, 0, \'users\', \'SELECT COUNT(*) AS \', 1, 1, 0)', 0)
 2 SYSTEMPATH\Database\BaseConnection.php(693): CodeIgniter\Database\MySQLi\Connection->execute('INSERT INTO `auth_groups_users` (`escapeChar`, `resetDeleteData`, `QBDistinct`, `QBLimit`, `QBOffset`, `QBWhereGroupStarted`, `QBWhereGroupCount`, `QBIgnore`, `tableName`, `countString`, `canLimitDeletes`, `canLimitWhereUpdates`, `testMode`) VALUES (\'`\', 0, 0, 0, 0, 0, 0, 0, \'users\', \'SELECT COUNT(*) AS \', 1, 1, 0)')
 3 SYSTEMPATH\Database\BaseConnection.php(620): CodeIgniter\Database\BaseConnection->simpleQuery('INSERT INTO `auth_groups_users` (`escapeChar`, `resetDeleteData`, `QBDistinct`, `QBLimit`, `QBOffset`, `QBWhereGroupStarted`, `QBWhereGroupCount`, `QBIgnore`, `tableName`, `countString`, `canLimitDeletes`, `canLimitWhereUpdates`, `testMode`) VALUES (\'`\', 0, 0, 0, 0, 0, 0, 0, \'users\', \'SELECT COUNT(*) AS \', 1, 1, 0)')
 4 SYSTEMPATH\Database\BaseBuilder.php(1916): CodeIgniter\Database\BaseConnection->query('INSERT INTO `auth_groups_users` (`escapeChar`, `resetDeleteData`, `QBDistinct`, `QBLimit`, `QBOffset`, `QBWhereGroupStarted`, `QBWhereGroupCount`, `QBIgnore`, `tableName`, `countString`, `canLimitDeletes`, `canLimitWhereUpdates`, `testMode`) VALUES (:escapeChar:, :resetDeleteData:, :QBDistinct:, :QBLimit:, :QBOffset:, :QBWhereGroupStarted:, :QBWhereGroupCount:, :QBIgnore:, :tableName:, :countString:, :canLimitDeletes:, :canLimitWhereUpdates:, :testMode:)', [...], false)
 5 APPPATH\Controllers\Admin.php(80): CodeIgniter\Database\BaseBuilder->insert(Object(CodeIgniter\Database\MySQLi\Builder))
 6 SYSTEMPATH\CodeIgniter.php(902): App\Controllers\Admin->save()
 7 SYSTEMPATH\CodeIgniter.php(457): CodeIgniter\CodeIgniter->runController(Object(App\Controllers\Admin))
 8 SYSTEMPATH\CodeIgniter.php(340): CodeIgniter\CodeIgniter->handleRequest(null, Object(Config\Cache), false)
 9 FCPATH\index.php(67): CodeIgniter\CodeIgniter->run()
10 SYSTEMPATH\Commands\Server\rewrite.php(46): require_once('FCPATH\\index.php')
