CRITICAL - 2022-11-19 10:08:26 --> Undefined property: App\Controllers\Admin::$load
in APPPATH\Controllers\Admin.php on line 57.
 1 APPPATH\Controllers\Admin.php(57): CodeIgniter\Debug\Exceptions->errorHandler(8, 'Undefined property: App\\Controllers\\Admin::$load', 'APPPATH\\Controllers\\Admin.php', 57, [])
 2 SYSTEMPATH\CodeIgniter.php(902): App\Controllers\Admin->tambah_santri()
 3 SYSTEMPATH\CodeIgniter.php(457): CodeIgniter\CodeIgniter->runController(Object(App\Controllers\Admin))
 4 SYSTEMPATH\CodeIgniter.php(340): CodeIgniter\CodeIgniter->handleRequest(null, Object(Config\Cache), false)
 5 FCPATH\index.php(67): CodeIgniter\CodeIgniter->run()
 6 SYSTEMPATH\Commands\Server\rewrite.php(46): require_once('FCPATH\\index.php')
CRITICAL - 2022-11-19 10:35:01 --> Undefined variable: hasil
in APPPATH\Views\admin\tambah_santri.php on line 52.
 1 APPPATH\Views\admin\tambah_santri.php(52): CodeIgniter\Debug\Exceptions->errorHandler(8, 'Undefined variable: hasil', 'APPPATH\\Views\\admin\\tambah_santri.php', 52, [...])
 2 SYSTEMPATH\View\View.php(213): include('APPPATH\\Views\\admin\\tambah_santri.php')
 3 SYSTEMPATH\View\View.php(216): CodeIgniter\View\View->CodeIgniter\View\{closure}()
 4 SYSTEMPATH\Common.php(1142): CodeIgniter\View\View->render('/admin/tambah_santri', [], true)
 5 APPPATH\Controllers\Admin.php(56): view('/admin/tambah_santri', [...])
 6 SYSTEMPATH\CodeIgniter.php(902): App\Controllers\Admin->tambah_santri()
 7 SYSTEMPATH\CodeIgniter.php(457): CodeIgniter\CodeIgniter->runController(Object(App\Controllers\Admin))
 8 SYSTEMPATH\CodeIgniter.php(340): CodeIgniter\CodeIgniter->handleRequest(null, Object(Config\Cache), false)
 9 FCPATH\index.php(67): CodeIgniter\CodeIgniter->run()
10 SYSTEMPATH\Commands\Server\rewrite.php(46): require_once('FCPATH\\index.php')
CRITICAL - 2022-11-19 10:41:13 --> Call to a member function table() on null
in APPPATH\Controllers\Admin.php on line 50.
 1 SYSTEMPATH\CodeIgniter.php(902): App\Controllers\Admin->tambah_santri()
 2 SYSTEMPATH\CodeIgniter.php(457): CodeIgniter\CodeIgniter->runController(Object(App\Controllers\Admin))
 3 SYSTEMPATH\CodeIgniter.php(340): CodeIgniter\CodeIgniter->handleRequest(null, Object(Config\Cache), false)
 4 FCPATH\index.php(67): CodeIgniter\CodeIgniter->run()
 5 SYSTEMPATH\Commands\Server\rewrite.php(46): require_once('FCPATH\\index.php')
CRITICAL - 2022-11-19 11:06:46 --> Trying to get property 'id_gender' of non-object
in APPPATH\Views\admin\tambah_santri.php on line 53.
 1 APPPATH\Views\admin\tambah_santri.php(53): CodeIgniter\Debug\Exceptions->errorHandler(8, 'Trying to get property \'id_gender\' of non-object', 'APPPATH\\Views\\admin\\tambah_santri.php', 53, [...])
 2 SYSTEMPATH\View\View.php(213): include('APPPATH\\Views\\admin\\tambah_santri.php')
 3 SYSTEMPATH\View\View.php(216): CodeIgniter\View\View->CodeIgniter\View\{closure}()
 4 SYSTEMPATH\Common.php(1142): CodeIgniter\View\View->render('/admin/tambah_santri', [], true)
 5 APPPATH\Controllers\Admin.php(61): view('/admin/tambah_santri', [...])
 6 SYSTEMPATH\CodeIgniter.php(902): App\Controllers\Admin->tambah_santri()
 7 SYSTEMPATH\CodeIgniter.php(457): CodeIgniter\CodeIgniter->runController(Object(App\Controllers\Admin))
 8 SYSTEMPATH\CodeIgniter.php(340): CodeIgniter\CodeIgniter->handleRequest(null, Object(Config\Cache), false)
 9 FCPATH\index.php(67): CodeIgniter\CodeIgniter->run()
10 SYSTEMPATH\Commands\Server\rewrite.php(46): require_once('FCPATH\\index.php')
CRITICAL - 2022-11-19 11:53:02 --> Undefined variable: kamar_santri
in APPPATH\Views\admin\tambah_santri.php on line 67.
 1 APPPATH\Views\admin\tambah_santri.php(67): CodeIgniter\Debug\Exceptions->errorHandler(8, 'Undefined variable: kamar_santri', 'APPPATH\\Views\\admin\\tambah_santri.php', 67, [...])
 2 SYSTEMPATH\View\View.php(213): include('APPPATH\\Views\\admin\\tambah_santri.php')
 3 SYSTEMPATH\View\View.php(216): CodeIgniter\View\View->CodeIgniter\View\{closure}()
 4 SYSTEMPATH\Common.php(1142): CodeIgniter\View\View->render('/admin/tambah_santri', [], true)
 5 APPPATH\Controllers\Admin.php(61): view('/admin/tambah_santri', [...])
 6 SYSTEMPATH\CodeIgniter.php(902): App\Controllers\Admin->tambah_santri()
 7 SYSTEMPATH\CodeIgniter.php(457): CodeIgniter\CodeIgniter->runController(Object(App\Controllers\Admin))
 8 SYSTEMPATH\CodeIgniter.php(340): CodeIgniter\CodeIgniter->handleRequest(null, Object(Config\Cache), false)
 9 FCPATH\index.php(67): CodeIgniter\CodeIgniter->run()
10 SYSTEMPATH\Commands\Server\rewrite.php(46): require_once('FCPATH\\index.php')
CRITICAL - 2022-11-19 12:01:32 --> Call to a member function select() on null
in APPPATH\Controllers\Admin.php on line 19.
 1 SYSTEMPATH\CodeIgniter.php(902): App\Controllers\Admin->data_santri()
 2 SYSTEMPATH\CodeIgniter.php(457): CodeIgniter\CodeIgniter->runController(Object(App\Controllers\Admin))
 3 SYSTEMPATH\CodeIgniter.php(340): CodeIgniter\CodeIgniter->handleRequest(null, Object(Config\Cache), false)
 4 FCPATH\index.php(67): CodeIgniter\CodeIgniter->run()
 5 SYSTEMPATH\Commands\Server\rewrite.php(46): require_once('FCPATH\\index.php')
CRITICAL - 2022-11-19 12:01:48 --> Call to a member function select() on null
in APPPATH\Controllers\Admin.php on line 19.
 1 SYSTEMPATH\CodeIgniter.php(902): App\Controllers\Admin->data_santri()
 2 SYSTEMPATH\CodeIgniter.php(457): CodeIgniter\CodeIgniter->runController(Object(App\Controllers\Admin))
 3 SYSTEMPATH\CodeIgniter.php(340): CodeIgniter\CodeIgniter->handleRequest(null, Object(Config\Cache), false)
 4 FCPATH\index.php(67): CodeIgniter\CodeIgniter->run()
 5 SYSTEMPATH\Commands\Server\rewrite.php(46): require_once('FCPATH\\index.php')
CRITICAL - 2022-11-19 12:03:37 --> Call to a member function select() on null
in APPPATH\Controllers\Admin.php on line 25.
 1 SYSTEMPATH\CodeIgniter.php(902): App\Controllers\Admin->data_santri()
 2 SYSTEMPATH\CodeIgniter.php(457): CodeIgniter\CodeIgniter->runController(Object(App\Controllers\Admin))
 3 SYSTEMPATH\CodeIgniter.php(340): CodeIgniter\CodeIgniter->handleRequest(null, Object(Config\Cache), false)
 4 FCPATH\index.php(67): CodeIgniter\CodeIgniter->run()
 5 SYSTEMPATH\Commands\Server\rewrite.php(46): require_once('FCPATH\\index.php')
CRITICAL - 2022-11-19 12:03:55 --> Call to a member function select() on null
in APPPATH\Controllers\Admin.php on line 25.
 1 SYSTEMPATH\CodeIgniter.php(902): App\Controllers\Admin->data_santri()
 2 SYSTEMPATH\CodeIgniter.php(457): CodeIgniter\CodeIgniter->runController(Object(App\Controllers\Admin))
 3 SYSTEMPATH\CodeIgniter.php(340): CodeIgniter\CodeIgniter->handleRequest(null, Object(Config\Cache), false)
 4 FCPATH\index.php(67): CodeIgniter\CodeIgniter->run()
 5 SYSTEMPATH\Commands\Server\rewrite.php(46): require_once('FCPATH\\index.php')
CRITICAL - 2022-11-19 12:52:00 --> Undefined variable: kamar
in APPPATH\Views\admin\tambah_santri.php on line 119.
 1 APPPATH\Views\admin\tambah_santri.php(119): CodeIgniter\Debug\Exceptions->errorHandler(8, 'Undefined variable: kamar', 'APPPATH\\Views\\admin\\tambah_santri.php', 119, [...])
 2 SYSTEMPATH\View\View.php(213): include('APPPATH\\Views\\admin\\tambah_santri.php')
 3 SYSTEMPATH\View\View.php(216): CodeIgniter\View\View->CodeIgniter\View\{closure}()
 4 SYSTEMPATH\Common.php(1142): CodeIgniter\View\View->render('/admin/tambah_santri', [], true)
 5 APPPATH\Controllers\Admin.php(61): view('/admin/tambah_santri', [...])
 6 SYSTEMPATH\CodeIgniter.php(902): App\Controllers\Admin->tambah_santri()
 7 SYSTEMPATH\CodeIgniter.php(457): CodeIgniter\CodeIgniter->runController(Object(App\Controllers\Admin))
 8 SYSTEMPATH\CodeIgniter.php(340): CodeIgniter\CodeIgniter->handleRequest(null, Object(Config\Cache), false)
 9 FCPATH\index.php(67): CodeIgniter\CodeIgniter->run()
10 SYSTEMPATH\Commands\Server\rewrite.php(46): require_once('FCPATH\\index.php')
CRITICAL - 2022-11-19 13:25:38 --> Undefined variable: title
in APPPATH\Views\layout\index.php on line 12.
 1 APPPATH\Views\layout\index.php(12): CodeIgniter\Debug\Exceptions->errorHandler(8, 'Undefined variable: title', 'APPPATH\\Views\\layout\\index.php', 12, [...])
 2 SYSTEMPATH\View\View.php(213): include('APPPATH\\Views\\layout\\index.php')
 3 SYSTEMPATH\View\View.php(216): CodeIgniter\View\View->CodeIgniter\View\{closure}()
 4 SYSTEMPATH\View\View.php(229): CodeIgniter\View\View->render('layout/index', [], true)
 5 SYSTEMPATH\Common.php(1142): CodeIgniter\View\View->render('/admin/tambah_santri', [], true)
 6 APPPATH\Controllers\Admin.php(62): view('/admin/tambah_santri', [...])
 7 SYSTEMPATH\CodeIgniter.php(902): App\Controllers\Admin->tambah_santri()
 8 SYSTEMPATH\CodeIgniter.php(457): CodeIgniter\CodeIgniter->runController(Object(App\Controllers\Admin))
 9 SYSTEMPATH\CodeIgniter.php(340): CodeIgniter\CodeIgniter->handleRequest(null, Object(Config\Cache), false)
10 FCPATH\index.php(67): CodeIgniter\CodeIgniter->run()
11 SYSTEMPATH\Commands\Server\rewrite.php(46): require_once('FCPATH\\index.php')
CRITICAL - 2022-11-19 13:56:28 --> Undefined property: stdClass::$nama_kamar
in APPPATH\Views\admin\tambah_santri.php on line 52.
 1 APPPATH\Views\admin\tambah_santri.php(52): CodeIgniter\Debug\Exceptions->errorHandler(8, 'Undefined property: stdClass::$nama_kamar', 'APPPATH\\Views\\admin\\tambah_santri.php', 52, [...])
 2 SYSTEMPATH\View\View.php(213): include('APPPATH\\Views\\admin\\tambah_santri.php')
 3 SYSTEMPATH\View\View.php(216): CodeIgniter\View\View->CodeIgniter\View\{closure}()
 4 SYSTEMPATH\Common.php(1142): CodeIgniter\View\View->render('/admin/tambah_santri', [], true)
 5 APPPATH\Controllers\Admin.php(61): view('/admin/tambah_santri', [...])
 6 SYSTEMPATH\CodeIgniter.php(902): App\Controllers\Admin->tambah_santri()
 7 SYSTEMPATH\CodeIgniter.php(457): CodeIgniter\CodeIgniter->runController(Object(App\Controllers\Admin))
 8 SYSTEMPATH\CodeIgniter.php(340): CodeIgniter\CodeIgniter->handleRequest(null, Object(Config\Cache), false)
 9 FCPATH\index.php(67): CodeIgniter\CodeIgniter->run()
10 SYSTEMPATH\Commands\Server\rewrite.php(46): require_once('FCPATH\\index.php')
CRITICAL - 2022-11-19 13:57:43 --> Undefined variable: gender
in APPPATH\Views\admin\tambah_santri.php on line 51.
 1 APPPATH\Views\admin\tambah_santri.php(51): CodeIgniter\Debug\Exceptions->errorHandler(8, 'Undefined variable: gender', 'APPPATH\\Views\\admin\\tambah_santri.php', 51, [...])
 2 SYSTEMPATH\View\View.php(213): include('APPPATH\\Views\\admin\\tambah_santri.php')
 3 SYSTEMPATH\View\View.php(216): CodeIgniter\View\View->CodeIgniter\View\{closure}()
 4 SYSTEMPATH\Common.php(1142): CodeIgniter\View\View->render('/admin/tambah_santri', [], true)
 5 APPPATH\Controllers\Admin.php(61): view('/admin/tambah_santri', [...])
 6 SYSTEMPATH\CodeIgniter.php(902): App\Controllers\Admin->tambah_santri()
 7 SYSTEMPATH\CodeIgniter.php(457): CodeIgniter\CodeIgniter->runController(Object(App\Controllers\Admin))
 8 SYSTEMPATH\CodeIgniter.php(340): CodeIgniter\CodeIgniter->handleRequest(null, Object(Config\Cache), false)
 9 FCPATH\index.php(67): CodeIgniter\CodeIgniter->run()
10 SYSTEMPATH\Commands\Server\rewrite.php(46): require_once('FCPATH\\index.php')
CRITICAL - 2022-11-19 13:58:13 --> Undefined variable: gender
in APPPATH\Views\admin\tambah_santri.php on line 51.
 1 APPPATH\Views\admin\tambah_santri.php(51): CodeIgniter\Debug\Exceptions->errorHandler(8, 'Undefined variable: gender', 'APPPATH\\Views\\admin\\tambah_santri.php', 51, [...])
 2 SYSTEMPATH\View\View.php(213): include('APPPATH\\Views\\admin\\tambah_santri.php')
 3 SYSTEMPATH\View\View.php(216): CodeIgniter\View\View->CodeIgniter\View\{closure}()
 4 SYSTEMPATH\Common.php(1142): CodeIgniter\View\View->render('/admin/tambah_santri', [], true)
 5 APPPATH\Controllers\Admin.php(61): view('/admin/tambah_santri', [...])
 6 SYSTEMPATH\CodeIgniter.php(902): App\Controllers\Admin->tambah_santri()
 7 SYSTEMPATH\CodeIgniter.php(457): CodeIgniter\CodeIgniter->runController(Object(App\Controllers\Admin))
 8 SYSTEMPATH\CodeIgniter.php(340): CodeIgniter\CodeIgniter->handleRequest(null, Object(Config\Cache), false)
 9 FCPATH\index.php(67): CodeIgniter\CodeIgniter->run()
10 SYSTEMPATH\Commands\Server\rewrite.php(46): require_once('FCPATH\\index.php')
CRITICAL - 2022-11-19 13:58:27 --> Undefined property: stdClass::$kamar_santri
in APPPATH\Views\admin\tambah_santri.php on line 52.
 1 APPPATH\Views\admin\tambah_santri.php(52): CodeIgniter\Debug\Exceptions->errorHandler(8, 'Undefined property: stdClass::$kamar_santri', 'APPPATH\\Views\\admin\\tambah_santri.php', 52, [...])
 2 SYSTEMPATH\View\View.php(213): include('APPPATH\\Views\\admin\\tambah_santri.php')
 3 SYSTEMPATH\View\View.php(216): CodeIgniter\View\View->CodeIgniter\View\{closure}()
 4 SYSTEMPATH\Common.php(1142): CodeIgniter\View\View->render('/admin/tambah_santri', [], true)
 5 APPPATH\Controllers\Admin.php(61): view('/admin/tambah_santri', [...])
 6 SYSTEMPATH\CodeIgniter.php(902): App\Controllers\Admin->tambah_santri()
 7 SYSTEMPATH\CodeIgniter.php(457): CodeIgniter\CodeIgniter->runController(Object(App\Controllers\Admin))
 8 SYSTEMPATH\CodeIgniter.php(340): CodeIgniter\CodeIgniter->handleRequest(null, Object(Config\Cache), false)
 9 FCPATH\index.php(67): CodeIgniter\CodeIgniter->run()
10 SYSTEMPATH\Commands\Server\rewrite.php(46): require_once('FCPATH\\index.php')
CRITICAL - 2022-11-19 13:59:13 --> Undefined property: stdClass::$id_kamar
in APPPATH\Views\admin\tambah_santri.php on line 52.
 1 APPPATH\Views\admin\tambah_santri.php(52): CodeIgniter\Debug\Exceptions->errorHandler(8, 'Undefined property: stdClass::$id_kamar', 'APPPATH\\Views\\admin\\tambah_santri.php', 52, [...])
 2 SYSTEMPATH\View\View.php(213): include('APPPATH\\Views\\admin\\tambah_santri.php')
 3 SYSTEMPATH\View\View.php(216): CodeIgniter\View\View->CodeIgniter\View\{closure}()
 4 SYSTEMPATH\Common.php(1142): CodeIgniter\View\View->render('/admin/tambah_santri', [], true)
 5 APPPATH\Controllers\Admin.php(61): view('/admin/tambah_santri', [...])
 6 SYSTEMPATH\CodeIgniter.php(902): App\Controllers\Admin->tambah_santri()
 7 SYSTEMPATH\CodeIgniter.php(457): CodeIgniter\CodeIgniter->runController(Object(App\Controllers\Admin))
 8 SYSTEMPATH\CodeIgniter.php(340): CodeIgniter\CodeIgniter->handleRequest(null, Object(Config\Cache), false)
 9 FCPATH\index.php(67): CodeIgniter\CodeIgniter->run()
10 SYSTEMPATH\Commands\Server\rewrite.php(46): require_once('FCPATH\\index.php')
