CRITICAL - 2022-11-07 02:57:45 --> Undefined variable: title
in APPPATH\Views\layout\index.php on line 12.
 1 APPPATH\Views\layout\index.php(12): CodeIgniter\Debug\Exceptions->errorHandler(8, 'Undefined variable: title', 'APPPATH\\Views\\layout\\index.php', 12, [])
 2 SYSTEMPATH\View\View.php(213): include('APPPATH\\Views\\layout\\index.php')
 3 SYSTEMPATH\View\View.php(216): CodeIgniter\View\View->CodeIgniter\View\{closure}()
 4 SYSTEMPATH\View\View.php(229): CodeIgniter\View\View->render('layout/index', [], true)
 5 SYSTEMPATH\Common.php(1142): CodeIgniter\View\View->render('layout/user/index', [], true)
 6 APPPATH\Controllers\User.php(9): view('layout/user/index')
 7 SYSTEMPATH\CodeIgniter.php(902): App\Controllers\User->index()
 8 SYSTEMPATH\CodeIgniter.php(457): CodeIgniter\CodeIgniter->runController(Object(App\Controllers\User))
 9 SYSTEMPATH\CodeIgniter.php(340): CodeIgniter\CodeIgniter->handleRequest(null, Object(Config\Cache), false)
10 FCPATH\index.php(67): CodeIgniter\CodeIgniter->run()
11 SYSTEMPATH\Commands\Server\rewrite.php(46): require_once('FCPATH\\index.php')
CRITICAL - 2022-11-07 02:58:03 --> Undefined variable: title
in APPPATH\Views\layout\index.php on line 12.
 1 APPPATH\Views\layout\index.php(12): CodeIgniter\Debug\Exceptions->errorHandler(8, 'Undefined variable: title', 'APPPATH\\Views\\layout\\index.php', 12, [])
 2 SYSTEMPATH\View\View.php(213): include('APPPATH\\Views\\layout\\index.php')
 3 SYSTEMPATH\View\View.php(216): CodeIgniter\View\View->CodeIgniter\View\{closure}()
 4 SYSTEMPATH\View\View.php(229): CodeIgniter\View\View->render('layout/index', [], true)
 5 SYSTEMPATH\Common.php(1142): CodeIgniter\View\View->render('layout/user/index', [], true)
 6 APPPATH\Controllers\User.php(9): view('layout/user/index')
 7 SYSTEMPATH\CodeIgniter.php(902): App\Controllers\User->index()
 8 SYSTEMPATH\CodeIgniter.php(457): CodeIgniter\CodeIgniter->runController(Object(App\Controllers\User))
 9 SYSTEMPATH\CodeIgniter.php(340): CodeIgniter\CodeIgniter->handleRequest(null, Object(Config\Cache), false)
10 FCPATH\index.php(67): CodeIgniter\CodeIgniter->run()
11 SYSTEMPATH\Commands\Server\rewrite.php(46): require_once('FCPATH\\index.php')
CRITICAL - 2022-11-07 03:51:21 --> Undefined variable: users
in APPPATH\Views\layout\user\index.php on line 25.
 1 APPPATH\Views\layout\user\index.php(25): CodeIgniter\Debug\Exceptions->errorHandler(8, 'Undefined variable: users', 'APPPATH\\Views\\layout\\user\\index.php', 25, [...])
 2 SYSTEMPATH\View\View.php(213): include('APPPATH\\Views\\layout\\user\\index.php')
 3 SYSTEMPATH\View\View.php(216): CodeIgniter\View\View->CodeIgniter\View\{closure}()
 4 SYSTEMPATH\Common.php(1142): CodeIgniter\View\View->render('layout/user/index', [], true)
 5 APPPATH\Controllers\User.php(10): view('layout/user/index', [...])
 6 SYSTEMPATH\CodeIgniter.php(902): App\Controllers\User->index()
 7 SYSTEMPATH\CodeIgniter.php(457): CodeIgniter\CodeIgniter->runController(Object(App\Controllers\User))
 8 SYSTEMPATH\CodeIgniter.php(340): CodeIgniter\CodeIgniter->handleRequest(null, Object(Config\Cache), false)
 9 FCPATH\index.php(67): CodeIgniter\CodeIgniter->run()
10 SYSTEMPATH\Commands\Server\rewrite.php(46): require_once('FCPATH\\index.php')
CRITICAL - 2022-11-07 04:00:38 --> Undefined variable: users
in APPPATH\Views\layout\user\index.php on line 25.
 1 APPPATH\Views\layout\user\index.php(25): CodeIgniter\Debug\Exceptions->errorHandler(8, 'Undefined variable: users', 'APPPATH\\Views\\layout\\user\\index.php', 25, [...])
 2 SYSTEMPATH\View\View.php(213): include('APPPATH\\Views\\layout\\user\\index.php')
 3 SYSTEMPATH\View\View.php(216): CodeIgniter\View\View->CodeIgniter\View\{closure}()
 4 SYSTEMPATH\Common.php(1142): CodeIgniter\View\View->render('layout/user/index', [], true)
 5 APPPATH\Controllers\User.php(10): view('layout/user/index', [...])
 6 SYSTEMPATH\CodeIgniter.php(902): App\Controllers\User->index()
 7 SYSTEMPATH\CodeIgniter.php(457): CodeIgniter\CodeIgniter->runController(Object(App\Controllers\User))
 8 SYSTEMPATH\CodeIgniter.php(340): CodeIgniter\CodeIgniter->handleRequest(null, Object(Config\Cache), false)
 9 FCPATH\index.php(67): CodeIgniter\CodeIgniter->run()
10 SYSTEMPATH\Commands\Server\rewrite.php(46): require_once('FCPATH\\index.php')
CRITICAL - 2022-11-07 04:04:21 --> Undefined variable: users
in APPPATH\Views\layout\user\index.php on line 25.
 1 APPPATH\Views\layout\user\index.php(25): CodeIgniter\Debug\Exceptions->errorHandler(8, 'Undefined variable: users', 'APPPATH\\Views\\layout\\user\\index.php', 25, [...])
 2 SYSTEMPATH\View\View.php(213): include('APPPATH\\Views\\layout\\user\\index.php')
 3 SYSTEMPATH\View\View.php(216): CodeIgniter\View\View->CodeIgniter\View\{closure}()
 4 SYSTEMPATH\Common.php(1142): CodeIgniter\View\View->render('layout/user/index', [], true)
 5 APPPATH\Controllers\User.php(10): view('layout/user/index', [...])
 6 SYSTEMPATH\CodeIgniter.php(902): App\Controllers\User->index()
 7 SYSTEMPATH\CodeIgniter.php(457): CodeIgniter\CodeIgniter->runController(Object(App\Controllers\User))
 8 SYSTEMPATH\CodeIgniter.php(340): CodeIgniter\CodeIgniter->handleRequest(null, Object(Config\Cache), false)
 9 FCPATH\index.php(67): CodeIgniter\CodeIgniter->run()
10 SYSTEMPATH\Commands\Server\rewrite.php(46): require_once('FCPATH\\index.php')
CRITICAL - 2022-11-07 04:04:43 --> Undefined variable: users
in APPPATH\Views\layout\user\index.php on line 11.
 1 APPPATH\Views\layout\user\index.php(11): CodeIgniter\Debug\Exceptions->errorHandler(8, 'Undefined variable: users', 'APPPATH\\Views\\layout\\user\\index.php', 11, [...])
 2 SYSTEMPATH\View\View.php(213): include('APPPATH\\Views\\layout\\user\\index.php')
 3 SYSTEMPATH\View\View.php(216): CodeIgniter\View\View->CodeIgniter\View\{closure}()
 4 SYSTEMPATH\Common.php(1142): CodeIgniter\View\View->render('layout/user/index', [], true)
 5 APPPATH\Controllers\User.php(10): view('layout/user/index', [...])
 6 SYSTEMPATH\CodeIgniter.php(902): App\Controllers\User->index()
 7 SYSTEMPATH\CodeIgniter.php(457): CodeIgniter\CodeIgniter->runController(Object(App\Controllers\User))
 8 SYSTEMPATH\CodeIgniter.php(340): CodeIgniter\CodeIgniter->handleRequest(null, Object(Config\Cache), false)
 9 FCPATH\index.php(67): CodeIgniter\CodeIgniter->run()
10 SYSTEMPATH\Commands\Server\rewrite.php(46): require_once('FCPATH\\index.php')
CRITICAL - 2022-11-07 04:05:16 --> Undefined variable: users
in APPPATH\Views\layout\user\index.php on line 11.
 1 APPPATH\Views\layout\user\index.php(11): CodeIgniter\Debug\Exceptions->errorHandler(8, 'Undefined variable: users', 'APPPATH\\Views\\layout\\user\\index.php', 11, [...])
 2 SYSTEMPATH\View\View.php(213): include('APPPATH\\Views\\layout\\user\\index.php')
 3 SYSTEMPATH\View\View.php(216): CodeIgniter\View\View->CodeIgniter\View\{closure}()
 4 SYSTEMPATH\Common.php(1142): CodeIgniter\View\View->render('layout/user/index', [], true)
 5 APPPATH\Controllers\User.php(10): view('layout/user/index', [...])
 6 SYSTEMPATH\CodeIgniter.php(902): App\Controllers\User->index()
 7 SYSTEMPATH\CodeIgniter.php(457): CodeIgniter\CodeIgniter->runController(Object(App\Controllers\User))
 8 SYSTEMPATH\CodeIgniter.php(340): CodeIgniter\CodeIgniter->handleRequest(null, Object(Config\Cache), false)
 9 FCPATH\index.php(67): CodeIgniter\CodeIgniter->run()
10 SYSTEMPATH\Commands\Server\rewrite.php(46): require_once('FCPATH\\index.php')
CRITICAL - 2022-11-07 04:19:35 --> Undefined variable: users
in APPPATH\Views\layout\user\index.php on line 11.
 1 APPPATH\Views\layout\user\index.php(11): CodeIgniter\Debug\Exceptions->errorHandler(8, 'Undefined variable: users', 'APPPATH\\Views\\layout\\user\\index.php', 11, [...])
 2 SYSTEMPATH\View\View.php(213): include('APPPATH\\Views\\layout\\user\\index.php')
 3 SYSTEMPATH\View\View.php(216): CodeIgniter\View\View->CodeIgniter\View\{closure}()
 4 SYSTEMPATH\Common.php(1142): CodeIgniter\View\View->render('layout/user/index', [], true)
 5 APPPATH\Controllers\User.php(10): view('layout/user/index', [...])
 6 SYSTEMPATH\CodeIgniter.php(902): App\Controllers\User->index()
 7 SYSTEMPATH\CodeIgniter.php(457): CodeIgniter\CodeIgniter->runController(Object(App\Controllers\User))
 8 SYSTEMPATH\CodeIgniter.php(340): CodeIgniter\CodeIgniter->handleRequest(null, Object(Config\Cache), false)
 9 FCPATH\index.php(67): CodeIgniter\CodeIgniter->run()
10 SYSTEMPATH\Commands\Server\rewrite.php(46): require_once('FCPATH\\index.php')
CRITICAL - 2022-11-07 04:24:24 --> Undefined variable: users
in APPPATH\Views\layout\user\index.php on line 11.
 1 APPPATH\Views\layout\user\index.php(11): CodeIgniter\Debug\Exceptions->errorHandler(8, 'Undefined variable: users', 'APPPATH\\Views\\layout\\user\\index.php', 11, [...])
 2 SYSTEMPATH\View\View.php(213): include('APPPATH\\Views\\layout\\user\\index.php')
 3 SYSTEMPATH\View\View.php(216): CodeIgniter\View\View->CodeIgniter\View\{closure}()
 4 SYSTEMPATH\Common.php(1142): CodeIgniter\View\View->render('layout/user/index', [], true)
 5 APPPATH\Controllers\User.php(10): view('layout/user/index', [...])
 6 SYSTEMPATH\CodeIgniter.php(902): App\Controllers\User->index()
 7 SYSTEMPATH\CodeIgniter.php(457): CodeIgniter\CodeIgniter->runController(Object(App\Controllers\User))
 8 SYSTEMPATH\CodeIgniter.php(340): CodeIgniter\CodeIgniter->handleRequest(null, Object(Config\Cache), false)
 9 FCPATH\index.php(67): CodeIgniter\CodeIgniter->run()
10 SYSTEMPATH\Commands\Server\rewrite.php(46): require_once('FCPATH\\index.php')
CRITICAL - 2022-11-07 04:24:38 --> Undefined variable: users
in APPPATH\Views\layout\user\index.php on line 24.
 1 APPPATH\Views\layout\user\index.php(24): CodeIgniter\Debug\Exceptions->errorHandler(8, 'Undefined variable: users', 'APPPATH\\Views\\layout\\user\\index.php', 24, [...])
 2 SYSTEMPATH\View\View.php(213): include('APPPATH\\Views\\layout\\user\\index.php')
 3 SYSTEMPATH\View\View.php(216): CodeIgniter\View\View->CodeIgniter\View\{closure}()
 4 SYSTEMPATH\Common.php(1142): CodeIgniter\View\View->render('layout/user/index', [], true)
 5 APPPATH\Controllers\User.php(10): view('layout/user/index', [...])
 6 SYSTEMPATH\CodeIgniter.php(902): App\Controllers\User->index()
 7 SYSTEMPATH\CodeIgniter.php(457): CodeIgniter\CodeIgniter->runController(Object(App\Controllers\User))
 8 SYSTEMPATH\CodeIgniter.php(340): CodeIgniter\CodeIgniter->handleRequest(null, Object(Config\Cache), false)
 9 FCPATH\index.php(67): CodeIgniter\CodeIgniter->run()
10 SYSTEMPATH\Commands\Server\rewrite.php(46): require_once('FCPATH\\index.php')
CRITICAL - 2022-11-07 04:37:38 --> Undefined variable: users
in APPPATH\Views\layout\user\index.php on line 24.
 1 APPPATH\Views\layout\user\index.php(24): CodeIgniter\Debug\Exceptions->errorHandler(8, 'Undefined variable: users', 'APPPATH\\Views\\layout\\user\\index.php', 24, [...])
 2 SYSTEMPATH\View\View.php(213): include('APPPATH\\Views\\layout\\user\\index.php')
 3 SYSTEMPATH\View\View.php(216): CodeIgniter\View\View->CodeIgniter\View\{closure}()
 4 SYSTEMPATH\Common.php(1142): CodeIgniter\View\View->render('layout/user/index', [], true)
 5 APPPATH\Controllers\User.php(10): view('layout/user/index', [...])
 6 SYSTEMPATH\CodeIgniter.php(902): App\Controllers\User->index()
 7 SYSTEMPATH\CodeIgniter.php(457): CodeIgniter\CodeIgniter->runController(Object(App\Controllers\User))
 8 SYSTEMPATH\CodeIgniter.php(340): CodeIgniter\CodeIgniter->handleRequest(null, Object(Config\Cache), false)
 9 FCPATH\index.php(67): CodeIgniter\CodeIgniter->run()
10 SYSTEMPATH\Commands\Server\rewrite.php(46): require_once('FCPATH\\index.php')
CRITICAL - 2022-11-07 04:57:29 --> Undefined variable: users
in APPPATH\Views\layout\user\index.php on line 24.
 1 APPPATH\Views\layout\user\index.php(24): CodeIgniter\Debug\Exceptions->errorHandler(8, 'Undefined variable: users', 'APPPATH\\Views\\layout\\user\\index.php', 24, [...])
 2 SYSTEMPATH\View\View.php(213): include('APPPATH\\Views\\layout\\user\\index.php')
 3 SYSTEMPATH\View\View.php(216): CodeIgniter\View\View->CodeIgniter\View\{closure}()
 4 SYSTEMPATH\Common.php(1142): CodeIgniter\View\View->render('layout/user/index', [], true)
 5 APPPATH\Controllers\User.php(10): view('layout/user/index', [...])
 6 SYSTEMPATH\CodeIgniter.php(902): App\Controllers\User->index()
 7 SYSTEMPATH\CodeIgniter.php(457): CodeIgniter\CodeIgniter->runController(Object(App\Controllers\User))
 8 SYSTEMPATH\CodeIgniter.php(340): CodeIgniter\CodeIgniter->handleRequest(null, Object(Config\Cache), false)
 9 FCPATH\index.php(67): CodeIgniter\CodeIgniter->run()
10 SYSTEMPATH\Commands\Server\rewrite.php(46): require_once('FCPATH\\index.php')
CRITICAL - 2022-11-07 09:28:02 --> Undefined variable: user
in APPPATH\Views\layout\user\index.php on line 24.
 1 APPPATH\Views\layout\user\index.php(24): CodeIgniter\Debug\Exceptions->errorHandler(8, 'Undefined variable: user', 'APPPATH\\Views\\layout\\user\\index.php', 24, [...])
 2 SYSTEMPATH\View\View.php(213): include('APPPATH\\Views\\layout\\user\\index.php')
 3 SYSTEMPATH\View\View.php(216): CodeIgniter\View\View->CodeIgniter\View\{closure}()
 4 SYSTEMPATH\Common.php(1142): CodeIgniter\View\View->render('layout/user/index', [], true)
 5 APPPATH\Controllers\User.php(10): view('layout/user/index', [...])
 6 SYSTEMPATH\CodeIgniter.php(902): App\Controllers\User->index()
 7 SYSTEMPATH\CodeIgniter.php(457): CodeIgniter\CodeIgniter->runController(Object(App\Controllers\User))
 8 SYSTEMPATH\CodeIgniter.php(340): CodeIgniter\CodeIgniter->handleRequest(null, Object(Config\Cache), false)
 9 FCPATH\index.php(67): CodeIgniter\CodeIgniter->run()
10 SYSTEMPATH\Commands\Server\rewrite.php(46): require_once('FCPATH\\index.php')
CRITICAL - 2022-11-07 09:29:08 --> Undefined variable: users
in APPPATH\Views\layout\user\index.php on line 24.
 1 APPPATH\Views\layout\user\index.php(24): CodeIgniter\Debug\Exceptions->errorHandler(8, 'Undefined variable: users', 'APPPATH\\Views\\layout\\user\\index.php', 24, [...])
 2 SYSTEMPATH\View\View.php(213): include('APPPATH\\Views\\layout\\user\\index.php')
 3 SYSTEMPATH\View\View.php(216): CodeIgniter\View\View->CodeIgniter\View\{closure}()
 4 SYSTEMPATH\Common.php(1142): CodeIgniter\View\View->render('layout/user/index', [], true)
 5 APPPATH\Controllers\User.php(10): view('layout/user/index', [...])
 6 SYSTEMPATH\CodeIgniter.php(902): App\Controllers\User->index()
 7 SYSTEMPATH\CodeIgniter.php(457): CodeIgniter\CodeIgniter->runController(Object(App\Controllers\User))
 8 SYSTEMPATH\CodeIgniter.php(340): CodeIgniter\CodeIgniter->handleRequest(null, Object(Config\Cache), false)
 9 FCPATH\index.php(67): CodeIgniter\CodeIgniter->run()
10 SYSTEMPATH\Commands\Server\rewrite.php(46): require_once('FCPATH\\index.php')
CRITICAL - 2022-11-07 09:31:47 --> Undefined variable: users
in APPPATH\Views\layout\user\index.php on line 24.
 1 APPPATH\Views\layout\user\index.php(24): CodeIgniter\Debug\Exceptions->errorHandler(8, 'Undefined variable: users', 'APPPATH\\Views\\layout\\user\\index.php', 24, [...])
 2 SYSTEMPATH\View\View.php(213): include('APPPATH\\Views\\layout\\user\\index.php')
 3 SYSTEMPATH\View\View.php(216): CodeIgniter\View\View->CodeIgniter\View\{closure}()
 4 SYSTEMPATH\Common.php(1142): CodeIgniter\View\View->render('layout/user/index', [], true)
 5 APPPATH\Controllers\User.php(10): view('layout/user/index', [...])
 6 SYSTEMPATH\CodeIgniter.php(902): App\Controllers\User->index()
 7 SYSTEMPATH\CodeIgniter.php(457): CodeIgniter\CodeIgniter->runController(Object(App\Controllers\User))
 8 SYSTEMPATH\CodeIgniter.php(340): CodeIgniter\CodeIgniter->handleRequest(null, Object(Config\Cache), false)
 9 FCPATH\index.php(67): CodeIgniter\CodeIgniter->run()
10 SYSTEMPATH\Commands\Server\rewrite.php(46): require_once('FCPATH\\index.php')
CRITICAL - 2022-11-07 09:32:01 --> Undefined variable: users
in APPPATH\Views\layout\user\index.php on line 24.
 1 APPPATH\Views\layout\user\index.php(24): CodeIgniter\Debug\Exceptions->errorHandler(8, 'Undefined variable: users', 'APPPATH\\Views\\layout\\user\\index.php', 24, [...])
 2 SYSTEMPATH\View\View.php(213): include('APPPATH\\Views\\layout\\user\\index.php')
 3 SYSTEMPATH\View\View.php(216): CodeIgniter\View\View->CodeIgniter\View\{closure}()
 4 SYSTEMPATH\Common.php(1142): CodeIgniter\View\View->render('layout/user/index', [], true)
 5 APPPATH\Controllers\User.php(10): view('layout/user/index', [...])
 6 SYSTEMPATH\CodeIgniter.php(902): App\Controllers\User->index()
 7 SYSTEMPATH\CodeIgniter.php(457): CodeIgniter\CodeIgniter->runController(Object(App\Controllers\User))
 8 SYSTEMPATH\CodeIgniter.php(340): CodeIgniter\CodeIgniter->handleRequest(null, Object(Config\Cache), false)
 9 FCPATH\index.php(67): CodeIgniter\CodeIgniter->run()
10 SYSTEMPATH\Commands\Server\rewrite.php(46): require_once('FCPATH\\index.php')
CRITICAL - 2022-11-07 09:32:03 --> Undefined variable: users
in APPPATH\Views\layout\user\index.php on line 24.
 1 APPPATH\Views\layout\user\index.php(24): CodeIgniter\Debug\Exceptions->errorHandler(8, 'Undefined variable: users', 'APPPATH\\Views\\layout\\user\\index.php', 24, [...])
 2 SYSTEMPATH\View\View.php(213): include('APPPATH\\Views\\layout\\user\\index.php')
 3 SYSTEMPATH\View\View.php(216): CodeIgniter\View\View->CodeIgniter\View\{closure}()
 4 SYSTEMPATH\Common.php(1142): CodeIgniter\View\View->render('layout/user/index', [], true)
 5 APPPATH\Controllers\User.php(10): view('layout/user/index', [...])
 6 SYSTEMPATH\CodeIgniter.php(902): App\Controllers\User->index()
 7 SYSTEMPATH\CodeIgniter.php(457): CodeIgniter\CodeIgniter->runController(Object(App\Controllers\User))
 8 SYSTEMPATH\CodeIgniter.php(340): CodeIgniter\CodeIgniter->handleRequest(null, Object(Config\Cache), false)
 9 FCPATH\index.php(67): CodeIgniter\CodeIgniter->run()
10 SYSTEMPATH\Commands\Server\rewrite.php(46): require_once('FCPATH\\index.php')
CRITICAL - 2022-11-07 09:32:04 --> Undefined variable: users
in APPPATH\Views\layout\user\index.php on line 24.
 1 APPPATH\Views\layout\user\index.php(24): CodeIgniter\Debug\Exceptions->errorHandler(8, 'Undefined variable: users', 'APPPATH\\Views\\layout\\user\\index.php', 24, [...])
 2 SYSTEMPATH\View\View.php(213): include('APPPATH\\Views\\layout\\user\\index.php')
 3 SYSTEMPATH\View\View.php(216): CodeIgniter\View\View->CodeIgniter\View\{closure}()
 4 SYSTEMPATH\Common.php(1142): CodeIgniter\View\View->render('layout/user/index', [], true)
 5 APPPATH\Controllers\User.php(10): view('layout/user/index', [...])
 6 SYSTEMPATH\CodeIgniter.php(902): App\Controllers\User->index()
 7 SYSTEMPATH\CodeIgniter.php(457): CodeIgniter\CodeIgniter->runController(Object(App\Controllers\User))
 8 SYSTEMPATH\CodeIgniter.php(340): CodeIgniter\CodeIgniter->handleRequest(null, Object(Config\Cache), false)
 9 FCPATH\index.php(67): CodeIgniter\CodeIgniter->run()
10 SYSTEMPATH\Commands\Server\rewrite.php(46): require_once('FCPATH\\index.php')
CRITICAL - 2022-11-07 09:35:44 --> Undefined variable: users
in APPPATH\Views\layout\user\index.php on line 24.
 1 APPPATH\Views\layout\user\index.php(24): CodeIgniter\Debug\Exceptions->errorHandler(8, 'Undefined variable: users', 'APPPATH\\Views\\layout\\user\\index.php', 24, [...])
 2 SYSTEMPATH\View\View.php(213): include('APPPATH\\Views\\layout\\user\\index.php')
 3 SYSTEMPATH\View\View.php(216): CodeIgniter\View\View->CodeIgniter\View\{closure}()
 4 SYSTEMPATH\Common.php(1142): CodeIgniter\View\View->render('layout/user/index', [], true)
 5 APPPATH\Controllers\User.php(10): view('layout/user/index', [...])
 6 SYSTEMPATH\CodeIgniter.php(902): App\Controllers\User->index()
 7 SYSTEMPATH\CodeIgniter.php(457): CodeIgniter\CodeIgniter->runController(Object(App\Controllers\User))
 8 SYSTEMPATH\CodeIgniter.php(340): CodeIgniter\CodeIgniter->handleRequest(null, Object(Config\Cache), false)
 9 FCPATH\index.php(67): CodeIgniter\CodeIgniter->run()
10 SYSTEMPATH\Commands\Server\rewrite.php(46): require_once('FCPATH\\index.php')
CRITICAL - 2022-11-07 09:37:27 --> Undefined variable: users
in APPPATH\Views\layout\user\index.php on line 24.
 1 APPPATH\Views\layout\user\index.php(24): CodeIgniter\Debug\Exceptions->errorHandler(8, 'Undefined variable: users', 'APPPATH\\Views\\layout\\user\\index.php', 24, [...])
 2 SYSTEMPATH\View\View.php(213): include('APPPATH\\Views\\layout\\user\\index.php')
 3 SYSTEMPATH\View\View.php(216): CodeIgniter\View\View->CodeIgniter\View\{closure}()
 4 SYSTEMPATH\Common.php(1142): CodeIgniter\View\View->render('layout/user/index', [], true)
 5 APPPATH\Controllers\User.php(10): view('layout/user/index', [...])
 6 SYSTEMPATH\CodeIgniter.php(902): App\Controllers\User->index()
 7 SYSTEMPATH\CodeIgniter.php(457): CodeIgniter\CodeIgniter->runController(Object(App\Controllers\User))
 8 SYSTEMPATH\CodeIgniter.php(340): CodeIgniter\CodeIgniter->handleRequest(null, Object(Config\Cache), false)
 9 FCPATH\index.php(67): CodeIgniter\CodeIgniter->run()
10 SYSTEMPATH\Commands\Server\rewrite.php(46): require_once('FCPATH\\index.php')
CRITICAL - 2022-11-07 09:37:41 --> Undefined variable: users
in APPPATH\Views\layout\user\index.php on line 24.
 1 APPPATH\Views\layout\user\index.php(24): CodeIgniter\Debug\Exceptions->errorHandler(8, 'Undefined variable: users', 'APPPATH\\Views\\layout\\user\\index.php', 24, [...])
 2 SYSTEMPATH\View\View.php(213): include('APPPATH\\Views\\layout\\user\\index.php')
 3 SYSTEMPATH\View\View.php(216): CodeIgniter\View\View->CodeIgniter\View\{closure}()
 4 SYSTEMPATH\Common.php(1142): CodeIgniter\View\View->render('layout/user/index', [], true)
 5 APPPATH\Controllers\User.php(10): view('layout/user/index', [...])
 6 SYSTEMPATH\CodeIgniter.php(902): App\Controllers\User->index()
 7 SYSTEMPATH\CodeIgniter.php(457): CodeIgniter\CodeIgniter->runController(Object(App\Controllers\User))
 8 SYSTEMPATH\CodeIgniter.php(340): CodeIgniter\CodeIgniter->handleRequest(null, Object(Config\Cache), false)
 9 FCPATH\index.php(67): CodeIgniter\CodeIgniter->run()
10 SYSTEMPATH\Commands\Server\rewrite.php(46): require_once('FCPATH\\index.php')
CRITICAL - 2022-11-07 09:37:47 --> Undefined variable: users
in APPPATH\Views\layout\user\index.php on line 24.
 1 APPPATH\Views\layout\user\index.php(24): CodeIgniter\Debug\Exceptions->errorHandler(8, 'Undefined variable: users', 'APPPATH\\Views\\layout\\user\\index.php', 24, [...])
 2 SYSTEMPATH\View\View.php(213): include('APPPATH\\Views\\layout\\user\\index.php')
 3 SYSTEMPATH\View\View.php(216): CodeIgniter\View\View->CodeIgniter\View\{closure}()
 4 SYSTEMPATH\Common.php(1142): CodeIgniter\View\View->render('layout/user/index', [], true)
 5 APPPATH\Controllers\User.php(10): view('layout/user/index', [...])
 6 SYSTEMPATH\CodeIgniter.php(902): App\Controllers\User->index()
 7 SYSTEMPATH\CodeIgniter.php(457): CodeIgniter\CodeIgniter->runController(Object(App\Controllers\User))
 8 SYSTEMPATH\CodeIgniter.php(340): CodeIgniter\CodeIgniter->handleRequest(null, Object(Config\Cache), false)
 9 FCPATH\index.php(67): CodeIgniter\CodeIgniter->run()
10 SYSTEMPATH\Commands\Server\rewrite.php(46): require_once('FCPATH\\index.php')
CRITICAL - 2022-11-07 09:50:08 --> Undefined variable: users
in APPPATH\Views\layout\user\index.php on line 24.
 1 APPPATH\Views\layout\user\index.php(24): CodeIgniter\Debug\Exceptions->errorHandler(8, 'Undefined variable: users', 'APPPATH\\Views\\layout\\user\\index.php', 24, [...])
 2 SYSTEMPATH\View\View.php(213): include('APPPATH\\Views\\layout\\user\\index.php')
 3 SYSTEMPATH\View\View.php(216): CodeIgniter\View\View->CodeIgniter\View\{closure}()
 4 SYSTEMPATH\Common.php(1142): CodeIgniter\View\View->render('layout/user/index', [], true)
 5 APPPATH\Controllers\User.php(10): view('layout/user/index', [...])
 6 SYSTEMPATH\CodeIgniter.php(902): App\Controllers\User->index()
 7 SYSTEMPATH\CodeIgniter.php(457): CodeIgniter\CodeIgniter->runController(Object(App\Controllers\User))
 8 SYSTEMPATH\CodeIgniter.php(340): CodeIgniter\CodeIgniter->handleRequest(null, Object(Config\Cache), false)
 9 FCPATH\index.php(67): CodeIgniter\CodeIgniter->run()
10 SYSTEMPATH\Commands\Server\rewrite.php(46): require_once('FCPATH\\index.php')
CRITICAL - 2022-11-07 22:59:04 --> Undefined variable: users
in APPPATH\Views\layout\user\index.php on line 24.
 1 APPPATH\Views\layout\user\index.php(24): CodeIgniter\Debug\Exceptions->errorHandler(8, 'Undefined variable: users', 'APPPATH\\Views\\layout\\user\\index.php', 24, [...])
 2 SYSTEMPATH\View\View.php(213): include('APPPATH\\Views\\layout\\user\\index.php')
 3 SYSTEMPATH\View\View.php(216): CodeIgniter\View\View->CodeIgniter\View\{closure}()
 4 SYSTEMPATH\Common.php(1142): CodeIgniter\View\View->render('layout/user/index', [], true)
 5 APPPATH\Controllers\User.php(10): view('layout/user/index', [...])
 6 SYSTEMPATH\CodeIgniter.php(902): App\Controllers\User->index()
 7 SYSTEMPATH\CodeIgniter.php(457): CodeIgniter\CodeIgniter->runController(Object(App\Controllers\User))
 8 SYSTEMPATH\CodeIgniter.php(340): CodeIgniter\CodeIgniter->handleRequest(null, Object(Config\Cache), false)
 9 FCPATH\index.php(67): CodeIgniter\CodeIgniter->run()
10 SYSTEMPATH\Commands\Server\rewrite.php(46): require_once('FCPATH\\index.php')
CRITICAL - 2022-11-07 22:59:09 --> Undefined variable: users
in APPPATH\Views\layout\user\index.php on line 24.
 1 APPPATH\Views\layout\user\index.php(24): CodeIgniter\Debug\Exceptions->errorHandler(8, 'Undefined variable: users', 'APPPATH\\Views\\layout\\user\\index.php', 24, [...])
 2 SYSTEMPATH\View\View.php(213): include('APPPATH\\Views\\layout\\user\\index.php')
 3 SYSTEMPATH\View\View.php(216): CodeIgniter\View\View->CodeIgniter\View\{closure}()
 4 SYSTEMPATH\Common.php(1142): CodeIgniter\View\View->render('layout/user/index', [], true)
 5 APPPATH\Controllers\User.php(10): view('layout/user/index', [...])
 6 SYSTEMPATH\CodeIgniter.php(902): App\Controllers\User->index()
 7 SYSTEMPATH\CodeIgniter.php(457): CodeIgniter\CodeIgniter->runController(Object(App\Controllers\User))
 8 SYSTEMPATH\CodeIgniter.php(340): CodeIgniter\CodeIgniter->handleRequest(null, Object(Config\Cache), false)
 9 FCPATH\index.php(67): CodeIgniter\CodeIgniter->run()
10 SYSTEMPATH\Commands\Server\rewrite.php(46): require_once('FCPATH\\index.php')
CRITICAL - 2022-11-07 22:59:14 --> Undefined variable: users
in APPPATH\Views\layout\user\index.php on line 24.
 1 APPPATH\Views\layout\user\index.php(24): CodeIgniter\Debug\Exceptions->errorHandler(8, 'Undefined variable: users', 'APPPATH\\Views\\layout\\user\\index.php', 24, [...])
 2 SYSTEMPATH\View\View.php(213): include('APPPATH\\Views\\layout\\user\\index.php')
 3 SYSTEMPATH\View\View.php(216): CodeIgniter\View\View->CodeIgniter\View\{closure}()
 4 SYSTEMPATH\Common.php(1142): CodeIgniter\View\View->render('layout/user/index', [], true)
 5 APPPATH\Controllers\User.php(10): view('layout/user/index', [...])
 6 SYSTEMPATH\CodeIgniter.php(902): App\Controllers\User->index()
 7 SYSTEMPATH\CodeIgniter.php(457): CodeIgniter\CodeIgniter->runController(Object(App\Controllers\User))
 8 SYSTEMPATH\CodeIgniter.php(340): CodeIgniter\CodeIgniter->handleRequest(null, Object(Config\Cache), false)
 9 FCPATH\index.php(67): CodeIgniter\CodeIgniter->run()
10 SYSTEMPATH\Commands\Server\rewrite.php(46): require_once('FCPATH\\index.php')
CRITICAL - 2022-11-07 22:59:15 --> Undefined variable: users
in APPPATH\Views\layout\user\index.php on line 24.
 1 APPPATH\Views\layout\user\index.php(24): CodeIgniter\Debug\Exceptions->errorHandler(8, 'Undefined variable: users', 'APPPATH\\Views\\layout\\user\\index.php', 24, [...])
 2 SYSTEMPATH\View\View.php(213): include('APPPATH\\Views\\layout\\user\\index.php')
 3 SYSTEMPATH\View\View.php(216): CodeIgniter\View\View->CodeIgniter\View\{closure}()
 4 SYSTEMPATH\Common.php(1142): CodeIgniter\View\View->render('layout/user/index', [], true)
 5 APPPATH\Controllers\User.php(10): view('layout/user/index', [...])
 6 SYSTEMPATH\CodeIgniter.php(902): App\Controllers\User->index()
 7 SYSTEMPATH\CodeIgniter.php(457): CodeIgniter\CodeIgniter->runController(Object(App\Controllers\User))
 8 SYSTEMPATH\CodeIgniter.php(340): CodeIgniter\CodeIgniter->handleRequest(null, Object(Config\Cache), false)
 9 FCPATH\index.php(67): CodeIgniter\CodeIgniter->run()
10 SYSTEMPATH\Commands\Server\rewrite.php(46): require_once('FCPATH\\index.php')
CRITICAL - 2022-11-07 22:59:16 --> Undefined variable: users
in APPPATH\Views\layout\user\index.php on line 24.
 1 APPPATH\Views\layout\user\index.php(24): CodeIgniter\Debug\Exceptions->errorHandler(8, 'Undefined variable: users', 'APPPATH\\Views\\layout\\user\\index.php', 24, [...])
 2 SYSTEMPATH\View\View.php(213): include('APPPATH\\Views\\layout\\user\\index.php')
 3 SYSTEMPATH\View\View.php(216): CodeIgniter\View\View->CodeIgniter\View\{closure}()
 4 SYSTEMPATH\Common.php(1142): CodeIgniter\View\View->render('layout/user/index', [], true)
 5 APPPATH\Controllers\User.php(10): view('layout/user/index', [...])
 6 SYSTEMPATH\CodeIgniter.php(902): App\Controllers\User->index()
 7 SYSTEMPATH\CodeIgniter.php(457): CodeIgniter\CodeIgniter->runController(Object(App\Controllers\User))
 8 SYSTEMPATH\CodeIgniter.php(340): CodeIgniter\CodeIgniter->handleRequest(null, Object(Config\Cache), false)
 9 FCPATH\index.php(67): CodeIgniter\CodeIgniter->run()
10 SYSTEMPATH\Commands\Server\rewrite.php(46): require_once('FCPATH\\index.php')
CRITICAL - 2022-11-07 22:59:17 --> Undefined variable: users
in APPPATH\Views\layout\user\index.php on line 24.
 1 APPPATH\Views\layout\user\index.php(24): CodeIgniter\Debug\Exceptions->errorHandler(8, 'Undefined variable: users', 'APPPATH\\Views\\layout\\user\\index.php', 24, [...])
 2 SYSTEMPATH\View\View.php(213): include('APPPATH\\Views\\layout\\user\\index.php')
 3 SYSTEMPATH\View\View.php(216): CodeIgniter\View\View->CodeIgniter\View\{closure}()
 4 SYSTEMPATH\Common.php(1142): CodeIgniter\View\View->render('layout/user/index', [], true)
 5 APPPATH\Controllers\User.php(10): view('layout/user/index', [...])
 6 SYSTEMPATH\CodeIgniter.php(902): App\Controllers\User->index()
 7 SYSTEMPATH\CodeIgniter.php(457): CodeIgniter\CodeIgniter->runController(Object(App\Controllers\User))
 8 SYSTEMPATH\CodeIgniter.php(340): CodeIgniter\CodeIgniter->handleRequest(null, Object(Config\Cache), false)
 9 FCPATH\index.php(67): CodeIgniter\CodeIgniter->run()
10 SYSTEMPATH\Commands\Server\rewrite.php(46): require_once('FCPATH\\index.php')
CRITICAL - 2022-11-07 23:10:20 --> Undefined variable: users
in APPPATH\Views\layout\user\index.php on line 25.
 1 APPPATH\Views\layout\user\index.php(25): CodeIgniter\Debug\Exceptions->errorHandler(8, 'Undefined variable: users', 'APPPATH\\Views\\layout\\user\\index.php', 25, [...])
 2 SYSTEMPATH\View\View.php(213): include('APPPATH\\Views\\layout\\user\\index.php')
 3 SYSTEMPATH\View\View.php(216): CodeIgniter\View\View->CodeIgniter\View\{closure}()
 4 SYSTEMPATH\Common.php(1142): CodeIgniter\View\View->render('layout/user/index', [], true)
 5 APPPATH\Controllers\User.php(10): view('layout/user/index', [...])
 6 SYSTEMPATH\CodeIgniter.php(902): App\Controllers\User->index()
 7 SYSTEMPATH\CodeIgniter.php(457): CodeIgniter\CodeIgniter->runController(Object(App\Controllers\User))
 8 SYSTEMPATH\CodeIgniter.php(340): CodeIgniter\CodeIgniter->handleRequest(null, Object(Config\Cache), false)
 9 FCPATH\index.php(67): CodeIgniter\CodeIgniter->run()
10 SYSTEMPATH\Commands\Server\rewrite.php(46): require_once('FCPATH\\index.php')
CRITICAL - 2022-11-07 23:10:34 --> Undefined variable: users
in APPPATH\Views\layout\user\index.php on line 10.
 1 APPPATH\Views\layout\user\index.php(10): CodeIgniter\Debug\Exceptions->errorHandler(8, 'Undefined variable: users', 'APPPATH\\Views\\layout\\user\\index.php', 10, [...])
 2 SYSTEMPATH\View\View.php(213): include('APPPATH\\Views\\layout\\user\\index.php')
 3 SYSTEMPATH\View\View.php(216): CodeIgniter\View\View->CodeIgniter\View\{closure}()
 4 SYSTEMPATH\Common.php(1142): CodeIgniter\View\View->render('layout/user/index', [], true)
 5 APPPATH\Controllers\User.php(10): view('layout/user/index', [...])
 6 SYSTEMPATH\CodeIgniter.php(902): App\Controllers\User->index()
 7 SYSTEMPATH\CodeIgniter.php(457): CodeIgniter\CodeIgniter->runController(Object(App\Controllers\User))
 8 SYSTEMPATH\CodeIgniter.php(340): CodeIgniter\CodeIgniter->handleRequest(null, Object(Config\Cache), false)
 9 FCPATH\index.php(67): CodeIgniter\CodeIgniter->run()
10 SYSTEMPATH\Commands\Server\rewrite.php(46): require_once('FCPATH\\index.php')
CRITICAL - 2022-11-07 23:13:39 --> Undefined variable: users
in APPPATH\Views\layout\user\index.php on line 10.
 1 APPPATH\Views\layout\user\index.php(10): CodeIgniter\Debug\Exceptions->errorHandler(8, 'Undefined variable: users', 'APPPATH\\Views\\layout\\user\\index.php', 10, [...])
 2 SYSTEMPATH\View\View.php(213): include('APPPATH\\Views\\layout\\user\\index.php')
 3 SYSTEMPATH\View\View.php(216): CodeIgniter\View\View->CodeIgniter\View\{closure}()
 4 SYSTEMPATH\Common.php(1142): CodeIgniter\View\View->render('layout/user/index', [], true)
 5 APPPATH\Controllers\User.php(10): view('layout/user/index', [...])
 6 SYSTEMPATH\CodeIgniter.php(902): App\Controllers\User->index()
 7 SYSTEMPATH\CodeIgniter.php(457): CodeIgniter\CodeIgniter->runController(Object(App\Controllers\User))
 8 SYSTEMPATH\CodeIgniter.php(340): CodeIgniter\CodeIgniter->handleRequest(null, Object(Config\Cache), false)
 9 FCPATH\index.php(67): CodeIgniter\CodeIgniter->run()
10 SYSTEMPATH\Commands\Server\rewrite.php(46): require_once('FCPATH\\index.php')
CRITICAL - 2022-11-07 23:16:17 --> Undefined variable: mine
in APPPATH\Views\layout\user\index.php on line 10.
 1 APPPATH\Views\layout\user\index.php(10): CodeIgniter\Debug\Exceptions->errorHandler(8, 'Undefined variable: mine', 'APPPATH\\Views\\layout\\user\\index.php', 10, [...])
 2 SYSTEMPATH\View\View.php(213): include('APPPATH\\Views\\layout\\user\\index.php')
 3 SYSTEMPATH\View\View.php(216): CodeIgniter\View\View->CodeIgniter\View\{closure}()
 4 SYSTEMPATH\Common.php(1142): CodeIgniter\View\View->render('layout/user/index', [], true)
 5 APPPATH\Controllers\User.php(10): view('layout/user/index', [...])
 6 SYSTEMPATH\CodeIgniter.php(902): App\Controllers\User->index()
 7 SYSTEMPATH\CodeIgniter.php(457): CodeIgniter\CodeIgniter->runController(Object(App\Controllers\User))
 8 SYSTEMPATH\CodeIgniter.php(340): CodeIgniter\CodeIgniter->handleRequest(null, Object(Config\Cache), false)
 9 FCPATH\index.php(67): CodeIgniter\CodeIgniter->run()
10 SYSTEMPATH\Commands\Server\rewrite.php(46): require_once('FCPATH\\index.php')
CRITICAL - 2022-11-07 23:16:25 --> Undefined variable: mine
in APPPATH\Views\layout\user\index.php on line 10.
 1 APPPATH\Views\layout\user\index.php(10): CodeIgniter\Debug\Exceptions->errorHandler(8, 'Undefined variable: mine', 'APPPATH\\Views\\layout\\user\\index.php', 10, [...])
 2 SYSTEMPATH\View\View.php(213): include('APPPATH\\Views\\layout\\user\\index.php')
 3 SYSTEMPATH\View\View.php(216): CodeIgniter\View\View->CodeIgniter\View\{closure}()
 4 SYSTEMPATH\Common.php(1142): CodeIgniter\View\View->render('layout/user/index', [], true)
 5 APPPATH\Controllers\User.php(10): view('layout/user/index', [...])
 6 SYSTEMPATH\CodeIgniter.php(902): App\Controllers\User->index()
 7 SYSTEMPATH\CodeIgniter.php(457): CodeIgniter\CodeIgniter->runController(Object(App\Controllers\User))
 8 SYSTEMPATH\CodeIgniter.php(340): CodeIgniter\CodeIgniter->handleRequest(null, Object(Config\Cache), false)
 9 FCPATH\index.php(67): CodeIgniter\CodeIgniter->run()
10 SYSTEMPATH\Commands\Server\rewrite.php(46): require_once('FCPATH\\index.php')
