CRITICAL - 2022-11-18 05:06:19 --> Undefined property: App\Controllers\Admin::$load
in APPPATH\Controllers\Admin.php on line 13.
 1 APPPATH\Controllers\Admin.php(13): CodeIgniter\Debug\Exceptions->errorHandler(8, 'Undefined property: App\\Controllers\\Admin::$load', 'APPPATH\\Controllers\\Admin.php', 13, [])
 2 SYSTEMPATH\CodeIgniter.php(864): App\Controllers\Admin->__construct()
 3 SYSTEMPATH\CodeIgniter.php(448): CodeIgniter\CodeIgniter->createController()
 4 SYSTEMPATH\CodeIgniter.php(340): CodeIgniter\CodeIgniter->handleRequest(null, Object(Config\Cache), false)
 5 FCPATH\index.php(67): CodeIgniter\CodeIgniter->run()
 6 SYSTEMPATH\Commands\Server\rewrite.php(46): require_once('FCPATH\\index.php')
CRITICAL - 2022-11-18 05:11:30 --> Undefined property: App\Controllers\Admin::$load
in APPPATH\Controllers\Admin.php on line 14.
 1 APPPATH\Controllers\Admin.php(14): CodeIgniter\Debug\Exceptions->errorHandler(8, 'Undefined property: App\\Controllers\\Admin::$load', 'APPPATH\\Controllers\\Admin.php', 14, [])
 2 SYSTEMPATH\CodeIgniter.php(864): App\Controllers\Admin->__construct()
 3 SYSTEMPATH\CodeIgniter.php(448): CodeIgniter\CodeIgniter->createController()
 4 SYSTEMPATH\CodeIgniter.php(340): CodeIgniter\CodeIgniter->handleRequest(null, Object(Config\Cache), false)
 5 FCPATH\index.php(67): CodeIgniter\CodeIgniter->run()
 6 SYSTEMPATH\Commands\Server\rewrite.php(46): require_once('FCPATH\\index.php')
CRITICAL - 2022-11-18 05:11:32 --> Undefined property: App\Controllers\Admin::$load
in APPPATH\Controllers\Admin.php on line 14.
 1 APPPATH\Controllers\Admin.php(14): CodeIgniter\Debug\Exceptions->errorHandler(8, 'Undefined property: App\\Controllers\\Admin::$load', 'APPPATH\\Controllers\\Admin.php', 14, [])
 2 SYSTEMPATH\CodeIgniter.php(864): App\Controllers\Admin->__construct()
 3 SYSTEMPATH\CodeIgniter.php(448): CodeIgniter\CodeIgniter->createController()
 4 SYSTEMPATH\CodeIgniter.php(340): CodeIgniter\CodeIgniter->handleRequest(null, Object(Config\Cache), false)
 5 FCPATH\index.php(67): CodeIgniter\CodeIgniter->run()
 6 SYSTEMPATH\Commands\Server\rewrite.php(46): require_once('FCPATH\\index.php')
CRITICAL - 2022-11-18 05:11:44 --> Undefined property: CodeIgniter\Database\MySQLi\Builder::$load
in APPPATH\Controllers\Admin.php on line 14.
 1 APPPATH\Controllers\Admin.php(14): CodeIgniter\Debug\Exceptions->errorHandler(8, 'Undefined property: CodeIgniter\\Database\\MySQLi\\Builder::$load', 'APPPATH\\Controllers\\Admin.php', 14, [])
 2 SYSTEMPATH\CodeIgniter.php(864): App\Controllers\Admin->__construct()
 3 SYSTEMPATH\CodeIgniter.php(448): CodeIgniter\CodeIgniter->createController()
 4 SYSTEMPATH\CodeIgniter.php(340): CodeIgniter\CodeIgniter->handleRequest(null, Object(Config\Cache), false)
 5 FCPATH\index.php(67): CodeIgniter\CodeIgniter->run()
 6 SYSTEMPATH\Commands\Server\rewrite.php(46): require_once('FCPATH\\index.php')
CRITICAL - 2022-11-18 05:14:52 --> Undefined variable: hasil
in APPPATH\Views\admin\tambah_santri.php on line 52.
 1 APPPATH\Views\admin\tambah_santri.php(52): CodeIgniter\Debug\Exceptions->errorHandler(8, 'Undefined variable: hasil', 'APPPATH\\Views\\admin\\tambah_santri.php', 52, [...])
 2 SYSTEMPATH\View\View.php(213): include('APPPATH\\Views\\admin\\tambah_santri.php')
 3 SYSTEMPATH\View\View.php(216): CodeIgniter\View\View->CodeIgniter\View\{closure}()
 4 SYSTEMPATH\Common.php(1142): CodeIgniter\View\View->render('/admin/tambah_santri', [], true)
 5 APPPATH\Controllers\Admin.php(58): view('/admin/tambah_santri', [...])
 6 SYSTEMPATH\CodeIgniter.php(902): App\Controllers\Admin->tambah_santri()
 7 SYSTEMPATH\CodeIgniter.php(457): CodeIgniter\CodeIgniter->runController(Object(App\Controllers\Admin))
 8 SYSTEMPATH\CodeIgniter.php(340): CodeIgniter\CodeIgniter->handleRequest(null, Object(Config\Cache), false)
 9 FCPATH\index.php(67): CodeIgniter\CodeIgniter->run()
10 SYSTEMPATH\Commands\Server\rewrite.php(46): require_once('FCPATH\\index.php')
CRITICAL - 2022-11-18 05:17:16 --> Undefined property: App\Controllers\Admin::$load
in APPPATH\Controllers\Admin.php on line 56.
 1 APPPATH\Controllers\Admin.php(56): CodeIgniter\Debug\Exceptions->errorHandler(8, 'Undefined property: App\\Controllers\\Admin::$load', 'APPPATH\\Controllers\\Admin.php', 56, [])
 2 SYSTEMPATH\CodeIgniter.php(902): App\Controllers\Admin->tambah_santri()
 3 SYSTEMPATH\CodeIgniter.php(457): CodeIgniter\CodeIgniter->runController(Object(App\Controllers\Admin))
 4 SYSTEMPATH\CodeIgniter.php(340): CodeIgniter\CodeIgniter->handleRequest(null, Object(Config\Cache), false)
 5 FCPATH\index.php(67): CodeIgniter\CodeIgniter->run()
 6 SYSTEMPATH\Commands\Server\rewrite.php(46): require_once('FCPATH\\index.php')
CRITICAL - 2022-11-18 05:18:15 --> Undefined property: App\Controllers\Admin::$model_kendaraan
in APPPATH\Controllers\Admin.php on line 58.
 1 APPPATH\Controllers\Admin.php(58): CodeIgniter\Debug\Exceptions->errorHandler(8, 'Undefined property: App\\Controllers\\Admin::$model_kendaraan', 'APPPATH\\Controllers\\Admin.php', 58, [])
 2 SYSTEMPATH\CodeIgniter.php(902): App\Controllers\Admin->tambah_santri()
 3 SYSTEMPATH\CodeIgniter.php(457): CodeIgniter\CodeIgniter->runController(Object(App\Controllers\Admin))
 4 SYSTEMPATH\CodeIgniter.php(340): CodeIgniter\CodeIgniter->handleRequest(null, Object(Config\Cache), false)
 5 FCPATH\index.php(67): CodeIgniter\CodeIgniter->run()
 6 SYSTEMPATH\Commands\Server\rewrite.php(46): require_once('FCPATH\\index.php')
CRITICAL - 2022-11-18 05:20:49 --> Undefined property: App\Controllers\Admin::$model_kamar
in APPPATH\Controllers\Admin.php on line 59.
 1 APPPATH\Controllers\Admin.php(59): CodeIgniter\Debug\Exceptions->errorHandler(8, 'Undefined property: App\\Controllers\\Admin::$model_kamar', 'APPPATH\\Controllers\\Admin.php', 59, [])
 2 SYSTEMPATH\CodeIgniter.php(902): App\Controllers\Admin->tambah_santri()
 3 SYSTEMPATH\CodeIgniter.php(457): CodeIgniter\CodeIgniter->runController(Object(App\Controllers\Admin))
 4 SYSTEMPATH\CodeIgniter.php(340): CodeIgniter\CodeIgniter->handleRequest(null, Object(Config\Cache), false)
 5 FCPATH\index.php(67): CodeIgniter\CodeIgniter->run()
 6 SYSTEMPATH\Commands\Server\rewrite.php(46): require_once('FCPATH\\index.php')
CRITICAL - 2022-11-18 05:21:05 --> Undefined property: App\Controllers\Admin::$load
in APPPATH\Controllers\Admin.php on line 57.
 1 APPPATH\Controllers\Admin.php(57): CodeIgniter\Debug\Exceptions->errorHandler(8, 'Undefined property: App\\Controllers\\Admin::$load', 'APPPATH\\Controllers\\Admin.php', 57, [])
 2 SYSTEMPATH\CodeIgniter.php(902): App\Controllers\Admin->tambah_santri()
 3 SYSTEMPATH\CodeIgniter.php(457): CodeIgniter\CodeIgniter->runController(Object(App\Controllers\Admin))
 4 SYSTEMPATH\CodeIgniter.php(340): CodeIgniter\CodeIgniter->handleRequest(null, Object(Config\Cache), false)
 5 FCPATH\index.php(67): CodeIgniter\CodeIgniter->run()
 6 SYSTEMPATH\Commands\Server\rewrite.php(46): require_once('FCPATH\\index.php')
