CRITICAL - 2022-11-14 00:17:48 --> Undefined variable: config
in APPPATH\Views\admin\tambah_santri.php on line 1.
 1 APPPATH\Views\admin\tambah_santri.php(1): CodeIgniter\Debug\Exceptions->errorHandler(8, 'Undefined variable: config', 'APPPATH\\Views\\admin\\tambah_santri.php', 1, [...])
 2 SYSTEMPATH\View\View.php(213): include('APPPATH\\Views\\admin\\tambah_santri.php')
 3 SYSTEMPATH\View\View.php(216): CodeIgniter\View\View->CodeIgniter\View\{closure}()
 4 SYSTEMPATH\Common.php(1142): CodeIgniter\View\View->render('/admin/tambah_santri', [], true)
 5 APPPATH\Controllers\Admin.php(55): view('/admin/tambah_santri', [...])
 6 SYSTEMPATH\CodeIgniter.php(902): App\Controllers\Admin->tambah_santri()
 7 SYSTEMPATH\CodeIgniter.php(457): CodeIgniter\CodeIgniter->runController(Object(App\Controllers\Admin))
 8 SYSTEMPATH\CodeIgniter.php(340): CodeIgniter\CodeIgniter->handleRequest(null, Object(Config\Cache), false)
 9 FCPATH\index.php(67): CodeIgniter\CodeIgniter->run()
10 SYSTEMPATH\Commands\Server\rewrite.php(46): require_once('FCPATH\\index.php')
CRITICAL - 2022-11-14 01:38:52 --> Undefined index: register
in VENDORPATH\myth\auth\src\Config\Routes.php on line 22.
 1 VENDORPATH\myth\auth\src\Config\Routes.php(22): CodeIgniter\Debug\Exceptions->errorHandler(8, 'Undefined index: register', 'VENDORPATH\\myth\\auth\\src\\Config\\Routes.php', 22, [...])
 2 SYSTEMPATH\Router\RouteCollection.php(637): CodeIgniter\Router\RouteCollection::Myth\Auth\Config\{closure}(Object(CodeIgniter\Router\RouteCollection))
 3 VENDORPATH\myth\auth\src\Config\Routes.php(34): CodeIgniter\Router\RouteCollection->group('ROOTPATH\\public', [...], Object(Closure))
 4 SYSTEMPATH\Router\RouteCollection.php(388): include('VENDORPATH\\myth\\auth\\src\\Config\\Routes.php')
 5 SYSTEMPATH\Router\RouteCollection.php(460): CodeIgniter\Router\RouteCollection->discoverRoutes()
 6 SYSTEMPATH\Router\Router.php(393): CodeIgniter\Router\RouteCollection->getRoutes('get')
 7 SYSTEMPATH\Router\Router.php(181): CodeIgniter\Router\Router->checkRoutes('admin/tambah_santri')
 8 SYSTEMPATH\CodeIgniter.php(777): CodeIgniter\Router\Router->handle('admin/tambah_santri')
 9 SYSTEMPATH\CodeIgniter.php(406): CodeIgniter\CodeIgniter->tryToRouteIt(Object(CodeIgniter\Router\RouteCollection))
10 SYSTEMPATH\CodeIgniter.php(340): CodeIgniter\CodeIgniter->handleRequest(null, Object(Config\Cache), false)
11 FCPATH\index.php(67): CodeIgniter\CodeIgniter->run()
12 SYSTEMPATH\Commands\Server\rewrite.php(46): require_once('FCPATH\\index.php')
CRITICAL - 2022-11-14 02:22:43 --> Undefined variable: config
in APPPATH\Views\admin\tambah_santri.php on line 1.
 1 APPPATH\Views\admin\tambah_santri.php(1): CodeIgniter\Debug\Exceptions->errorHandler(8, 'Undefined variable: config', 'APPPATH\\Views\\admin\\tambah_santri.php', 1, [...])
 2 SYSTEMPATH\View\View.php(213): include('APPPATH\\Views\\admin\\tambah_santri.php')
 3 SYSTEMPATH\View\View.php(216): CodeIgniter\View\View->CodeIgniter\View\{closure}()
 4 SYSTEMPATH\Common.php(1142): CodeIgniter\View\View->render('/admin/tambah_santri', [], true)
 5 APPPATH\Controllers\Admin.php(55): view('/admin/tambah_santri', [...])
 6 SYSTEMPATH\CodeIgniter.php(902): App\Controllers\Admin->tambah_santri()
 7 SYSTEMPATH\CodeIgniter.php(457): CodeIgniter\CodeIgniter->runController(Object(App\Controllers\Admin))
 8 SYSTEMPATH\CodeIgniter.php(340): CodeIgniter\CodeIgniter->handleRequest(null, Object(Config\Cache), false)
 9 FCPATH\index.php(67): CodeIgniter\CodeIgniter->run()
10 SYSTEMPATH\Commands\Server\rewrite.php(46): require_once('FCPATH\\index.php')
CRITICAL - 2022-11-14 02:28:08 --> Undefined variable: config
in APPPATH\Views\admin\tambah_santri.php on line 1.
 1 APPPATH\Views\admin\tambah_santri.php(1): CodeIgniter\Debug\Exceptions->errorHandler(8, 'Undefined variable: config', 'APPPATH\\Views\\admin\\tambah_santri.php', 1, [...])
 2 SYSTEMPATH\View\View.php(213): include('APPPATH\\Views\\admin\\tambah_santri.php')
 3 SYSTEMPATH\View\View.php(216): CodeIgniter\View\View->CodeIgniter\View\{closure}()
 4 SYSTEMPATH\Common.php(1142): CodeIgniter\View\View->render('/admin/tambah_santri', [], true)
 5 APPPATH\Controllers\Admin.php(55): view('/admin/tambah_santri', [...])
 6 SYSTEMPATH\CodeIgniter.php(902): App\Controllers\Admin->tambah_santri()
 7 SYSTEMPATH\CodeIgniter.php(457): CodeIgniter\CodeIgniter->runController(Object(App\Controllers\Admin))
 8 SYSTEMPATH\CodeIgniter.php(340): CodeIgniter\CodeIgniter->handleRequest(null, Object(Config\Cache), false)
 9 FCPATH\index.php(67): CodeIgniter\CodeIgniter->run()
10 SYSTEMPATH\Commands\Server\rewrite.php(46): require_once('FCPATH\\index.php')
CRITICAL - 2022-11-14 05:31:38 --> You do not have sufficient permissions to access that page.
in VENDORPATH\myth\auth\src\Filters\RoleFilter.php on line 45.
 1 SYSTEMPATH\Filters\Filters.php(173): Myth\Auth\Filters\RoleFilter->before(Object(CodeIgniter\HTTP\IncomingRequest), [...])
 2 SYSTEMPATH\CodeIgniter.php(431): CodeIgniter\Filters\Filters->run('user/edit_profile', 'before')
 3 SYSTEMPATH\CodeIgniter.php(340): CodeIgniter\CodeIgniter->handleRequest(null, Object(Config\Cache), false)
 4 FCPATH\index.php(67): CodeIgniter\CodeIgniter->run()
 5 SYSTEMPATH\Commands\Server\rewrite.php(46): require_once('FCPATH\\index.php')
CRITICAL - 2022-11-14 05:32:22 --> You do not have sufficient permissions to access that page.
in VENDORPATH\myth\auth\src\Filters\RoleFilter.php on line 45.
 1 SYSTEMPATH\Filters\Filters.php(173): Myth\Auth\Filters\RoleFilter->before(Object(CodeIgniter\HTTP\IncomingRequest), [...])
 2 SYSTEMPATH\CodeIgniter.php(431): CodeIgniter\Filters\Filters->run('user/edit_profile', 'before')
 3 SYSTEMPATH\CodeIgniter.php(340): CodeIgniter\CodeIgniter->handleRequest(null, Object(Config\Cache), false)
 4 FCPATH\index.php(67): CodeIgniter\CodeIgniter->run()
 5 SYSTEMPATH\Commands\Server\rewrite.php(46): require_once('FCPATH\\index.php')
CRITICAL - 2022-11-14 05:33:53 --> You do not have sufficient permissions to access that page.
in VENDORPATH\myth\auth\src\Filters\RoleFilter.php on line 45.
 1 SYSTEMPATH\Filters\Filters.php(173): Myth\Auth\Filters\RoleFilter->before(Object(CodeIgniter\HTTP\IncomingRequest), [...])
 2 SYSTEMPATH\CodeIgniter.php(431): CodeIgniter\Filters\Filters->run('user/edit_profile', 'before')
 3 SYSTEMPATH\CodeIgniter.php(340): CodeIgniter\CodeIgniter->handleRequest(null, Object(Config\Cache), false)
 4 FCPATH\index.php(67): CodeIgniter\CodeIgniter->run()
 5 SYSTEMPATH\Commands\Server\rewrite.php(46): require_once('FCPATH\\index.php')
