CRITICAL - 2022-11-15 16:44:47 --> The table name does not exist. Please check you database and try again.
in APPPATH\Libraries\GroceryCrud.php on line 4971.
 1 APPPATH\Libraries\GroceryCrud.php(4450): App\Libraries\GroceryCrud->get_table()
 2 APPPATH\Libraries\GroceryCrud.php(4467): App\Libraries\GroceryCrud->pre_render()
 3 APPPATH\Controllers\Admin.php(37): App\Libraries\GroceryCrud->render()
 4 SYSTEMPATH\CodeIgniter.php(902): App\Controllers\Admin->data_santri()
 5 SYSTEMPATH\CodeIgniter.php(457): CodeIgniter\CodeIgniter->runController(Object(App\Controllers\Admin))
 6 SYSTEMPATH\CodeIgniter.php(340): CodeIgniter\CodeIgniter->handleRequest(null, Object(Config\Cache), false)
 7 FCPATH\index.php(67): CodeIgniter\CodeIgniter->run()
 8 SYSTEMPATH\Commands\Server\rewrite.php(46): require_once('FCPATH\\index.php')
CRITICAL - 2022-11-15 16:50:08 --> Undefined variable: title
in APPPATH\Views\layout\index.php on line 12.
 1 APPPATH\Views\layout\index.php(12): CodeIgniter\Debug\Exceptions->errorHandler(8, 'Undefined variable: title', 'APPPATH\\Views\\layout\\index.php', 12, [...])
 2 SYSTEMPATH\View\View.php(213): include('APPPATH\\Views\\layout\\index.php')
 3 SYSTEMPATH\View\View.php(216): CodeIgniter\View\View->CodeIgniter\View\{closure}()
 4 SYSTEMPATH\View\View.php(229): CodeIgniter\View\View->render('layout/index', [], true)
 5 SYSTEMPATH\Common.php(1142): CodeIgniter\View\View->render('/admin/data_santri', [], true)
 6 APPPATH\Controllers\Admin.php(39): view('/admin/data_santri', [...])
 7 SYSTEMPATH\CodeIgniter.php(902): App\Controllers\Admin->data_santri()
 8 SYSTEMPATH\CodeIgniter.php(457): CodeIgniter\CodeIgniter->runController(Object(App\Controllers\Admin))
 9 SYSTEMPATH\CodeIgniter.php(340): CodeIgniter\CodeIgniter->handleRequest(null, Object(Config\Cache), false)
10 FCPATH\index.php(67): CodeIgniter\CodeIgniter->run()
11 SYSTEMPATH\Commands\Server\rewrite.php(46): require_once('FCPATH\\index.php')
CRITICAL - 2022-11-15 16:50:31 --> Undefined variable: title
in APPPATH\Views\layout\index.php on line 12.
 1 APPPATH\Views\layout\index.php(12): CodeIgniter\Debug\Exceptions->errorHandler(8, 'Undefined variable: title', 'APPPATH\\Views\\layout\\index.php', 12, [...])
 2 SYSTEMPATH\View\View.php(213): include('APPPATH\\Views\\layout\\index.php')
 3 SYSTEMPATH\View\View.php(216): CodeIgniter\View\View->CodeIgniter\View\{closure}()
 4 SYSTEMPATH\View\View.php(229): CodeIgniter\View\View->render('layout/index', [], true)
 5 SYSTEMPATH\Common.php(1142): CodeIgniter\View\View->render('/admin/data_santri', [], true)
 6 APPPATH\Controllers\Admin.php(39): view('/admin/data_santri', [...])
 7 SYSTEMPATH\CodeIgniter.php(902): App\Controllers\Admin->data_santri()
 8 SYSTEMPATH\CodeIgniter.php(457): CodeIgniter\CodeIgniter->runController(Object(App\Controllers\Admin))
 9 SYSTEMPATH\CodeIgniter.php(340): CodeIgniter\CodeIgniter->handleRequest(null, Object(Config\Cache), false)
10 FCPATH\index.php(67): CodeIgniter\CodeIgniter->run()
11 SYSTEMPATH\Commands\Server\rewrite.php(46): require_once('FCPATH\\index.php')
CRITICAL - 2022-11-15 16:50:44 --> Undefined variable: title
in APPPATH\Views\layout\index.php on line 12.
 1 APPPATH\Views\layout\index.php(12): CodeIgniter\Debug\Exceptions->errorHandler(8, 'Undefined variable: title', 'APPPATH\\Views\\layout\\index.php', 12, [...])
 2 SYSTEMPATH\View\View.php(213): include('APPPATH\\Views\\layout\\index.php')
 3 SYSTEMPATH\View\View.php(216): CodeIgniter\View\View->CodeIgniter\View\{closure}()
 4 SYSTEMPATH\View\View.php(229): CodeIgniter\View\View->render('layout/index', [], true)
 5 SYSTEMPATH\Common.php(1142): CodeIgniter\View\View->render('/admin/data_santri', [], true)
 6 APPPATH\Controllers\Admin.php(39): view('/admin/data_santri', [...])
 7 SYSTEMPATH\CodeIgniter.php(902): App\Controllers\Admin->data_santri()
 8 SYSTEMPATH\CodeIgniter.php(457): CodeIgniter\CodeIgniter->runController(Object(App\Controllers\Admin))
 9 SYSTEMPATH\CodeIgniter.php(340): CodeIgniter\CodeIgniter->handleRequest(null, Object(Config\Cache), false)
10 FCPATH\index.php(67): CodeIgniter\CodeIgniter->run()
11 SYSTEMPATH\Commands\Server\rewrite.php(46): require_once('FCPATH\\index.php')
CRITICAL - 2022-11-15 16:51:04 --> Undefined variable: title
in APPPATH\Views\layout\index.php on line 12.
 1 APPPATH\Views\layout\index.php(12): CodeIgniter\Debug\Exceptions->errorHandler(8, 'Undefined variable: title', 'APPPATH\\Views\\layout\\index.php', 12, [...])
 2 SYSTEMPATH\View\View.php(213): include('APPPATH\\Views\\layout\\index.php')
 3 SYSTEMPATH\View\View.php(216): CodeIgniter\View\View->CodeIgniter\View\{closure}()
 4 SYSTEMPATH\View\View.php(229): CodeIgniter\View\View->render('layout/index', [], true)
 5 SYSTEMPATH\Common.php(1142): CodeIgniter\View\View->render('/admin/data_santri', [], true)
 6 APPPATH\Controllers\Admin.php(39): view('/admin/data_santri', [...])
 7 SYSTEMPATH\CodeIgniter.php(902): App\Controllers\Admin->data_santri()
 8 SYSTEMPATH\CodeIgniter.php(457): CodeIgniter\CodeIgniter->runController(Object(App\Controllers\Admin))
 9 SYSTEMPATH\CodeIgniter.php(340): CodeIgniter\CodeIgniter->handleRequest(null, Object(Config\Cache), false)
10 FCPATH\index.php(67): CodeIgniter\CodeIgniter->run()
11 SYSTEMPATH\Commands\Server\rewrite.php(46): require_once('FCPATH\\index.php')
CRITICAL - 2022-11-15 16:54:48 --> Undefined variable: title
in APPPATH\Views\layout\index.php on line 12.
 1 APPPATH\Views\layout\index.php(12): CodeIgniter\Debug\Exceptions->errorHandler(8, 'Undefined variable: title', 'APPPATH\\Views\\layout\\index.php', 12, [...])
 2 SYSTEMPATH\View\View.php(213): include('APPPATH\\Views\\layout\\index.php')
 3 SYSTEMPATH\View\View.php(216): CodeIgniter\View\View->CodeIgniter\View\{closure}()
 4 SYSTEMPATH\View\View.php(229): CodeIgniter\View\View->render('layout/index', [], true)
 5 SYSTEMPATH\Common.php(1142): CodeIgniter\View\View->render('/admin/data_santri', [], true)
 6 APPPATH\Controllers\Admin.php(39): view('/admin/data_santri', [...])
 7 SYSTEMPATH\CodeIgniter.php(902): App\Controllers\Admin->data_santri()
 8 SYSTEMPATH\CodeIgniter.php(457): CodeIgniter\CodeIgniter->runController(Object(App\Controllers\Admin))
 9 SYSTEMPATH\CodeIgniter.php(340): CodeIgniter\CodeIgniter->handleRequest(null, Object(Config\Cache), false)
10 FCPATH\index.php(67): CodeIgniter\CodeIgniter->run()
11 SYSTEMPATH\Commands\Server\rewrite.php(46): require_once('FCPATH\\index.php')
CRITICAL - 2022-11-15 16:54:50 --> Undefined variable: title
in APPPATH\Views\layout\index.php on line 12.
 1 APPPATH\Views\layout\index.php(12): CodeIgniter\Debug\Exceptions->errorHandler(8, 'Undefined variable: title', 'APPPATH\\Views\\layout\\index.php', 12, [...])
 2 SYSTEMPATH\View\View.php(213): include('APPPATH\\Views\\layout\\index.php')
 3 SYSTEMPATH\View\View.php(216): CodeIgniter\View\View->CodeIgniter\View\{closure}()
 4 SYSTEMPATH\View\View.php(229): CodeIgniter\View\View->render('layout/index', [], true)
 5 SYSTEMPATH\Common.php(1142): CodeIgniter\View\View->render('/admin/data_santri', [], true)
 6 APPPATH\Controllers\Admin.php(39): view('/admin/data_santri', [...])
 7 SYSTEMPATH\CodeIgniter.php(902): App\Controllers\Admin->data_santri()
 8 SYSTEMPATH\CodeIgniter.php(457): CodeIgniter\CodeIgniter->runController(Object(App\Controllers\Admin))
 9 SYSTEMPATH\CodeIgniter.php(340): CodeIgniter\CodeIgniter->handleRequest(null, Object(Config\Cache), false)
10 FCPATH\index.php(67): CodeIgniter\CodeIgniter->run()
11 SYSTEMPATH\Commands\Server\rewrite.php(46): require_once('FCPATH\\index.php')
CRITICAL - 2022-11-15 16:55:43 --> Cannot use object of type stdClass as array
in APPPATH\Controllers\Admin.php on line 37.
 1 SYSTEMPATH\CodeIgniter.php(902): App\Controllers\Admin->data_santri()
 2 SYSTEMPATH\CodeIgniter.php(457): CodeIgniter\CodeIgniter->runController(Object(App\Controllers\Admin))
 3 SYSTEMPATH\CodeIgniter.php(340): CodeIgniter\CodeIgniter->handleRequest(null, Object(Config\Cache), false)
 4 FCPATH\index.php(67): CodeIgniter\CodeIgniter->run()
 5 SYSTEMPATH\Commands\Server\rewrite.php(46): require_once('FCPATH\\index.php')
CRITICAL - 2022-11-15 19:13:39 --> Undefined variable: title
in APPPATH\Views\layout\index.php on line 12.
 1 APPPATH\Views\layout\index.php(12): CodeIgniter\Debug\Exceptions->errorHandler(8, 'Undefined variable: title', 'APPPATH\\Views\\layout\\index.php', 12, [...])
 2 SYSTEMPATH\View\View.php(213): include('APPPATH\\Views\\layout\\index.php')
 3 SYSTEMPATH\View\View.php(216): CodeIgniter\View\View->CodeIgniter\View\{closure}()
 4 SYSTEMPATH\View\View.php(229): CodeIgniter\View\View->render('layout/index', [], true)
 5 SYSTEMPATH\Common.php(1142): CodeIgniter\View\View->render('/admin/data_santri', [], true)
 6 APPPATH\Controllers\Admin.php(39): view('/admin/data_santri', [...])
 7 SYSTEMPATH\CodeIgniter.php(902): App\Controllers\Admin->data_santri()
 8 SYSTEMPATH\CodeIgniter.php(457): CodeIgniter\CodeIgniter->runController(Object(App\Controllers\Admin))
 9 SYSTEMPATH\CodeIgniter.php(340): CodeIgniter\CodeIgniter->handleRequest(null, Object(Config\Cache), false)
10 FCPATH\index.php(67): CodeIgniter\CodeIgniter->run()
11 SYSTEMPATH\Commands\Server\rewrite.php(46): require_once('FCPATH\\index.php')
CRITICAL - 2022-11-15 19:13:58 --> Undefined variable: title
in APPPATH\Views\layout\index.php on line 12.
 1 APPPATH\Views\layout\index.php(12): CodeIgniter\Debug\Exceptions->errorHandler(8, 'Undefined variable: title', 'APPPATH\\Views\\layout\\index.php', 12, [...])
 2 SYSTEMPATH\View\View.php(213): include('APPPATH\\Views\\layout\\index.php')
 3 SYSTEMPATH\View\View.php(216): CodeIgniter\View\View->CodeIgniter\View\{closure}()
 4 SYSTEMPATH\View\View.php(229): CodeIgniter\View\View->render('layout/index', [], true)
 5 SYSTEMPATH\Common.php(1142): CodeIgniter\View\View->render('/admin/data_santri', [], true)
 6 APPPATH\Controllers\Admin.php(39): view('/admin/data_santri', [...])
 7 SYSTEMPATH\CodeIgniter.php(902): App\Controllers\Admin->data_santri()
 8 SYSTEMPATH\CodeIgniter.php(457): CodeIgniter\CodeIgniter->runController(Object(App\Controllers\Admin))
 9 SYSTEMPATH\CodeIgniter.php(340): CodeIgniter\CodeIgniter->handleRequest(null, Object(Config\Cache), false)
10 FCPATH\index.php(67): CodeIgniter\CodeIgniter->run()
11 SYSTEMPATH\Commands\Server\rewrite.php(46): require_once('FCPATH\\index.php')
CRITICAL - 2022-11-15 19:14:24 --> Undefined variable: title
in APPPATH\Views\layout\index.php on line 12.
 1 APPPATH\Views\layout\index.php(12): CodeIgniter\Debug\Exceptions->errorHandler(8, 'Undefined variable: title', 'APPPATH\\Views\\layout\\index.php', 12, [...])
 2 SYSTEMPATH\View\View.php(213): include('APPPATH\\Views\\layout\\index.php')
 3 SYSTEMPATH\View\View.php(216): CodeIgniter\View\View->CodeIgniter\View\{closure}()
 4 SYSTEMPATH\View\View.php(229): CodeIgniter\View\View->render('layout/index', [], true)
 5 SYSTEMPATH\Common.php(1142): CodeIgniter\View\View->render('/admin/data_santri', [], true)
 6 APPPATH\Controllers\Admin.php(39): view('/admin/data_santri', [...])
 7 SYSTEMPATH\CodeIgniter.php(902): App\Controllers\Admin->data_santri()
 8 SYSTEMPATH\CodeIgniter.php(457): CodeIgniter\CodeIgniter->runController(Object(App\Controllers\Admin))
 9 SYSTEMPATH\CodeIgniter.php(340): CodeIgniter\CodeIgniter->handleRequest(null, Object(Config\Cache), false)
10 FCPATH\index.php(67): CodeIgniter\CodeIgniter->run()
11 SYSTEMPATH\Commands\Server\rewrite.php(46): require_once('FCPATH\\index.php')
CRITICAL - 2022-11-15 19:21:12 --> Undefined variable: title
in APPPATH\Views\layout\index.php on line 12.
 1 APPPATH\Views\layout\index.php(12): CodeIgniter\Debug\Exceptions->errorHandler(8, 'Undefined variable: title', 'APPPATH\\Views\\layout\\index.php', 12, [...])
 2 SYSTEMPATH\View\View.php(213): include('APPPATH\\Views\\layout\\index.php')
 3 SYSTEMPATH\View\View.php(216): CodeIgniter\View\View->CodeIgniter\View\{closure}()
 4 SYSTEMPATH\View\View.php(229): CodeIgniter\View\View->render('layout/index', [], true)
 5 SYSTEMPATH\Common.php(1142): CodeIgniter\View\View->render('/admin/data_santri', [], true)
 6 APPPATH\Controllers\Admin.php(39): view('/admin/data_santri', [...])
 7 SYSTEMPATH\CodeIgniter.php(902): App\Controllers\Admin->data_santri()
 8 SYSTEMPATH\CodeIgniter.php(457): CodeIgniter\CodeIgniter->runController(Object(App\Controllers\Admin))
 9 SYSTEMPATH\CodeIgniter.php(340): CodeIgniter\CodeIgniter->handleRequest(null, Object(Config\Cache), false)
10 FCPATH\index.php(67): CodeIgniter\CodeIgniter->run()
11 SYSTEMPATH\Commands\Server\rewrite.php(46): require_once('FCPATH\\index.php')
CRITICAL - 2022-11-15 19:22:16 --> Undefined variable: css_files
in APPPATH\Views\admin\data_santri.php on line 15.
 1 APPPATH\Views\admin\data_santri.php(15): CodeIgniter\Debug\Exceptions->errorHandler(8, 'Undefined variable: css_files', 'APPPATH\\Views\\admin\\data_santri.php', 15, [...])
 2 SYSTEMPATH\View\View.php(213): include('APPPATH\\Views\\admin\\data_santri.php')
 3 SYSTEMPATH\View\View.php(216): CodeIgniter\View\View->CodeIgniter\View\{closure}()
 4 SYSTEMPATH\Common.php(1142): CodeIgniter\View\View->render('/admin/data_santri', [], true)
 5 APPPATH\Controllers\Admin.php(33): view('/admin/data_santri', [...])
 6 SYSTEMPATH\CodeIgniter.php(902): App\Controllers\Admin->data_santri()
 7 SYSTEMPATH\CodeIgniter.php(457): CodeIgniter\CodeIgniter->runController(Object(App\Controllers\Admin))
 8 SYSTEMPATH\CodeIgniter.php(340): CodeIgniter\CodeIgniter->handleRequest(null, Object(Config\Cache), false)
 9 FCPATH\index.php(67): CodeIgniter\CodeIgniter->run()
10 SYSTEMPATH\Commands\Server\rewrite.php(46): require_once('FCPATH\\index.php')
