ERROR - 2022-12-02 17:12:43 --> mysqli_sql_exception: Unknown column 'userid' in 'where clause' in C:\xampp\htdocs\tugas_akhir\vendor\codeigniter4\framework\system\Database\MySQLi\Connection.php:292
Stack trace:
#0 C:\xampp\htdocs\tugas_akhir\vendor\codeigniter4\framework\system\Database\MySQLi\Connection.php(292): mysqli->query('UPDATE `users` ...', 0)
#1 C:\xampp\htdocs\tugas_akhir\vendor\codeigniter4\framework\system\Database\BaseConnection.php(693): CodeIgniter\Database\MySQLi\Connection->execute('UPDATE `users` ...')
#2 C:\xampp\htdocs\tugas_akhir\vendor\codeigniter4\framework\system\Database\BaseConnection.php(620): CodeIgniter\Database\BaseConnection->simpleQuery('UPDATE `users` ...')
#3 C:\xampp\htdocs\tugas_akhir\vendor\codeigniter4\framework\system\Database\BaseBuilder.php(2079): CodeIgniter\Database\BaseConnection->query('UPDATE `users` ...', Array, false)
#4 C:\xampp\htdocs\tugas_akhir\app\Controllers\Admin.php(101): CodeIgniter\Database\BaseBuilder->update(Array, Array)
#5 C:\xampp\htdocs\tugas_akhir\vendor\codeigniter4\framework\system\CodeIgniter.php(902): App\Controllers\Admin->edit()
#6 C:\xampp\htdocs\tugas_akhir\vendor\codeigniter4\framework\system\CodeIgniter.php(457): CodeIgniter\CodeIgniter->runController(Object(App\Controllers\Admin))
#7 C:\xampp\htdocs\tugas_akhir\vendor\codeigniter4\framework\system\CodeIgniter.php(340): CodeIgniter\CodeIgniter->handleRequest(NULL, Object(Config\Cache), false)
#8 C:\xampp\htdocs\tugas_akhir\public\index.php(67): CodeIgniter\CodeIgniter->run()
#9 C:\xampp\htdocs\tugas_akhir\vendor\codeigniter4\framework\system\Commands\Server\rewrite.php(46): require_once('C:\\xampp\\htdocs...')
#10 {main}
CRITICAL - 2022-12-02 17:12:43 --> Unknown column 'userid' in 'where clause'
in SYSTEMPATH\Database\MySQLi\Connection.php on line 292.
 1 SYSTEMPATH\Database\MySQLi\Connection.php(292): mysqli->query('UPDATE `users` SET `username` = \'asd\', `fullname` = \'safdsgfdsag\', `no_telp` = \'2147483647\', `email` = \'asd@gmail.com\', `jk` = NULL, `kamar` = NULL, `thn_masuk` = \'2013\', `wali` = \'asd\', `no_wali` = \'2147483647\', `password_hash` = \'$2y$10$VmiCFM8elgi8abYLiWs6Veq.JEegD6E9.dwlvTCdh70fOXBaItIt6\', `created_at` = 1670022763
WHERE `userid` IS NULL', 0)
 2 SYSTEMPATH\Database\BaseConnection.php(693): CodeIgniter\Database\MySQLi\Connection->execute('UPDATE `users` SET `username` = \'asd\', `fullname` = \'safdsgfdsag\', `no_telp` = \'2147483647\', `email` = \'asd@gmail.com\', `jk` = NULL, `kamar` = NULL, `thn_masuk` = \'2013\', `wali` = \'asd\', `no_wali` = \'2147483647\', `password_hash` = \'$2y$10$VmiCFM8elgi8abYLiWs6Veq.JEegD6E9.dwlvTCdh70fOXBaItIt6\', `created_at` = 1670022763
WHERE `userid` IS NULL')
 3 SYSTEMPATH\Database\BaseConnection.php(620): CodeIgniter\Database\BaseConnection->simpleQuery('UPDATE `users` SET `username` = \'asd\', `fullname` = \'safdsgfdsag\', `no_telp` = \'2147483647\', `email` = \'asd@gmail.com\', `jk` = NULL, `kamar` = NULL, `thn_masuk` = \'2013\', `wali` = \'asd\', `no_wali` = \'2147483647\', `password_hash` = \'$2y$10$VmiCFM8elgi8abYLiWs6Veq.JEegD6E9.dwlvTCdh70fOXBaItIt6\', `created_at` = 1670022763
WHERE `userid` IS NULL')
 4 SYSTEMPATH\Database\BaseBuilder.php(2079): CodeIgniter\Database\BaseConnection->query('UPDATE `users` SET `username` = :username:, `fullname` = :fullname:, `no_telp` = :no_telp:, `email` = :email:, `jk` = :jk:, `kamar` = :kamar:, `thn_masuk` = :thn_masuk:, `wali` = :wali:, `no_wali` = :no_wali:, `password_hash` = :password_hash:, `created_at` = :created_at:
WHERE `userid` IS NULL', [...], false)
 5 APPPATH\Controllers\Admin.php(101): CodeIgniter\Database\BaseBuilder->update([...], [...])
 6 SYSTEMPATH\CodeIgniter.php(902): App\Controllers\Admin->edit()
 7 SYSTEMPATH\CodeIgniter.php(457): CodeIgniter\CodeIgniter->runController(Object(App\Controllers\Admin))
 8 SYSTEMPATH\CodeIgniter.php(340): CodeIgniter\CodeIgniter->handleRequest(null, Object(Config\Cache), false)
 9 FCPATH\index.php(67): CodeIgniter\CodeIgniter->run()
10 SYSTEMPATH\Commands\Server\rewrite.php(46): require_once('FCPATH\\index.php')
CRITICAL - 2022-12-02 17:31:00 --> Undefined variable: id
in APPPATH\Views\admin\data_santri.php on line 200.
 1 APPPATH\Views\admin\data_santri.php(200): CodeIgniter\Debug\Exceptions->errorHandler(8, 'Undefined variable: id', 'APPPATH\\Views\\admin\\data_santri.php', 200, [...])
 2 SYSTEMPATH\View\View.php(213): include('APPPATH\\Views\\admin\\data_santri.php')
 3 SYSTEMPATH\View\View.php(216): CodeIgniter\View\View->CodeIgniter\View\{closure}()
 4 SYSTEMPATH\Common.php(1142): CodeIgniter\View\View->render('admin/data_santri', [], true)
 5 APPPATH\Controllers\Admin.php(39): view('admin/data_santri', [...])
 6 SYSTEMPATH\CodeIgniter.php(902): App\Controllers\Admin->data_santri()
 7 SYSTEMPATH\CodeIgniter.php(457): CodeIgniter\CodeIgniter->runController(Object(App\Controllers\Admin))
 8 SYSTEMPATH\CodeIgniter.php(340): CodeIgniter\CodeIgniter->handleRequest(null, Object(Config\Cache), false)
 9 FCPATH\index.php(67): CodeIgniter\CodeIgniter->run()
10 SYSTEMPATH\Commands\Server\rewrite.php(46): require_once('FCPATH\\index.php')
CRITICAL - 2022-12-02 17:31:22 --> Undefined variable: id
in APPPATH\Views\admin\data_santri.php on line 200.
 1 APPPATH\Views\admin\data_santri.php(200): CodeIgniter\Debug\Exceptions->errorHandler(8, 'Undefined variable: id', 'APPPATH\\Views\\admin\\data_santri.php', 200, [...])
 2 SYSTEMPATH\View\View.php(213): include('APPPATH\\Views\\admin\\data_santri.php')
 3 SYSTEMPATH\View\View.php(216): CodeIgniter\View\View->CodeIgniter\View\{closure}()
 4 SYSTEMPATH\Common.php(1142): CodeIgniter\View\View->render('admin/data_santri', [], true)
 5 APPPATH\Controllers\Admin.php(39): view('admin/data_santri', [...])
 6 SYSTEMPATH\CodeIgniter.php(902): App\Controllers\Admin->data_santri()
 7 SYSTEMPATH\CodeIgniter.php(457): CodeIgniter\CodeIgniter->runController(Object(App\Controllers\Admin))
 8 SYSTEMPATH\CodeIgniter.php(340): CodeIgniter\CodeIgniter->handleRequest(null, Object(Config\Cache), false)
 9 FCPATH\index.php(67): CodeIgniter\CodeIgniter->run()
10 SYSTEMPATH\Commands\Server\rewrite.php(46): require_once('FCPATH\\index.php')
CRITICAL - 2022-12-02 17:31:25 --> Undefined variable: id
in APPPATH\Views\admin\data_santri.php on line 200.
 1 APPPATH\Views\admin\data_santri.php(200): CodeIgniter\Debug\Exceptions->errorHandler(8, 'Undefined variable: id', 'APPPATH\\Views\\admin\\data_santri.php', 200, [...])
 2 SYSTEMPATH\View\View.php(213): include('APPPATH\\Views\\admin\\data_santri.php')
 3 SYSTEMPATH\View\View.php(216): CodeIgniter\View\View->CodeIgniter\View\{closure}()
 4 SYSTEMPATH\Common.php(1142): CodeIgniter\View\View->render('admin/data_santri', [], true)
 5 APPPATH\Controllers\Admin.php(39): view('admin/data_santri', [...])
 6 SYSTEMPATH\CodeIgniter.php(902): App\Controllers\Admin->data_santri()
 7 SYSTEMPATH\CodeIgniter.php(457): CodeIgniter\CodeIgniter->runController(Object(App\Controllers\Admin))
 8 SYSTEMPATH\CodeIgniter.php(340): CodeIgniter\CodeIgniter->handleRequest(null, Object(Config\Cache), false)
 9 FCPATH\index.php(67): CodeIgniter\CodeIgniter->run()
10 SYSTEMPATH\Commands\Server\rewrite.php(46): require_once('FCPATH\\index.php')
CRITICAL - 2022-12-02 17:31:26 --> Undefined variable: id
in APPPATH\Views\admin\data_santri.php on line 200.
 1 APPPATH\Views\admin\data_santri.php(200): CodeIgniter\Debug\Exceptions->errorHandler(8, 'Undefined variable: id', 'APPPATH\\Views\\admin\\data_santri.php', 200, [...])
 2 SYSTEMPATH\View\View.php(213): include('APPPATH\\Views\\admin\\data_santri.php')
 3 SYSTEMPATH\View\View.php(216): CodeIgniter\View\View->CodeIgniter\View\{closure}()
 4 SYSTEMPATH\Common.php(1142): CodeIgniter\View\View->render('admin/data_santri', [], true)
 5 APPPATH\Controllers\Admin.php(39): view('admin/data_santri', [...])
 6 SYSTEMPATH\CodeIgniter.php(902): App\Controllers\Admin->data_santri()
 7 SYSTEMPATH\CodeIgniter.php(457): CodeIgniter\CodeIgniter->runController(Object(App\Controllers\Admin))
 8 SYSTEMPATH\CodeIgniter.php(340): CodeIgniter\CodeIgniter->handleRequest(null, Object(Config\Cache), false)
 9 FCPATH\index.php(67): CodeIgniter\CodeIgniter->run()
10 SYSTEMPATH\Commands\Server\rewrite.php(46): require_once('FCPATH\\index.php')
CRITICAL - 2022-12-02 17:31:26 --> Undefined variable: id
in APPPATH\Views\admin\data_santri.php on line 200.
 1 APPPATH\Views\admin\data_santri.php(200): CodeIgniter\Debug\Exceptions->errorHandler(8, 'Undefined variable: id', 'APPPATH\\Views\\admin\\data_santri.php', 200, [...])
 2 SYSTEMPATH\View\View.php(213): include('APPPATH\\Views\\admin\\data_santri.php')
 3 SYSTEMPATH\View\View.php(216): CodeIgniter\View\View->CodeIgniter\View\{closure}()
 4 SYSTEMPATH\Common.php(1142): CodeIgniter\View\View->render('admin/data_santri', [], true)
 5 APPPATH\Controllers\Admin.php(39): view('admin/data_santri', [...])
 6 SYSTEMPATH\CodeIgniter.php(902): App\Controllers\Admin->data_santri()
 7 SYSTEMPATH\CodeIgniter.php(457): CodeIgniter\CodeIgniter->runController(Object(App\Controllers\Admin))
 8 SYSTEMPATH\CodeIgniter.php(340): CodeIgniter\CodeIgniter->handleRequest(null, Object(Config\Cache), false)
 9 FCPATH\index.php(67): CodeIgniter\CodeIgniter->run()
10 SYSTEMPATH\Commands\Server\rewrite.php(46): require_once('FCPATH\\index.php')
