CRITICAL - 2022-11-29 01:26:12 --> Invalid argument supplied for foreach()
in APPPATH\Views\admin\data_santri.php on line 186.
 1 APPPATH\Views\admin\data_santri.php(186): CodeIgniter\Debug\Exceptions->errorHandler(2, 'Invalid argument supplied for foreach()', 'APPPATH\\Views\\admin\\data_santri.php', 186, [...])
 2 SYSTEMPATH\View\View.php(213): include('APPPATH\\Views\\admin\\data_santri.php')
 3 SYSTEMPATH\View\View.php(216): CodeIgniter\View\View->CodeIgniter\View\{closure}()
 4 SYSTEMPATH\Common.php(1142): CodeIgniter\View\View->render('admin/data_santri', [], true)
 5 APPPATH\Controllers\Admin.php(46): view('admin/data_santri', [...])
 6 SYSTEMPATH\CodeIgniter.php(902): App\Controllers\Admin->data_santri()
 7 SYSTEMPATH\CodeIgniter.php(457): CodeIgniter\CodeIgniter->runController(Object(App\Controllers\Admin))
 8 SYSTEMPATH\CodeIgniter.php(340): CodeIgniter\CodeIgniter->handleRequest(null, Object(Config\Cache), false)
 9 FCPATH\index.php(67): CodeIgniter\CodeIgniter->run()
10 SYSTEMPATH\Commands\Server\rewrite.php(46): require_once('FCPATH\\index.php')
CRITICAL - 2022-11-29 01:28:25 --> Invalid argument supplied for foreach()
in APPPATH\Views\admin\data_santri.php on line 169.
 1 APPPATH\Views\admin\data_santri.php(169): CodeIgniter\Debug\Exceptions->errorHandler(2, 'Invalid argument supplied for foreach()', 'APPPATH\\Views\\admin\\data_santri.php', 169, [...])
 2 SYSTEMPATH\View\View.php(213): include('APPPATH\\Views\\admin\\data_santri.php')
 3 SYSTEMPATH\View\View.php(216): CodeIgniter\View\View->CodeIgniter\View\{closure}()
 4 SYSTEMPATH\Common.php(1142): CodeIgniter\View\View->render('admin/data_santri', [], true)
 5 APPPATH\Controllers\Admin.php(46): view('admin/data_santri', [...])
 6 SYSTEMPATH\CodeIgniter.php(902): App\Controllers\Admin->data_santri()
 7 SYSTEMPATH\CodeIgniter.php(457): CodeIgniter\CodeIgniter->runController(Object(App\Controllers\Admin))
 8 SYSTEMPATH\CodeIgniter.php(340): CodeIgniter\CodeIgniter->handleRequest(null, Object(Config\Cache), false)
 9 FCPATH\index.php(67): CodeIgniter\CodeIgniter->run()
10 SYSTEMPATH\Commands\Server\rewrite.php(46): require_once('FCPATH\\index.php')
CRITICAL - 2022-11-29 01:29:11 --> Trying to get property 'fullname' of non-object
in APPPATH\Views\admin\data_santri.php on line 172.
 1 APPPATH\Views\admin\data_santri.php(172): CodeIgniter\Debug\Exceptions->errorHandler(8, 'Trying to get property \'fullname\' of non-object', 'APPPATH\\Views\\admin\\data_santri.php', 172, [...])
 2 SYSTEMPATH\View\View.php(213): include('APPPATH\\Views\\admin\\data_santri.php')
 3 SYSTEMPATH\View\View.php(216): CodeIgniter\View\View->CodeIgniter\View\{closure}()
 4 SYSTEMPATH\Common.php(1142): CodeIgniter\View\View->render('admin/data_santri', [], true)
 5 APPPATH\Controllers\Admin.php(46): view('admin/data_santri', [...])
 6 SYSTEMPATH\CodeIgniter.php(902): App\Controllers\Admin->data_santri()
 7 SYSTEMPATH\CodeIgniter.php(457): CodeIgniter\CodeIgniter->runController(Object(App\Controllers\Admin))
 8 SYSTEMPATH\CodeIgniter.php(340): CodeIgniter\CodeIgniter->handleRequest(null, Object(Config\Cache), false)
 9 FCPATH\index.php(67): CodeIgniter\CodeIgniter->run()
10 SYSTEMPATH\Commands\Server\rewrite.php(46): require_once('FCPATH\\index.php')
CRITICAL - 2022-11-29 02:31:17 --> Undefined variable: user
in APPPATH\Views\admin\data_santri.php on line 172.
 1 APPPATH\Views\admin\data_santri.php(172): CodeIgniter\Debug\Exceptions->errorHandler(8, 'Undefined variable: user', 'APPPATH\\Views\\admin\\data_santri.php', 172, [...])
 2 SYSTEMPATH\View\View.php(213): include('APPPATH\\Views\\admin\\data_santri.php')
 3 SYSTEMPATH\View\View.php(216): CodeIgniter\View\View->CodeIgniter\View\{closure}()
 4 SYSTEMPATH\Common.php(1142): CodeIgniter\View\View->render('admin/data_santri', [], true)
 5 APPPATH\Controllers\Admin.php(39): view('admin/data_santri', [...])
 6 SYSTEMPATH\CodeIgniter.php(902): App\Controllers\Admin->data_santri()
 7 SYSTEMPATH\CodeIgniter.php(457): CodeIgniter\CodeIgniter->runController(Object(App\Controllers\Admin))
 8 SYSTEMPATH\CodeIgniter.php(340): CodeIgniter\CodeIgniter->handleRequest(null, Object(Config\Cache), false)
 9 FCPATH\index.php(67): CodeIgniter\CodeIgniter->run()
10 SYSTEMPATH\Commands\Server\rewrite.php(46): require_once('FCPATH\\index.php')
CRITICAL - 2022-11-29 02:34:23 --> Undefined variable: title
in APPPATH\Views\layout\index.php on line 12.
 1 APPPATH\Views\layout\index.php(12): CodeIgniter\Debug\Exceptions->errorHandler(8, 'Undefined variable: title', 'APPPATH\\Views\\layout\\index.php', 12, [...])
 2 SYSTEMPATH\View\View.php(213): include('APPPATH\\Views\\layout\\index.php')
 3 SYSTEMPATH\View\View.php(216): CodeIgniter\View\View->CodeIgniter\View\{closure}()
 4 SYSTEMPATH\View\View.php(229): CodeIgniter\View\View->render('layout/index', [], true)
 5 SYSTEMPATH\Common.php(1142): CodeIgniter\View\View->render('admin/detail', [], true)
 6 APPPATH\Controllers\Admin.php(53): view('admin/detail', [...])
 7 SYSTEMPATH\CodeIgniter.php(902): App\Controllers\Admin->detail('1')
 8 SYSTEMPATH\CodeIgniter.php(457): CodeIgniter\CodeIgniter->runController(Object(App\Controllers\Admin))
 9 SYSTEMPATH\CodeIgniter.php(340): CodeIgniter\CodeIgniter->handleRequest(null, Object(Config\Cache), false)
10 FCPATH\index.php(67): CodeIgniter\CodeIgniter->run()
11 SYSTEMPATH\Commands\Server\rewrite.php(46): require_once('FCPATH\\index.php')
CRITICAL - 2022-11-29 13:58:12 --> syntax error, unexpected ';', expecting ']'
in APPPATH\Controllers\Admin.php on line 68.
 1 SYSTEMPATH\Autoloader\Autoloader.php(259): CodeIgniter\Autoloader\Autoloader->includeFile('APPPATH\\Controllers\\Admin.php')
 2 SYSTEMPATH\Autoloader\Autoloader.php(237): CodeIgniter\Autoloader\Autoloader->loadInNamespace('App\\Controllers\\Admin')
 3 [internal function]: CodeIgniter\Autoloader\Autoloader->loadClass('App\\Controllers\\Admin')
 4 [internal function]: spl_autoload_call('App\\Controllers\\Admin')
 5 SYSTEMPATH\CodeIgniter.php(852): class_exists('\\App\\Controllers\\Admin', true)
 6 SYSTEMPATH\CodeIgniter.php(444): CodeIgniter\CodeIgniter->startController()
 7 SYSTEMPATH\CodeIgniter.php(340): CodeIgniter\CodeIgniter->handleRequest(null, Object(Config\Cache), false)
 8 FCPATH\index.php(67): CodeIgniter\CodeIgniter->run()
 9 SYSTEMPATH\Commands\Server\rewrite.php(46): require_once('FCPATH\\index.php')
CRITICAL - 2022-11-29 14:07:34 --> You do not have sufficient permissions to access that page.
in VENDORPATH\myth\auth\src\Filters\RoleFilter.php on line 45.
 1 SYSTEMPATH\Filters\Filters.php(173): Myth\Auth\Filters\RoleFilter->before(Object(CodeIgniter\HTTP\IncomingRequest), [...])
 2 SYSTEMPATH\CodeIgniter.php(431): CodeIgniter\Filters\Filters->run('user/edit_profile', 'before')
 3 SYSTEMPATH\CodeIgniter.php(340): CodeIgniter\CodeIgniter->handleRequest(null, Object(Config\Cache), false)
 4 FCPATH\index.php(67): CodeIgniter\CodeIgniter->run()
 5 SYSTEMPATH\Commands\Server\rewrite.php(46): require_once('FCPATH\\index.php')
CRITICAL - 2022-11-29 14:07:39 --> You do not have sufficient permissions to access that page.
in VENDORPATH\myth\auth\src\Filters\RoleFilter.php on line 45.
 1 SYSTEMPATH\Filters\Filters.php(173): Myth\Auth\Filters\RoleFilter->before(Object(CodeIgniter\HTTP\IncomingRequest), [...])
 2 SYSTEMPATH\CodeIgniter.php(431): CodeIgniter\Filters\Filters->run('user/edit_profile', 'before')
 3 SYSTEMPATH\CodeIgniter.php(340): CodeIgniter\CodeIgniter->handleRequest(null, Object(Config\Cache), false)
 4 FCPATH\index.php(67): CodeIgniter\CodeIgniter->run()
 5 SYSTEMPATH\Commands\Server\rewrite.php(46): require_once('FCPATH\\index.php')
CRITICAL - 2022-11-29 14:08:08 --> You do not have sufficient permissions to access that page.
in VENDORPATH\myth\auth\src\Filters\RoleFilter.php on line 45.
 1 SYSTEMPATH\Filters\Filters.php(173): Myth\Auth\Filters\RoleFilter->before(Object(CodeIgniter\HTTP\IncomingRequest), [...])
 2 SYSTEMPATH\CodeIgniter.php(431): CodeIgniter\Filters\Filters->run('user/edit_profile', 'before')
 3 SYSTEMPATH\CodeIgniter.php(340): CodeIgniter\CodeIgniter->handleRequest(null, Object(Config\Cache), false)
 4 FCPATH\index.php(67): CodeIgniter\CodeIgniter->run()
 5 SYSTEMPATH\Commands\Server\rewrite.php(46): require_once('FCPATH\\index.php')
CRITICAL - 2022-11-29 14:08:12 --> You do not have sufficient permissions to access that page.
in VENDORPATH\myth\auth\src\Filters\RoleFilter.php on line 45.
 1 SYSTEMPATH\Filters\Filters.php(173): Myth\Auth\Filters\RoleFilter->before(Object(CodeIgniter\HTTP\IncomingRequest), [...])
 2 SYSTEMPATH\CodeIgniter.php(431): CodeIgniter\Filters\Filters->run('user/edit_profile', 'before')
 3 SYSTEMPATH\CodeIgniter.php(340): CodeIgniter\CodeIgniter->handleRequest(null, Object(Config\Cache), false)
 4 FCPATH\index.php(67): CodeIgniter\CodeIgniter->run()
 5 SYSTEMPATH\Commands\Server\rewrite.php(46): require_once('FCPATH\\index.php')
CRITICAL - 2022-11-29 14:08:32 --> You do not have sufficient permissions to access that page.
in VENDORPATH\myth\auth\src\Filters\RoleFilter.php on line 45.
 1 SYSTEMPATH\Filters\Filters.php(173): Myth\Auth\Filters\RoleFilter->before(Object(CodeIgniter\HTTP\IncomingRequest), [...])
 2 SYSTEMPATH\CodeIgniter.php(431): CodeIgniter\Filters\Filters->run('user/edit_profile', 'before')
 3 SYSTEMPATH\CodeIgniter.php(340): CodeIgniter\CodeIgniter->handleRequest(null, Object(Config\Cache), false)
 4 FCPATH\index.php(67): CodeIgniter\CodeIgniter->run()
 5 SYSTEMPATH\Commands\Server\rewrite.php(46): require_once('FCPATH\\index.php')
CRITICAL - 2022-11-29 14:12:32 --> Undefined variable: user
in APPPATH\Views\user\index.php on line 25.
 1 APPPATH\Views\user\index.php(25): CodeIgniter\Debug\Exceptions->errorHandler(8, 'Undefined variable: user', 'APPPATH\\Views\\user\\index.php', 25, [...])
 2 SYSTEMPATH\View\View.php(213): include('APPPATH\\Views\\user\\index.php')
 3 SYSTEMPATH\View\View.php(216): CodeIgniter\View\View->CodeIgniter\View\{closure}()
 4 SYSTEMPATH\Common.php(1142): CodeIgniter\View\View->render('/user/index', [], true)
 5 APPPATH\Controllers\User.php(14): view('/user/index', [...])
 6 SYSTEMPATH\CodeIgniter.php(902): App\Controllers\User->index()
 7 SYSTEMPATH\CodeIgniter.php(457): CodeIgniter\CodeIgniter->runController(Object(App\Controllers\User))
 8 SYSTEMPATH\CodeIgniter.php(340): CodeIgniter\CodeIgniter->handleRequest(null, Object(Config\Cache), false)
 9 FCPATH\index.php(67): CodeIgniter\CodeIgniter->run()
10 SYSTEMPATH\Commands\Server\rewrite.php(46): require_once('FCPATH\\index.php')
CRITICAL - 2022-11-29 14:15:32 --> Trying to get property 'fullname' of non-object
in APPPATH\Views\user\index.php on line 25.
 1 APPPATH\Views\user\index.php(25): CodeIgniter\Debug\Exceptions->errorHandler(8, 'Trying to get property \'fullname\' of non-object', 'APPPATH\\Views\\user\\index.php', 25, [...])
 2 SYSTEMPATH\View\View.php(213): include('APPPATH\\Views\\user\\index.php')
 3 SYSTEMPATH\View\View.php(216): CodeIgniter\View\View->CodeIgniter\View\{closure}()
 4 SYSTEMPATH\Common.php(1142): CodeIgniter\View\View->render('/user/index', [], true)
 5 APPPATH\Controllers\User.php(22): view('/user/index', [...])
 6 SYSTEMPATH\CodeIgniter.php(902): App\Controllers\User->index()
 7 SYSTEMPATH\CodeIgniter.php(457): CodeIgniter\CodeIgniter->runController(Object(App\Controllers\User))
 8 SYSTEMPATH\CodeIgniter.php(340): CodeIgniter\CodeIgniter->handleRequest(null, Object(Config\Cache), false)
 9 FCPATH\index.php(67): CodeIgniter\CodeIgniter->run()
10 SYSTEMPATH\Commands\Server\rewrite.php(46): require_once('FCPATH\\index.php')
CRITICAL - 2022-11-29 14:25:07 --> Undefined variable: user
in APPPATH\Views\user\index.php on line 25.
 1 APPPATH\Views\user\index.php(25): CodeIgniter\Debug\Exceptions->errorHandler(8, 'Undefined variable: user', 'APPPATH\\Views\\user\\index.php', 25, [...])
 2 SYSTEMPATH\View\View.php(213): include('APPPATH\\Views\\user\\index.php')
 3 SYSTEMPATH\View\View.php(216): CodeIgniter\View\View->CodeIgniter\View\{closure}()
 4 SYSTEMPATH\Common.php(1142): CodeIgniter\View\View->render('/user/index', [], true)
 5 APPPATH\Controllers\User.php(14): view('/user/index', [...])
 6 SYSTEMPATH\CodeIgniter.php(902): App\Controllers\User->index()
 7 SYSTEMPATH\CodeIgniter.php(457): CodeIgniter\CodeIgniter->runController(Object(App\Controllers\User))
 8 SYSTEMPATH\CodeIgniter.php(340): CodeIgniter\CodeIgniter->handleRequest(null, Object(Config\Cache), false)
 9 FCPATH\index.php(67): CodeIgniter\CodeIgniter->run()
10 SYSTEMPATH\Commands\Server\rewrite.php(46): require_once('FCPATH\\index.php')
CRITICAL - 2022-11-29 14:25:47 --> Undefined variable: user
in APPPATH\Views\user\index.php on line 48.
 1 APPPATH\Views\user\index.php(48): CodeIgniter\Debug\Exceptions->errorHandler(8, 'Undefined variable: user', 'APPPATH\\Views\\user\\index.php', 48, [...])
 2 SYSTEMPATH\View\View.php(213): include('APPPATH\\Views\\user\\index.php')
 3 SYSTEMPATH\View\View.php(216): CodeIgniter\View\View->CodeIgniter\View\{closure}()
 4 SYSTEMPATH\Common.php(1142): CodeIgniter\View\View->render('/user/index', [], true)
 5 APPPATH\Controllers\User.php(14): view('/user/index', [...])
 6 SYSTEMPATH\CodeIgniter.php(902): App\Controllers\User->index()
 7 SYSTEMPATH\CodeIgniter.php(457): CodeIgniter\CodeIgniter->runController(Object(App\Controllers\User))
 8 SYSTEMPATH\CodeIgniter.php(340): CodeIgniter\CodeIgniter->handleRequest(null, Object(Config\Cache), false)
 9 FCPATH\index.php(67): CodeIgniter\CodeIgniter->run()
10 SYSTEMPATH\Commands\Server\rewrite.php(46): require_once('FCPATH\\index.php')
CRITICAL - 2022-11-29 21:24:48 --> Undefined property: App\Controllers\Admin::$model
in APPPATH\Controllers\Admin.php on line 78.
 1 APPPATH\Controllers\Admin.php(78): CodeIgniter\Debug\Exceptions->errorHandler(8, 'Undefined property: App\\Controllers\\Admin::$model', 'APPPATH\\Controllers\\Admin.php', 78, [...])
 2 SYSTEMPATH\CodeIgniter.php(902): App\Controllers\Admin->save()
 3 SYSTEMPATH\CodeIgniter.php(457): CodeIgniter\CodeIgniter->runController(Object(App\Controllers\Admin))
 4 SYSTEMPATH\CodeIgniter.php(340): CodeIgniter\CodeIgniter->handleRequest(null, Object(Config\Cache), false)
 5 FCPATH\index.php(67): CodeIgniter\CodeIgniter->run()
 6 SYSTEMPATH\Commands\Server\rewrite.php(46): require_once('FCPATH\\index.php')
CRITICAL - 2022-11-29 21:25:21 --> Class 'App\Controllers\Model_Admin' not found
in APPPATH\Controllers\Admin.php on line 64.
 1 SYSTEMPATH\CodeIgniter.php(902): App\Controllers\Admin->save()
 2 SYSTEMPATH\CodeIgniter.php(457): CodeIgniter\CodeIgniter->runController(Object(App\Controllers\Admin))
 3 SYSTEMPATH\CodeIgniter.php(340): CodeIgniter\CodeIgniter->handleRequest(null, Object(Config\Cache), false)
 4 FCPATH\index.php(67): CodeIgniter\CodeIgniter->run()
 5 SYSTEMPATH\Commands\Server\rewrite.php(46): require_once('FCPATH\\index.php')
CRITICAL - 2022-11-29 21:28:09 --> Class 'App\Models\Model_Admin' not found
in APPPATH\Controllers\Admin.php on line 66.
 1 SYSTEMPATH\CodeIgniter.php(902): App\Controllers\Admin->save()
 2 SYSTEMPATH\CodeIgniter.php(457): CodeIgniter\CodeIgniter->runController(Object(App\Controllers\Admin))
 3 SYSTEMPATH\CodeIgniter.php(340): CodeIgniter\CodeIgniter->handleRequest(null, Object(Config\Cache), false)
 4 FCPATH\index.php(67): CodeIgniter\CodeIgniter->run()
 5 SYSTEMPATH\Commands\Server\rewrite.php(46): require_once('FCPATH\\index.php')
CRITICAL - 2022-11-29 21:31:29 --> Undefined property: App\Controllers\Admin::$model
in APPPATH\Controllers\Admin.php on line 80.
 1 APPPATH\Controllers\Admin.php(80): CodeIgniter\Debug\Exceptions->errorHandler(8, 'Undefined property: App\\Controllers\\Admin::$model', 'APPPATH\\Controllers\\Admin.php', 80, [...])
 2 SYSTEMPATH\CodeIgniter.php(902): App\Controllers\Admin->save()
 3 SYSTEMPATH\CodeIgniter.php(457): CodeIgniter\CodeIgniter->runController(Object(App\Controllers\Admin))
 4 SYSTEMPATH\CodeIgniter.php(340): CodeIgniter\CodeIgniter->handleRequest(null, Object(Config\Cache), false)
 5 FCPATH\index.php(67): CodeIgniter\CodeIgniter->run()
 6 SYSTEMPATH\Commands\Server\rewrite.php(46): require_once('FCPATH\\index.php')
CRITICAL - 2022-11-29 21:32:11 --> Undefined property: App\Controllers\Admin::$model
in APPPATH\Controllers\Admin.php on line 80.
 1 APPPATH\Controllers\Admin.php(80): CodeIgniter\Debug\Exceptions->errorHandler(8, 'Undefined property: App\\Controllers\\Admin::$model', 'APPPATH\\Controllers\\Admin.php', 80, [...])
 2 SYSTEMPATH\CodeIgniter.php(902): App\Controllers\Admin->save()
 3 SYSTEMPATH\CodeIgniter.php(457): CodeIgniter\CodeIgniter->runController(Object(App\Controllers\Admin))
 4 SYSTEMPATH\CodeIgniter.php(340): CodeIgniter\CodeIgniter->handleRequest(null, Object(Config\Cache), false)
 5 FCPATH\index.php(67): CodeIgniter\CodeIgniter->run()
 6 SYSTEMPATH\Commands\Server\rewrite.php(46): require_once('FCPATH\\index.php')
ERROR - 2022-11-29 21:33:19 --> mysqli_sql_exception: Duplicate entry 'tric201@gmail.com' for key 'email' in C:\xampp\htdocs\tugas_akhir\vendor\codeigniter4\framework\system\Database\MySQLi\Connection.php:292
Stack trace:
#0 C:\xampp\htdocs\tugas_akhir\vendor\codeigniter4\framework\system\Database\MySQLi\Connection.php(292): mysqli->query('INSERT INTO `us...', 0)
#1 C:\xampp\htdocs\tugas_akhir\vendor\codeigniter4\framework\system\Database\BaseConnection.php(693): CodeIgniter\Database\MySQLi\Connection->execute('INSERT INTO `us...')
#2 C:\xampp\htdocs\tugas_akhir\vendor\codeigniter4\framework\system\Database\BaseConnection.php(620): CodeIgniter\Database\BaseConnection->simpleQuery('INSERT INTO `us...')
#3 C:\xampp\htdocs\tugas_akhir\vendor\codeigniter4\framework\system\Database\BaseBuilder.php(1916): CodeIgniter\Database\BaseConnection->query('INSERT INTO `us...', Array, false)
#4 C:\xampp\htdocs\tugas_akhir\app\Models\Model_Admin.php(14): CodeIgniter\Database\BaseBuilder->insert(Array)
#5 C:\xampp\htdocs\tugas_akhir\app\Controllers\Admin.php(80): App\Models\Model_Admin->Tambah(Array)
#6 C:\xampp\htdocs\tugas_akhir\vendor\codeigniter4\framework\system\CodeIgniter.php(902): App\Controllers\Admin->save()
#7 C:\xampp\htdocs\tugas_akhir\vendor\codeigniter4\framework\system\CodeIgniter.php(457): CodeIgniter\CodeIgniter->runController(Object(App\Controllers\Admin))
#8 C:\xampp\htdocs\tugas_akhir\vendor\codeigniter4\framework\system\CodeIgniter.php(340): CodeIgniter\CodeIgniter->handleRequest(NULL, Object(Config\Cache), false)
#9 C:\xampp\htdocs\tugas_akhir\public\index.php(67): CodeIgniter\CodeIgniter->run()
#10 C:\xampp\htdocs\tugas_akhir\vendor\codeigniter4\framework\system\Commands\Server\rewrite.php(46): require_once('C:\\xampp\\htdocs...')
#11 {main}
CRITICAL - 2022-11-29 21:33:19 --> Duplicate entry 'tric201@gmail.com' for key 'email'
in SYSTEMPATH\Database\MySQLi\Connection.php on line 292.
 1 SYSTEMPATH\Database\MySQLi\Connection.php(292): mysqli->query('INSERT INTO `users` (`username`, `fullname`, `no_telp`, `email`, `jk`, `kamar`, `thn_masuk`, `wali`, `no_wali`) VALUES (\'1461800221\', NULL, NULL, \'tric201@gmail.com\', NULL, \'19\', NULL, \'qwerty\', \'082331203169\')', 0)
 2 SYSTEMPATH\Database\BaseConnection.php(693): CodeIgniter\Database\MySQLi\Connection->execute('INSERT INTO `users` (`username`, `fullname`, `no_telp`, `email`, `jk`, `kamar`, `thn_masuk`, `wali`, `no_wali`) VALUES (\'1461800221\', NULL, NULL, \'tric201@gmail.com\', NULL, \'19\', NULL, \'qwerty\', \'082331203169\')')
 3 SYSTEMPATH\Database\BaseConnection.php(620): CodeIgniter\Database\BaseConnection->simpleQuery('INSERT INTO `users` (`username`, `fullname`, `no_telp`, `email`, `jk`, `kamar`, `thn_masuk`, `wali`, `no_wali`) VALUES (\'1461800221\', NULL, NULL, \'tric201@gmail.com\', NULL, \'19\', NULL, \'qwerty\', \'082331203169\')')
 4 SYSTEMPATH\Database\BaseBuilder.php(1916): CodeIgniter\Database\BaseConnection->query('INSERT INTO `users` (`username`, `fullname`, `no_telp`, `email`, `jk`, `kamar`, `thn_masuk`, `wali`, `no_wali`) VALUES (:username:, :fullname:, :no_telp:, :email:, :jk:, :kamar:, :thn_masuk:, :wali:, :no_wali:)', [...], false)
 5 APPPATH\Models\Model_Admin.php(14): CodeIgniter\Database\BaseBuilder->insert([...])
 6 APPPATH\Controllers\Admin.php(80): App\Models\Model_Admin->Tambah([...])
 7 SYSTEMPATH\CodeIgniter.php(902): App\Controllers\Admin->save()
 8 SYSTEMPATH\CodeIgniter.php(457): CodeIgniter\CodeIgniter->runController(Object(App\Controllers\Admin))
 9 SYSTEMPATH\CodeIgniter.php(340): CodeIgniter\CodeIgniter->handleRequest(null, Object(Config\Cache), false)
10 FCPATH\index.php(67): CodeIgniter\CodeIgniter->run()
11 SYSTEMPATH\Commands\Server\rewrite.php(46): require_once('FCPATH\\index.php')
ERROR - 2022-11-29 21:35:06 --> mysqli_sql_exception: Duplicate entry 'tric@gmail.com' for key 'email' in C:\xampp\htdocs\tugas_akhir\vendor\codeigniter4\framework\system\Database\MySQLi\Connection.php:292
Stack trace:
#0 C:\xampp\htdocs\tugas_akhir\vendor\codeigniter4\framework\system\Database\MySQLi\Connection.php(292): mysqli->query('INSERT INTO `us...', 0)
#1 C:\xampp\htdocs\tugas_akhir\vendor\codeigniter4\framework\system\Database\BaseConnection.php(693): CodeIgniter\Database\MySQLi\Connection->execute('INSERT INTO `us...')
#2 C:\xampp\htdocs\tugas_akhir\vendor\codeigniter4\framework\system\Database\BaseConnection.php(620): CodeIgniter\Database\BaseConnection->simpleQuery('INSERT INTO `us...')
#3 C:\xampp\htdocs\tugas_akhir\vendor\codeigniter4\framework\system\Database\BaseBuilder.php(1916): CodeIgniter\Database\BaseConnection->query('INSERT INTO `us...', Array, false)
#4 C:\xampp\htdocs\tugas_akhir\app\Models\Model_Admin.php(14): CodeIgniter\Database\BaseBuilder->insert(Array)
#5 C:\xampp\htdocs\tugas_akhir\app\Controllers\Admin.php(80): App\Models\Model_Admin->Tambah(Array)
#6 C:\xampp\htdocs\tugas_akhir\vendor\codeigniter4\framework\system\CodeIgniter.php(902): App\Controllers\Admin->save()
#7 C:\xampp\htdocs\tugas_akhir\vendor\codeigniter4\framework\system\CodeIgniter.php(457): CodeIgniter\CodeIgniter->runController(Object(App\Controllers\Admin))
#8 C:\xampp\htdocs\tugas_akhir\vendor\codeigniter4\framework\system\CodeIgniter.php(340): CodeIgniter\CodeIgniter->handleRequest(NULL, Object(Config\Cache), false)
#9 C:\xampp\htdocs\tugas_akhir\public\index.php(67): CodeIgniter\CodeIgniter->run()
#10 C:\xampp\htdocs\tugas_akhir\vendor\codeigniter4\framework\system\Commands\Server\rewrite.php(46): require_once('C:\\xampp\\htdocs...')
#11 {main}
CRITICAL - 2022-11-29 21:35:06 --> Duplicate entry 'tric@gmail.com' for key 'email'
in SYSTEMPATH\Database\MySQLi\Connection.php on line 292.
 1 SYSTEMPATH\Database\MySQLi\Connection.php(292): mysqli->query('INSERT INTO `users` (`username`, `fullname`, `no_telp`, `email`, `jk`, `kamar`, `thn_masuk`, `wali`, `no_wali`) VALUES (\'1461800221\', NULL, NULL, \'tric@gmail.com\', NULL, \'19\', NULL, \'qwerty\', \'082331203169\')', 0)
 2 SYSTEMPATH\Database\BaseConnection.php(693): CodeIgniter\Database\MySQLi\Connection->execute('INSERT INTO `users` (`username`, `fullname`, `no_telp`, `email`, `jk`, `kamar`, `thn_masuk`, `wali`, `no_wali`) VALUES (\'1461800221\', NULL, NULL, \'tric@gmail.com\', NULL, \'19\', NULL, \'qwerty\', \'082331203169\')')
 3 SYSTEMPATH\Database\BaseConnection.php(620): CodeIgniter\Database\BaseConnection->simpleQuery('INSERT INTO `users` (`username`, `fullname`, `no_telp`, `email`, `jk`, `kamar`, `thn_masuk`, `wali`, `no_wali`) VALUES (\'1461800221\', NULL, NULL, \'tric@gmail.com\', NULL, \'19\', NULL, \'qwerty\', \'082331203169\')')
 4 SYSTEMPATH\Database\BaseBuilder.php(1916): CodeIgniter\Database\BaseConnection->query('INSERT INTO `users` (`username`, `fullname`, `no_telp`, `email`, `jk`, `kamar`, `thn_masuk`, `wali`, `no_wali`) VALUES (:username:, :fullname:, :no_telp:, :email:, :jk:, :kamar:, :thn_masuk:, :wali:, :no_wali:)', [...], false)
 5 APPPATH\Models\Model_Admin.php(14): CodeIgniter\Database\BaseBuilder->insert([...])
 6 APPPATH\Controllers\Admin.php(80): App\Models\Model_Admin->Tambah([...])
 7 SYSTEMPATH\CodeIgniter.php(902): App\Controllers\Admin->save()
 8 SYSTEMPATH\CodeIgniter.php(457): CodeIgniter\CodeIgniter->runController(Object(App\Controllers\Admin))
 9 SYSTEMPATH\CodeIgniter.php(340): CodeIgniter\CodeIgniter->handleRequest(null, Object(Config\Cache), false)
10 FCPATH\index.php(67): CodeIgniter\CodeIgniter->run()
11 SYSTEMPATH\Commands\Server\rewrite.php(46): require_once('FCPATH\\index.php')
CRITICAL - 2022-11-29 22:50:12 --> Call to a member function join() on null
in APPPATH\Models\Model_Admin.php on line 14.
 1 APPPATH\Controllers\Admin.php(82): App\Models\Model_Admin->Tambah([...])
 2 SYSTEMPATH\CodeIgniter.php(902): App\Controllers\Admin->save()
 3 SYSTEMPATH\CodeIgniter.php(457): CodeIgniter\CodeIgniter->runController(Object(App\Controllers\Admin))
 4 SYSTEMPATH\CodeIgniter.php(340): CodeIgniter\CodeIgniter->handleRequest(null, Object(Config\Cache), false)
 5 FCPATH\index.php(67): CodeIgniter\CodeIgniter->run()
 6 SYSTEMPATH\Commands\Server\rewrite.php(46): require_once('FCPATH\\index.php')
ERROR - 2022-11-29 22:59:08 --> mysqli_sql_exception: Duplicate entry 'asdasd@mine' for key 'email' in C:\xampp\htdocs\tugas_akhir\vendor\codeigniter4\framework\system\Database\MySQLi\Connection.php:292
Stack trace:
#0 C:\xampp\htdocs\tugas_akhir\vendor\codeigniter4\framework\system\Database\MySQLi\Connection.php(292): mysqli->query('INSERT INTO `us...', 0)
#1 C:\xampp\htdocs\tugas_akhir\vendor\codeigniter4\framework\system\Database\BaseConnection.php(693): CodeIgniter\Database\MySQLi\Connection->execute('INSERT INTO `us...')
#2 C:\xampp\htdocs\tugas_akhir\vendor\codeigniter4\framework\system\Database\BaseConnection.php(620): CodeIgniter\Database\BaseConnection->simpleQuery('INSERT INTO `us...')
#3 C:\xampp\htdocs\tugas_akhir\vendor\codeigniter4\framework\system\Database\BaseBuilder.php(1916): CodeIgniter\Database\BaseConnection->query('INSERT INTO `us...', Array, false)
#4 C:\xampp\htdocs\tugas_akhir\app\Models\Model_Admin.php(14): CodeIgniter\Database\BaseBuilder->insert(Array)
#5 C:\xampp\htdocs\tugas_akhir\app\Controllers\Admin.php(85): App\Models\Model_Admin->Tambah(Array)
#6 C:\xampp\htdocs\tugas_akhir\vendor\codeigniter4\framework\system\CodeIgniter.php(902): App\Controllers\Admin->save()
#7 C:\xampp\htdocs\tugas_akhir\vendor\codeigniter4\framework\system\CodeIgniter.php(457): CodeIgniter\CodeIgniter->runController(Object(App\Controllers\Admin))
#8 C:\xampp\htdocs\tugas_akhir\vendor\codeigniter4\framework\system\CodeIgniter.php(340): CodeIgniter\CodeIgniter->handleRequest(NULL, Object(Config\Cache), false)
#9 C:\xampp\htdocs\tugas_akhir\public\index.php(67): CodeIgniter\CodeIgniter->run()
#10 C:\xampp\htdocs\tugas_akhir\vendor\codeigniter4\framework\system\Commands\Server\rewrite.php(46): require_once('C:\\xampp\\htdocs...')
#11 {main}
CRITICAL - 2022-11-29 22:59:08 --> Duplicate entry 'asdasd@mine' for key 'email'
in SYSTEMPATH\Database\MySQLi\Connection.php on line 292.
 1 SYSTEMPATH\Database\MySQLi\Connection.php(292): mysqli->query('INSERT INTO `users` (`fullname`, `no_telp`, `email`, `jk`, `kamar`, `thn_masuk`, `wali`, `no_wali`, `password_hash`, `created_at`) VALUES (\'fasf\', \'082331203169\', \'asdasd@mine\', NULL, NULL, \'2021\', \'sadasd\', \'082331203169\', \'$2y$10$VmiCFM8elgi8abYLiWs6Veq.JEegD6E9.dwlvTCdh70fOXBaItIt6\', NULL)', 0)
 2 SYSTEMPATH\Database\BaseConnection.php(693): CodeIgniter\Database\MySQLi\Connection->execute('INSERT INTO `users` (`fullname`, `no_telp`, `email`, `jk`, `kamar`, `thn_masuk`, `wali`, `no_wali`, `password_hash`, `created_at`) VALUES (\'fasf\', \'082331203169\', \'asdasd@mine\', NULL, NULL, \'2021\', \'sadasd\', \'082331203169\', \'$2y$10$VmiCFM8elgi8abYLiWs6Veq.JEegD6E9.dwlvTCdh70fOXBaItIt6\', NULL)')
 3 SYSTEMPATH\Database\BaseConnection.php(620): CodeIgniter\Database\BaseConnection->simpleQuery('INSERT INTO `users` (`fullname`, `no_telp`, `email`, `jk`, `kamar`, `thn_masuk`, `wali`, `no_wali`, `password_hash`, `created_at`) VALUES (\'fasf\', \'082331203169\', \'asdasd@mine\', NULL, NULL, \'2021\', \'sadasd\', \'082331203169\', \'$2y$10$VmiCFM8elgi8abYLiWs6Veq.JEegD6E9.dwlvTCdh70fOXBaItIt6\', NULL)')
 4 SYSTEMPATH\Database\BaseBuilder.php(1916): CodeIgniter\Database\BaseConnection->query('INSERT INTO `users` (`fullname`, `no_telp`, `email`, `jk`, `kamar`, `thn_masuk`, `wali`, `no_wali`, `password_hash`, `created_at`) VALUES (:fullname:, :no_telp:, :email:, :jk:, :kamar:, :thn_masuk:, :wali:, :no_wali:, :password_hash:, :created_at:)', [...], false)
 5 APPPATH\Models\Model_Admin.php(14): CodeIgniter\Database\BaseBuilder->insert([...])
 6 APPPATH\Controllers\Admin.php(85): App\Models\Model_Admin->Tambah([...])
 7 SYSTEMPATH\CodeIgniter.php(902): App\Controllers\Admin->save()
 8 SYSTEMPATH\CodeIgniter.php(457): CodeIgniter\CodeIgniter->runController(Object(App\Controllers\Admin))
 9 SYSTEMPATH\CodeIgniter.php(340): CodeIgniter\CodeIgniter->handleRequest(null, Object(Config\Cache), false)
10 FCPATH\index.php(67): CodeIgniter\CodeIgniter->run()
11 SYSTEMPATH\Commands\Server\rewrite.php(46): require_once('FCPATH\\index.php')
CRITICAL - 2022-11-29 23:00:36 --> Undefined variable: kamar
in APPPATH\Controllers\Admin.php on line 76.
 1 APPPATH\Controllers\Admin.php(76): CodeIgniter\Debug\Exceptions->errorHandler(8, 'Undefined variable: kamar', 'APPPATH\\Controllers\\Admin.php', 76, [])
 2 SYSTEMPATH\CodeIgniter.php(902): App\Controllers\Admin->save()
 3 SYSTEMPATH\CodeIgniter.php(457): CodeIgniter\CodeIgniter->runController(Object(App\Controllers\Admin))
 4 SYSTEMPATH\CodeIgniter.php(340): CodeIgniter\CodeIgniter->handleRequest(null, Object(Config\Cache), false)
 5 FCPATH\index.php(67): CodeIgniter\CodeIgniter->run()
 6 SYSTEMPATH\Commands\Server\rewrite.php(46): require_once('FCPATH\\index.php')
CRITICAL - 2022-11-29 23:02:55 --> Undefined variable: gender
in APPPATH\Views\admin\detail.php on line 49.
 1 APPPATH\Views\admin\detail.php(49): CodeIgniter\Debug\Exceptions->errorHandler(8, 'Undefined variable: gender', 'APPPATH\\Views\\admin\\detail.php', 49, [...])
 2 SYSTEMPATH\View\View.php(213): include('APPPATH\\Views\\admin\\detail.php')
 3 SYSTEMPATH\View\View.php(216): CodeIgniter\View\View->CodeIgniter\View\{closure}()
 4 SYSTEMPATH\Common.php(1142): CodeIgniter\View\View->render('admin/detail', [], true)
 5 APPPATH\Controllers\Admin.php(56): view('admin/detail', [...])
 6 SYSTEMPATH\CodeIgniter.php(902): App\Controllers\Admin->detail('17')
 7 SYSTEMPATH\CodeIgniter.php(457): CodeIgniter\CodeIgniter->runController(Object(App\Controllers\Admin))
 8 SYSTEMPATH\CodeIgniter.php(340): CodeIgniter\CodeIgniter->handleRequest(null, Object(Config\Cache), false)
 9 FCPATH\index.php(67): CodeIgniter\CodeIgniter->run()
10 SYSTEMPATH\Commands\Server\rewrite.php(46): require_once('FCPATH\\index.php')
CRITICAL - 2022-11-29 23:53:42 --> Undefined property: CodeIgniter\Database\MySQLi\Builder::$sex
in APPPATH\Controllers\Admin.php on line 73.
 1 APPPATH\Controllers\Admin.php(73): CodeIgniter\Debug\Exceptions->errorHandler(8, 'Undefined property: CodeIgniter\\Database\\MySQLi\\Builder::$sex', 'APPPATH\\Controllers\\Admin.php', 73, [])
 2 SYSTEMPATH\CodeIgniter.php(902): App\Controllers\Admin->save()
 3 SYSTEMPATH\CodeIgniter.php(457): CodeIgniter\CodeIgniter->runController(Object(App\Controllers\Admin))
 4 SYSTEMPATH\CodeIgniter.php(340): CodeIgniter\CodeIgniter->handleRequest(null, Object(Config\Cache), false)
 5 FCPATH\index.php(67): CodeIgniter\CodeIgniter->run()
 6 SYSTEMPATH\Commands\Server\rewrite.php(46): require_once('FCPATH\\index.php')
CRITICAL - 2022-11-29 23:54:59 --> preg_match_all() expects parameter 2 to be string, object given
in SYSTEMPATH\HTTP\RequestTrait.php on line 254.
 1 [internal function]: CodeIgniter\Debug\Exceptions->errorHandler(2, 'preg_match_all() expects parameter 2 to be string, object given', 'SYSTEMPATH\\HTTP\\RequestTrait.php', 254, [...])
 2 SYSTEMPATH\HTTP\RequestTrait.php(254): preg_match_all('/(?:^[^\\[]+)|\\[[^]]*\\]/', Object(CodeIgniter\Database\MySQLi\Builder), null)
 3 SYSTEMPATH\HTTP\IncomingRequest.php(602): CodeIgniter\HTTP\Request->fetchGlobal('post', Object(CodeIgniter\Database\MySQLi\Builder), 516, 0)
 4 APPPATH\Controllers\Admin.php(73): CodeIgniter\HTTP\IncomingRequest->getPost(Object(CodeIgniter\Database\MySQLi\Builder))
 5 SYSTEMPATH\CodeIgniter.php(902): App\Controllers\Admin->save()
 6 SYSTEMPATH\CodeIgniter.php(457): CodeIgniter\CodeIgniter->runController(Object(App\Controllers\Admin))
 7 SYSTEMPATH\CodeIgniter.php(340): CodeIgniter\CodeIgniter->handleRequest(null, Object(Config\Cache), false)
 8 FCPATH\index.php(67): CodeIgniter\CodeIgniter->run()
 9 SYSTEMPATH\Commands\Server\rewrite.php(46): require_once('FCPATH\\index.php')
CRITICAL - 2022-11-29 23:59:28 --> preg_match_all() expects parameter 2 to be string, object given
in SYSTEMPATH\HTTP\RequestTrait.php on line 254.
 1 [internal function]: CodeIgniter\Debug\Exceptions->errorHandler(2, 'preg_match_all() expects parameter 2 to be string, object given', 'SYSTEMPATH\\HTTP\\RequestTrait.php', 254, [...])
 2 SYSTEMPATH\HTTP\RequestTrait.php(254): preg_match_all('/(?:^[^\\[]+)|\\[[^]]*\\]/', Object(CodeIgniter\Database\MySQLi\Builder), null)
 3 SYSTEMPATH\HTTP\IncomingRequest.php(602): CodeIgniter\HTTP\Request->fetchGlobal('post', Object(CodeIgniter\Database\MySQLi\Builder), 516, 0)
 4 APPPATH\Controllers\Admin.php(73): CodeIgniter\HTTP\IncomingRequest->getPost(Object(CodeIgniter\Database\MySQLi\Builder))
 5 SYSTEMPATH\CodeIgniter.php(902): App\Controllers\Admin->save()
 6 SYSTEMPATH\CodeIgniter.php(457): CodeIgniter\CodeIgniter->runController(Object(App\Controllers\Admin))
 7 SYSTEMPATH\CodeIgniter.php(340): CodeIgniter\CodeIgniter->handleRequest(null, Object(Config\Cache), false)
 8 FCPATH\index.php(67): CodeIgniter\CodeIgniter->run()
 9 SYSTEMPATH\Commands\Server\rewrite.php(46): require_once('FCPATH\\index.php')
